SECS Emulator v1.5  2001/09/05
HSMS Communication Started!
HSMS Communication Disconnected!
SECS Emulator v1.5  2001/09/05
HSMS Communication Started!
09:26:09.975: Receive S1F13(0).
00 00 81 0D 00 00 00 00 00 00   01 02 41 10 48 34 5F 33 46 5F   
47 43 50 2D 37 31 32 43 52 42   41 05 31 2E 32 36 43 
S1F13 W
<L[2]
  <A[16] "H4_3F_GCP-712CRB">
  <A[5] "1.26C">
>
.
09:26:09.996: Send S1F14(0).
00 00 01 0E 00 00 00 00 00 00   01 02 21 01 00 01 00 
S1F14
<L[2]
  <B[1] 0x00>
  <L[0]
  >
>
.
09:26:10.027: Receive S1F1(1).
00 00 81 01 00 00 00 00 00 01 
S1F1 W
.
09:26:10.035: Send S1F2(1).
00 00 01 02 00 00 00 00 00 01   01 00 
S1F2
<L[0]
>
.
09:27:36.713: Send S1F1(654979925).
00 00 81 01 00 00 27 0A 33 55 
S1F1 W
.
09:27:36.721: Receive S1F2(654979925).
00 00 01 02 00 00 27 0A 33 55   01 02 41 10 48 34 5F 33 46 5F   
47 43 50 2D 37 31 32 43 52 42   41 05 31 2E 32 36 43 
S1F2
<L[2]
  <A[16] "H4_3F_GCP-712CRB">
  <A[5] "1.26C">
>
.
09:29:27.314: Send S6F23(654979928).
00 00 86 17 00 00 27 0A 33 58   A5 01 00 
S6F23 W
<U1[1] 0>
.
09:29:27.322: Receive S6F24(654979928).
00 00 06 18 00 00 27 0A 33 58   21 01 02 
S6F24
<B[1] 0x02>
.
09:29:27.351: Receive S6F11(5).
00 00 86 0B 00 00 00 00 00 05   01 03 B1 04 00 00 00 00 B1 04   
00 00 00 15 01 00 
S6F11 W
<L[3]
  <U4[1] 0>
  <U4[1] 21>
  <L[0]
  >
>
.
09:29:27.365: Send S6F12(5).
00 00 06 0C 00 00 00 00 00 05   21 01 00 
S6F12
<B[1] 0x00>
.
09:29:32.768: Send S6F23(654979930).
00 00 86 17 00 00 27 0A 33 5A   A5 01 00 
S6F23 W
<U1[1] 0>
.
09:29:32.780: Receive S6F24(654979930).
00 00 06 18 00 00 27 0A 33 5A   21 01 02 
S6F24
<B[1] 0x02>
.
09:29:50.644: Send S6F23(654979931).
00 00 86 17 00 00 27 0A 33 5B   A5 01 01 
S6F23 W
<U1[1] 1>
.
09:29:50.660: Receive S6F24(654979931).
00 00 06 18 00 00 27 0A 33 5B   21 01 02 
S6F24
<B[1] 0x02>
.
09:29:53.612: Send S6F23(654979932).
00 00 86 17 00 00 27 0A 33 5C   A5 01 00 
S6F23 W
<U1[1] 0>
.
09:29:53.630: Receive S6F24(654979932).
00 00 06 18 00 00 27 0A 33 5C   21 01 02 
S6F24
<B[1] 0x02>
.
10:26:08.770: Receive S5F1(62).
00 00 85 01 00 00 00 00 00 3E   01 03 21 01 80 B1 04 00 00 C3   
CD 41 24 31 32 34 3A 4C 6F 61   64 69 6E 67 20 53 61 66 65 74   
79 20 44 6F 6F 72 20 53 65 6E   73 6F 72 20 45 72 72 6F 72 
S5F1 W
<L[3]
  <B[1] 0x80>
  <U4[1] 50125>
  <A[36] "124:Loading Safety Door Sensor Error">
>
.
10:26:08.803: Send S5F2(62).
00 00 05 02 00 00 00 00 00 3E   21 01 00 
S5F2
<B[1] 0x00>
.
10:26:08.819: Receive S6F11(63).
00 00 86 0B 00 00 00 00 00 3F   01 03 B1 04 00 00 00 00 B1 04   
00 00 00 0C 01 01 01 02 B1 04   00 00 00 04 01 03 01 01 B1 04   
00 00 C3 CD B1 04 00 00 C3 CD   41 10 32 30 32 30 30 35 30 35   
31 30 32 35 33 39 37 31 
S6F11 W
<L[3]
  <U4[1] 0>
  <U4[1] 12>
  <L[1]
    <L[2]
      <U4[1] 4>
      <L[3]
        <L[1]
          <U4[1] 50125>
        >
        <U4[1] 50125>
        <A[16] "2020050510253971">
      >
    >
  >
>
.
10:26:08.852: Send S6F12(63).
00 00 06 0C 00 00 00 00 00 3F   21 01 00 
S6F12
<B[1] 0x00>
.
10:26:08.885: Receive S6F11(64).
00 00 86 0B 00 00 00 00 00 40   01 03 B1 04 00 00 00 00 B1 04   
00 00 EA 62 01 01 01 02 B1 04   00 00 EA 62 01 03 41 0C 32 30   
30 35 30 32 31 36 34 38 34 36   A9 02 00 00 A9 02 00 00 
S6F11 W
<L[3]
  <U4[1] 0>
  <U4[1] 60002>
  <L[1]
    <L[2]
      <U4[1] 60002>
      <L[3]
        <A[12] "200502164846">
        <U2[1] 0>
        <U2[1] 0>
      >
    >
  >
>
.
10:26:08.926: Send S6F12(64).
00 00 06 0C 00 00 00 00 00 40   21 01 00 
S6F12
<B[1] 0x00>
.
10:26:08.962: Receive S6F11(66).
00 00 86 0B 00 00 00 00 00 42   01 03 B1 04 00 00 00 00 B1 04   
00 00 EA 6F 01 01 01 02 B1 04   00 00 EA 6F 01 03 41 0C 32 30   
30 35 30 32 31 36 34 38 34 36   A9 02 00 00 A9 02 00 00 
S6F11 W
<L[3]
  <U4[1] 0>
  <U4[1] 60015>
  <L[1]
    <L[2]
      <U4[1] 60015>
      <L[3]
        <A[12] "200502164846">
        <U2[1] 0>
        <U2[1] 0>
      >
    >
  >
>
.
10:26:09.000: Send S6F12(66).
00 00 06 0C 00 00 00 00 00 42   21 01 00 
S6F12
<B[1] 0x00>
.
10:26:09.369: Receive S6F11(67).
00 00 86 0B 00 00 00 00 00 43   01 03 B1 04 00 00 00 00 B1 04   
00 00 EA 6F 01 01 01 02 B1 04   00 00 EA 6F 01 03 41 0C 32 30   
30 35 30 32 31 36 34 38 34 36   A9 02 00 00 A9 02 00 00 
S6F11 W
<L[3]
  <U4[1] 0>
  <U4[1] 60015>
  <L[1]
    <L[2]
      <U4[1] 60015>
      <L[3]
        <A[12] "200502164846">
        <U2[1] 0>
        <U2[1] 0>
      >
    >
  >
>
.
10:26:09.408: Send S6F12(67).
00 00 06 0C 00 00 00 00 00 43   21 01 00 
S6F12
<B[1] 0x00>
.
10:26:09.869: Receive S6F11(68).
00 00 86 0B 00 00 00 00 00 44   01 03 B1 04 00 00 00 00 B1 04   
00 00 EA 6F 01 01 01 02 B1 04   00 00 EA 6F 01 03 41 0C 32 30   
30 35 30 32 31 36 34 38 34 36   A9 02 00 00 A9 02 00 00 
S6F11 W
<L[3]
  <U4[1] 0>
  <U4[1] 60015>
  <L[1]
    <L[2]
      <U4[1] 60015>
      <L[3]
        <A[12] "200502164846">
        <U2[1] 0>
        <U2[1] 0>
      >
    >
  >
>
.
10:26:09.918: Send S6F12(68).
00 00 06 0C 00 00 00 00 00 44   21 01 00 
S6F12
<B[1] 0x00>
.
10:26:10.364: Receive S6F11(69).
00 00 86 0B 00 00 00 00 00 45   01 03 B1 04 00 00 00 00 B1 04   
00 00 EA 6F 01 01 01 02 B1 04   00 00 EA 6F 01 03 41 0C 32 30   
30 35 30 32 31 36 34 38 34 36   A9 02 00 00 A9 02 00 00 
S6F11 W
<L[3]
  <U4[1] 0>
  <U4[1] 60015>
  <L[1]
    <L[2]
      <U4[1] 60015>
      <L[3]
        <A[12] "200502164846">
        <U2[1] 0>
        <U2[1] 0>
      >
    >
  >
>
.
10:26:10.401: Send S6F12(69).
00 00 06 0C 00 00 00 00 00 45   21 01 00 
S6F12
<B[1] 0x00>
.
10:26:10.869: Receive S6F11(70).
00 00 86 0B 00 00 00 00 00 46   01 03 B1 04 00 00 00 00 B1 04   
00 00 EA 6F 01 01 01 02 B1 04   00 00 EA 6F 01 03 41 0C 32 30   
30 35 30 32 31 36 34 38 34 36   A9 02 00 00 A9 02 00 00 
S6F11 W
<L[3]
  <U4[1] 0>
  <U4[1] 60015>
  <L[1]
    <L[2]
      <U4[1] 60015>
      <L[3]
        <A[12] "200502164846">
        <U2[1] 0>
        <U2[1] 0>
      >
    >
  >
>
.
10:26:10.905: Send S6F12(70).
00 00 06 0C 00 00 00 00 00 46   21 01 00 
S6F12
<B[1] 0x00>
.
10:26:11.369: Receive S6F11(71).
00 00 86 0B 00 00 00 00 00 47   01 03 B1 04 00 00 00 00 B1 04   
00 00 EA 6F 01 01 01 02 B1 04   00 00 EA 6F 01 03 41 0C 32 30   
30 35 30 32 31 36 34 38 34 36   A9 02 00 00 A9 02 00 00 
S6F11 W
<L[3]
  <U4[1] 0>
  <U4[1] 60015>
  <L[1]
    <L[2]
      <U4[1] 60015>
      <L[3]
        <A[12] "200502164846">
        <U2[1] 0>
        <U2[1] 0>
      >
    >
  >
>
.
10:26:11.404: Send S6F12(71).
00 00 06 0C 00 00 00 00 00 47   21 01 00 
S6F12
<B[1] 0x00>
.
10:26:11.869: Receive S6F11(72).
00 00 86 0B 00 00 00 00 00 48   01 03 B1 04 00 00 00 00 B1 04   
00 00 EA 6F 01 01 01 02 B1 04   00 00 EA 6F 01 03 41 0C 32 30   
30 35 30 32 31 36 34 38 34 36   A9 02 00 00 A9 02 00 00 
S6F11 W
<L[3]
  <U4[1] 0>
  <U4[1] 60015>
  <L[1]
    <L[2]
      <U4[1] 60015>
      <L[3]
        <A[12] "200502164846">
        <U2[1] 0>
        <U2[1] 0>
      >
    >
  >
>
.
10:26:11.906: Send S6F12(72).
00 00 06 0C 00 00 00 00 00 48   21 01 00 
S6F12
<B[1] 0x00>
.
10:26:12.369: Receive S6F11(73).
00 00 86 0B 00 00 00 00 00 49   01 03 B1 04 00 00 00 00 B1 04   
00 00 EA 6F 01 01 01 02 B1 04   00 00 EA 6F 01 03 41 0C 32 30   
30 35 30 32 31 36 34 38 34 36   A9 02 00 00 A9 02 00 00 
S6F11 W
<L[3]
  <U4[1] 0>
  <U4[1] 60015>
  <L[1]
    <L[2]
      <U4[1] 60015>
      <L[3]
        <A[12] "200502164846">
        <U2[1] 0>
        <U2[1] 0>
      >
    >
  >
>
.
10:26:12.406: Send S6F12(73).
00 00 06 0C 00 00 00 00 00 49   21 01 00 
S6F12
<B[1] 0x00>
.
10:26:12.838: Receive S5F1(74).
00 00 85 01 00 00 00 00 00 4A   01 03 21 01 00 B1 04 00 00 C3   
CD 41 24 31 32 34 3A 4C 6F 61   64 69 6E 67 20 53 61 66 65 74   
79 20 44 6F 6F 72 20 53 65 6E   73 6F 72 20 45 72 72 6F 72 
S5F1 W
<L[3]
  <B[1] 0x00>
  <U4[1] 50125>
  <A[36] "124:Loading Safety Door Sensor Error">
>
.
10:26:12.857: Send S5F2(74).
00 00 05 02 00 00 00 00 00 4A   21 01 00 
S5F2
<B[1] 0x00>
.
10:26:12.891: Receive S6F11(75).
00 00 86 0B 00 00 00 00 00 4B   01 03 B1 04 00 00 00 00 B1 04   
00 00 00 0D 01 01 01 02 B1 04   00 00 00 05 01 03 01 00 B1 04   
00 00 C3 CD 41 10 32 30 32 30   30 35 30 35 31 30 32 35 34 33   
37 38 
S6F11 W
<L[3]
  <U4[1] 0>
  <U4[1] 13>
  <L[1]
    <L[2]
      <U4[1] 5>
      <L[3]
        <L[0]
        >
        <U4[1] 50125>
        <A[16] "2020050510254378">
      >
    >
  >
>
.
10:26:12.926: Send S6F12(75).
00 00 06 0C 00 00 00 00 00 4B   21 01 00 
S6F12
<B[1] 0x00>
.
10:26:12.954: Receive S6F11(76).
00 00 86 0B 00 00 00 00 00 4C   01 03 B1 04 00 00 00 00 B1 04   
00 00 EA 62 01 01 01 02 B1 04   00 00 EA 62 01 03 41 0C 32 30   
30 35 30 32 31 36 34 38 34 36   A9 02 00 00 A9 02 00 00 
S6F11 W
<L[3]
  <U4[1] 0>
  <U4[1] 60002>
  <L[1]
    <L[2]
      <U4[1] 60002>
      <L[3]
        <A[12] "200502164846">
        <U2[1] 0>
        <U2[1] 0>
      >
    >
  >
>
.
10:26:12.985: Send S6F12(76).
00 00 06 0C 00 00 00 00 00 4C   21 01 00 
S6F12
<B[1] 0x00>
.
11:22:39.827: Receive S5F1(133).
00 00 85 01 00 00 00 00 00 85   01 03 21 01 80 B1 04 00 00 C3   
CD 41 24 31 32 34 3A 4C 6F 61   64 69 6E 67 20 53 61 66 65 74   
79 20 44 6F 6F 72 20 53 65 6E   73 6F 72 20 45 72 72 6F 72 
S5F1 W
<L[3]
  <B[1] 0x80>
  <U4[1] 50125>
  <A[36] "124:Loading Safety Door Sensor Error">
>
.
11:22:39.847: Send S5F2(133).
00 00 05 02 00 00 00 00 00 85   21 01 00 
S5F2
<B[1] 0x00>
.
11:22:39.877: Receive S6F11(134).
00 00 86 0B 00 00 00 00 00 86   01 03 B1 04 00 00 00 00 B1 04   
00 00 00 0C 01 01 01 02 B1 04   00 00 00 04 01 03 01 01 B1 04   
00 00 C3 CD B1 04 00 00 C3 CD   41 10 32 30 32 30 30 35 30 35   
31 31 32 32 31 30 39 37 
S6F11 W
<L[3]
  <U4[1] 0>
  <U4[1] 12>
  <L[1]
    <L[2]
      <U4[1] 4>
      <L[3]
        <L[1]
          <U4[1] 50125>
        >
        <U4[1] 50125>
        <A[16] "2020050511221097">
      >
    >
  >
>
.
11:22:39.913: Send S6F12(134).
00 00 06 0C 00 00 00 00 00 86   21 01 00 
S6F12
<B[1] 0x00>
.
11:22:39.948: Receive S6F11(135).
00 00 86 0B 00 00 00 00 00 87   01 03 B1 04 00 00 00 00 B1 04   
00 00 EA 62 01 01 01 02 B1 04   00 00 EA 62 01 03 41 0C 32 30   
30 35 30 32 31 36 34 38 34 36   A9 02 00 00 A9 02 00 00 
S6F11 W
<L[3]
  <U4[1] 0>
  <U4[1] 60002>
  <L[1]
    <L[2]
      <U4[1] 60002>
      <L[3]
        <A[12] "200502164846">
        <U2[1] 0>
        <U2[1] 0>
      >
    >
  >
>
.
11:22:39.979: Send S6F12(135).
00 00 06 0C 00 00 00 00 00 87   21 01 00 
S6F12
<B[1] 0x00>
.
11:22:40.013: Receive S6F11(136).
00 00 86 0B 00 00 00 00 00 88   01 03 B1 04 00 00 00 00 B1 04   
00 00 EA 6F 01 01 01 02 B1 04   00 00 EA 6F 01 03 41 0C 32 30   
30 35 30 32 31 36 34 38 34 36   A9 02 00 00 A9 02 00 00 
S6F11 W
<L[3]
  <U4[1] 0>
  <U4[1] 60015>
  <L[1]
    <L[2]
      <U4[1] 60015>
      <L[3]
        <A[12] "200502164846">
        <U2[1] 0>
        <U2[1] 0>
      >
    >
  >
>
.
11:22:40.046: Send S6F12(136).
00 00 06 0C 00 00 00 00 00 88   21 01 00 
S6F12
<B[1] 0x00>
.
11:22:40.371: Receive S6F11(137).
00 00 86 0B 00 00 00 00 00 89   01 03 B1 04 00 00 00 00 B1 04   
00 00 EA 6F 01 01 01 02 B1 04   00 00 EA 6F 01 03 41 0C 32 30   
30 35 30 32 31 36 34 38 34 36   A9 02 00 00 A9 02 00 00 
S6F11 W
<L[3]
  <U4[1] 0>
  <U4[1] 60015>
  <L[1]
    <L[2]
      <U4[1] 60015>
      <L[3]
        <A[12] "200502164846">
        <U2[1] 0>
        <U2[1] 0>
      >
    >
  >
>
.
11:22:40.408: Send S6F12(137).
00 00 06 0C 00 00 00 00 00 89   21 01 00 
S6F12
<B[1] 0x00>
.
11:22:40.871: Receive S6F11(138).
00 00 86 0B 00 00 00 00 00 8A   01 03 B1 04 00 00 00 00 B1 04   
00 00 EA 6F 01 01 01 02 B1 04   00 00 EA 6F 01 03 41 0C 32 30   
30 35 30 32 31 36 34 38 34 36   A9 02 00 00 A9 02 00 00 
S6F11 W
<L[3]
  <U4[1] 0>
  <U4[1] 60015>
  <L[1]
    <L[2]
      <U4[1] 60015>
      <L[3]
        <A[12] "200502164846">
        <U2[1] 0>
        <U2[1] 0>
      >
    >
  >
>
.
11:22:40.907: Send S6F12(138).
00 00 06 0C 00 00 00 00 00 8A   21 01 00 
S6F12
<B[1] 0x00>
.
11:22:41.376: Receive S6F11(139).
00 00 86 0B 00 00 00 00 00 8B   01 03 B1 04 00 00 00 00 B1 04   
00 00 EA 6F 01 01 01 02 B1 04   00 00 EA 6F 01 03 41 0C 32 30   
30 35 30 32 31 36 34 38 34 36   A9 02 00 00 A9 02 00 00 
S6F11 W
<L[3]
  <U4[1] 0>
  <U4[1] 60015>
  <L[1]
    <L[2]
      <U4[1] 60015>
      <L[3]
        <A[12] "200502164846">
        <U2[1] 0>
        <U2[1] 0>
      >
    >
  >
>
.
11:22:41.412: Send S6F12(139).
00 00 06 0C 00 00 00 00 00 8B   21 01 00 
S6F12
<B[1] 0x00>
.
11:22:41.871: Receive S6F11(140).
00 00 86 0B 00 00 00 00 00 8C   01 03 B1 04 00 00 00 00 B1 04   
00 00 EA 6F 01 01 01 02 B1 04   00 00 EA 6F 01 03 41 0C 32 30   
30 35 30 32 31 36 34 38 34 36   A9 02 00 00 A9 02 00 00 
S6F11 W
<L[3]
  <U4[1] 0>
  <U4[1] 60015>
  <L[1]
    <L[2]
      <U4[1] 60015>
      <L[3]
        <A[12] "200502164846">
        <U2[1] 0>
        <U2[1] 0>
      >
    >
  >
>
.
11:22:41.913: Send S6F12(140).
00 00 06 0C 00 00 00 00 00 8C   21 01 00 
S6F12
<B[1] 0x00>
.
11:22:42.376: Receive S6F11(141).
00 00 86 0B 00 00 00 00 00 8D   01 03 B1 04 00 00 00 00 B1 04   
00 00 EA 6F 01 01 01 02 B1 04   00 00 EA 6F 01 03 41 0C 32 30   
30 35 30 32 31 36 34 38 34 36   A9 02 00 00 A9 02 00 00 
S6F11 W
<L[3]
  <U4[1] 0>
  <U4[1] 60015>
  <L[1]
    <L[2]
      <U4[1] 60015>
      <L[3]
        <A[12] "200502164846">
        <U2[1] 0>
        <U2[1] 0>
      >
    >
  >
>
.
11:22:42.414: Send S6F12(141).
00 00 06 0C 00 00 00 00 00 8D   21 01 00 
S6F12
<B[1] 0x00>
.
11:22:42.876: Receive S6F11(142).
00 00 86 0B 00 00 00 00 00 8E   01 03 B1 04 00 00 00 00 B1 04   
00 00 EA 6F 01 01 01 02 B1 04   00 00 EA 6F 01 03 41 0C 32 30   
30 35 30 32 31 36 34 38 34 36   A9 02 00 00 A9 02 00 00 
S6F11 W
<L[3]
  <U4[1] 0>
  <U4[1] 60015>
  <L[1]
    <L[2]
      <U4[1] 60015>
      <L[3]
        <A[12] "200502164846">
        <U2[1] 0>
        <U2[1] 0>
      >
    >
  >
>
.
11:22:42.915: Send S6F12(142).
00 00 06 0C 00 00 00 00 00 8E   21 01 00 
S6F12
<B[1] 0x00>
.
11:22:43.376: Receive S6F11(143).
00 00 86 0B 00 00 00 00 00 8F   01 03 B1 04 00 00 00 00 B1 04   
00 00 EA 6F 01 01 01 02 B1 04   00 00 EA 6F 01 03 41 0C 32 30   
30 35 30 32 31 36 34 38 34 36   A9 02 00 00 A9 02 00 00 
S6F11 W
<L[3]
  <U4[1] 0>
  <U4[1] 60015>
  <L[1]
    <L[2]
      <U4[1] 60015>
      <L[3]
        <A[12] "200502164846">
        <U2[1] 0>
        <U2[1] 0>
      >
    >
  >
>
.
11:22:43.414: Send S6F12(143).
00 00 06 0C 00 00 00 00 00 8F   21 01 00 
S6F12
<B[1] 0x00>
.
11:22:43.671: Receive S5F1(144).
00 00 85 01 00 00 00 00 00 90   01 03 21 01 00 B1 04 00 00 C3   
CD 41 24 31 32 34 3A 4C 6F 61   64 69 6E 67 20 53 61 66 65 74   
79 20 44 6F 6F 72 20 53 65 6E   73 6F 72 20 45 72 72 6F 72 
S5F1 W
<L[3]
  <B[1] 0x00>
  <U4[1] 50125>
  <A[36] "124:Loading Safety Door Sensor Error">
>
.
11:22:43.687: Send S5F2(144).
00 00 05 02 00 00 00 00 00 90   21 01 00 
S5F2
<B[1] 0x00>
.
11:22:43.720: Receive S6F11(145).
00 00 86 0B 00 00 00 00 00 91   01 03 B1 04 00 00 00 00 B1 04   
00 00 00 0D 01 01 01 02 B1 04   00 00 00 05 01 03 01 00 B1 04   
00 00 C3 CD 41 10 32 30 32 30   30 35 30 35 31 31 32 32 31 34   
38 32 
S6F11 W
<L[3]
  <U4[1] 0>
  <U4[1] 13>
  <L[1]
    <L[2]
      <U4[1] 5>
      <L[3]
        <L[0]
        >
        <U4[1] 50125>
        <A[16] "2020050511221482">
      >
    >
  >
>
.
11:22:43.753: Send S6F12(145).
00 00 06 0C 00 00 00 00 00 91   21 01 00 
S6F12
<B[1] 0x00>
.
11:22:43.786: Receive S6F11(146).
00 00 86 0B 00 00 00 00 00 92   01 03 B1 04 00 00 00 00 B1 04   
00 00 EA 62 01 01 01 02 B1 04   00 00 EA 62 01 03 41 0C 32 30   
30 35 30 32 31 36 34 38 34 36   A9 02 00 00 A9 02 00 00 
S6F11 W
<L[3]
  <U4[1] 0>
  <U4[1] 60002>
  <L[1]
    <L[2]
      <U4[1] 60002>
      <L[3]
        <A[12] "200502164846">
        <U2[1] 0>
        <U2[1] 0>
      >
    >
  >
>
.
11:22:43.818: Send S6F12(146).
00 00 06 0C 00 00 00 00 00 92   21 01 00 
S6F12
<B[1] 0x00>
.
11:29:14.961: Receive Linktest.req.
HSMS Communication Disconnected!
SECS Emulator v1.5  2001/09/05
HSMS Communication Started!
14:39:35.632: Receive S1F13(0).
00 00 81 0D 00 00 00 00 00 00   01 02 41 10 48 34 5F 33 46 5F   
47 43 50 2D 37 31 32 43 52 42   41 05 31 2E 32 36 43 
S1F13 W
<L[2]
  <A[16] "H4_3F_GCP-712CRB">
  <A[5] "1.26C">
>
.
14:39:35.691: Send S1F14(0).
00 00 01 0E 00 00 00 00 00 00   01 02 21 01 00 01 00 
S1F14
<L[2]
  <B[1] 0x00>
  <L[0]
  >
>
.
14:39:35.739: Receive S6F11(1).
00 00 86 0B 00 00 00 00 00 01   01 03 B1 04 00 00 00 00 B1 04   
00 00 00 02 01 01 01 02 B1 04   00 00 00 02 01 01 A5 01 04 
S6F11 W
<L[3]
  <U4[1] 0>
  <U4[1] 2>
  <L[1]
    <L[2]
      <U4[1] 2>
      <L[1]
        <U1[1] 4>
      >
    >
  >
>
.
14:39:35.833: Send S6F12(1).
00 00 06 0C 00 00 00 00 00 01   21 01 00 
S6F12
<B[1] 0x00>
.
14:39:44.161: Send S6F23(673791690).
00 00 86 17 00 00 28 29 3E CA   A5 01 00 
S6F23 W
<U1[1] 0>
.
14:39:44.194: Receive S6F24(673791690).
00 00 06 18 00 00 28 29 3E CA   21 01 02 
S6F24
<B[1] 0x02>
.
14:40:23.283: Send S2F41(673791691).
00 00 82 29 00 00 28 29 3E CB   01 02 41 05 4C 4F 43 41 4C 01   
00 
S2F41 W
<L[2]
  <A[5] "LOCAL">
  <L[0]
  >
>
.
14:40:27.706: Receive S2F42(673791691).
00 00 02 2A 00 00 28 29 3E CB   01 01 21 01 01 
S2F42
<L[1]
  <B[1] 0x01>
>
.
14:40:39.328: Send S2F41(673791693).
00 00 82 29 00 00 28 29 3E CD   01 02 41 06 52 45 4D 4F 54 45   
01 00 
S2F41 W
<L[2]
  <A[6] "REMOTE">
  <L[0]
  >
>
.
14:40:43.306: Receive S2F42(673791693).
00 00 02 2A 00 00 28 29 3E CD   01 01 21 01 01 
S2F42
<L[1]
  <B[1] 0x01>
>
.
14:41:15.871: Send S2F41(673791694).
00 00 82 29 00 00 28 29 3E CE   01 02 41 06 52 45 4D 4F 54 45   
01 00 
S2F41 W
<L[2]
  <A[6] "REMOTE">
  <L[0]
  >
>
.
14:41:19.913: Receive S2F42(673791694).
00 00 02 2A 00 00 28 29 3E CE   01 01 21 01 01 
S2F42
<L[1]
  <B[1] 0x01>
>
.
14:41:41.832: Send S2F41(673791696).
00 00 82 29 00 00 28 29 3E D0   01 02 41 05 4C 4F 43 41 4C 01   
00 
S2F41 W
<L[2]
  <A[5] "LOCAL">
  <L[0]
  >
>
.
14:41:45.807: Receive S2F42(673791696).
00 00 02 2A 00 00 28 29 3E D0   01 01 21 01 01 
S2F42
<L[1]
  <B[1] 0x01>
>
.
14:41:57.147: Send S2F41(673791697).
00 00 82 29 00 00 28 29 3E D1   01 02 41 06 52 45 4D 4F 54 45   
01 00 
S2F41 W
<L[2]
  <A[6] "REMOTE">
  <L[0]
  >
>
.
14:42:01.211: Receive S2F42(673791697).
00 00 02 2A 00 00 28 29 3E D1   01 01 21 01 01 
S2F42
<L[1]
  <B[1] 0x01>
>
.
14:42:35.592: Receive Linktest.req.
HSMS Communication Disconnected!
SECS Emulator v1.5  2001/09/05
HSMS Communication Started!
14:47:10.525: Receive S1F13(0).
00 00 81 0D 00 00 00 00 00 00   01 02 41 10 48 34 5F 33 46 5F   
47 43 50 2D 37 31 32 43 52 42   41 05 31 2E 32 36 43 
S1F13 W
<L[2]
  <A[16] "H4_3F_GCP-712CRB">
  <A[5] "1.26C">
>
.
14:47:10.571: Send S1F14(0).
00 00 01 0E 00 00 00 00 00 00   01 02 21 01 00 01 00 
S1F14
<L[2]
  <B[1] 0x00>
  <L[0]
  >
>
.
Remote Server Disconnected!
HSMS Communication Disconnected!
HSMS Communication Disconnected!
SECS Emulator v1.5  2001/09/05
HSMS Communication Started!
HSMS Communication Disconnected!
SECS Emulator v1.5  2001/09/05
HSMS Communication Started!
HSMS Communication Disconnected!
SECS Emulator v1.5  2001/09/05
HSMS Communication Started!
HSMS Communication Disconnected!
SECS Emulator v1.5  2001/09/05
HSMS Communication Started!
14:49:07.631: Receive S1F13(0).
00 00 81 0D 00 00 00 00 00 00   01 02 41 10 48 34 5F 33 46 5F   
47 43 50 2D 37 31 32 43 52 42   41 05 31 2E 32 36 43 
S1F13 W
<L[2]
  <A[16] "H4_3F_GCP-712CRB">
  <A[5] "1.26C">
>
.
14:49:07.649: Send S1F14(0).
00 00 01 0E 00 00 00 00 00 00   01 02 21 01 00 01 00 
S1F14
<L[2]
  <B[1] 0x00>
  <L[0]
  >
>
.
14:49:20.440: Send S2F41(674363970).
00 00 82 29 00 00 28 31 FA 42   01 02 41 06 52 45 4D 4F 54 45   
01 00 
S2F41 W
<L[2]
  <A[6] "REMOTE">
  <L[0]
  >
>
.
14:49:43.123: Send S2F41(674363971).
00 00 82 29 00 00 28 31 FA 43   01 02 41 05 4C 4F 43 41 4C 01   
00 
S2F41 W
<L[2]
  <A[5] "LOCAL">
  <L[0]
  >
>
.
14:50:05.006: Send S1F1(674363972).
00 00 81 01 00 00 28 31 FA 44 
S1F1 W
.
14:50:05.459: T3 Timeout(674363970).
14:50:28.144: T3 Timeout(674363971).
HSMS Communication Disconnected!
SECS Emulator v1.5  2001/09/05
HSMS Communication Started!
14:50:56.536: Receive S1F13(0).
00 00 81 0D 00 00 00 00 00 00   01 02 41 10 48 34 5F 33 46 5F   
47 43 50 2D 37 31 32 43 52 42   41 05 31 2E 32 36 43 
S1F13 W
<L[2]
  <A[16] "H4_3F_GCP-712CRB">
  <A[5] "1.26C">
>
.
14:50:56.560: Send S1F14(0).
00 00 01 0E 00 00 00 00 00 00   01 02 21 01 00 01 00 
S1F14
<L[2]
  <B[1] 0x00>
  <L[0]
  >
>
.
14:51:09.819: Send S1F13(674466377).
00 00 81 0D 00 00 28 33 8A 49   01 00 
S1F13 W
<L[0]
>
.
14:51:09.848: Receive S1F14(674466377).
00 00 01 0E 00 00 28 33 8A 49   01 02 21 01 00 01 02 41 10 48   
34 5F 33 46 5F 47 43 50 2D 37   31 32 43 52 42 41 05 31 2E 32   
36 43 
S1F14
<L[2]
  <B[1] 0x00>
  <L[2]
    <A[16] "H4_3F_GCP-712CRB">
    <A[5] "1.26C">
  >
>
.
14:51:12.904: Send S1F1(674466378).
00 00 81 01 00 00 28 33 8A 4A 
S1F1 W
.
14:51:12.911: Receive S1F0(674466378).
00 00 01 00 00 00 28 33 8A 4A 
S1F0
.
14:51:18.154: Send S1F17(674466379).
00 00 81 11 00 00 28 33 8A 4B 
S1F17 W
.
14:51:18.161: Receive S1F18(674466379).
00 00 01 12 00 00 28 33 8A 4B   21 01 00 
S1F18
<B[1] 0x00>
.
14:51:21.182: Send S1F1(674466380).
00 00 81 01 00 00 28 33 8A 4C 
S1F1 W
.
14:51:21.190: Receive S1F2(674466380).
00 00 01 02 00 00 28 33 8A 4C   01 02 41 10 48 34 5F 33 46 5F   
47 43 50 2D 37 31 32 43 52 42   41 05 31 2E 32 36 43 
S1F2
<L[2]
  <A[16] "H4_3F_GCP-712CRB">
  <A[5] "1.26C">
>
.
14:51:28.915: Send S2F41(674466381).
00 00 82 29 00 00 28 33 8A 4D   01 02 41 06 52 45 4D 4F 54 45   
01 00 
S2F41 W
<L[2]
  <A[6] "REMOTE">
  <L[0]
  >
>
.
14:51:33.294: Receive S2F42(674466381).
00 00 02 2A 00 00 28 33 8A 4D   01 01 21 01 01 
S2F42
<L[1]
  <B[1] 0x01>
>
.
14:51:55.788: Send S2F41(674466383).
00 00 82 29 00 00 28 33 8A 4F   01 02 41 05 4C 4F 43 41 4C 01   
00 
S2F41 W
<L[2]
  <A[5] "LOCAL">
  <L[0]
  >
>
.
14:51:59.797: Receive S2F42(674466383).
00 00 02 2A 00 00 28 33 8A 4F   01 01 21 01 01 
S2F42
<L[1]
  <B[1] 0x01>
>
.
14:52:25.737: Send S2F41(674466384).
00 00 82 29 00 00 28 33 8A 50   01 02 41 05 4C 4F 43 41 4C 01   
00 
S2F41 W
<L[2]
  <A[5] "LOCAL">
  <L[0]
  >
>
.
14:52:29.800: Receive S2F42(674466384).
00 00 02 2A 00 00 28 33 8A 50   01 01 21 01 01 
S2F42
<L[1]
  <B[1] 0x01>
>
.
14:52:30.721: Send S2F41(674466385).
00 00 82 29 00 00 28 33 8A 51   01 02 41 06 52 45 4D 4F 54 45   
01 00 
S2F41 W
<L[2]
  <A[6] "REMOTE">
  <L[0]
  >
>
.
14:52:34.701: Receive S2F42(674466385).
00 00 02 2A 00 00 28 33 8A 51   01 01 21 01 01 
S2F42
<L[1]
  <B[1] 0x01>
>
.
14:52:51.341: Send S2F41(674466387).
00 00 82 29 00 00 28 33 8A 53   01 02 41 05 4C 4F 43 41 4C 01   
00 
S2F41 W
<L[2]
  <A[5] "LOCAL">
  <L[0]
  >
>
.
14:52:55.394: Receive S2F42(674466387).
00 00 02 2A 00 00 28 33 8A 53   01 01 21 01 01 
S2F42
<L[1]
  <B[1] 0x01>
>
.
Remote Server Disconnected!
HSMS Communication Disconnected!
HSMS Communication Disconnected!
SECS Emulator v1.5  2001/09/05
HSMS Communication Started!
14:57:01.737: Receive S1F13(0).
00 00 81 0D 00 00 00 00 00 00   01 02 41 10 48 34 5F 33 46 5F   
47 43 50 2D 37 31 32 43 52 42   41 05 31 2E 32 36 43 
S1F13 W
<L[2]
  <A[16] "H4_3F_GCP-712CRB">
  <A[5] "1.26C">
>
.
14:57:01.781: Send S1F14(0).
00 00 01 0E 00 00 00 00 00 00   01 02 21 01 00 01 00 
S1F14
<L[2]
  <B[1] 0x00>
  <L[0]
  >
>
.
14:57:10.629: Send S2F41(674838533).
00 00 82 29 00 00 28 39 38 05   01 02 41 05 4C 4F 43 41 4C 01   
00 
S2F41 W
<L[2]
  <A[5] "LOCAL">
  <L[0]
  >
>
.
14:57:15.099: Receive S2F42(674838533).
00 00 02 2A 00 00 28 39 38 05   01 01 21 01 01 
S2F42
<L[1]
  <B[1] 0x01>
>
.
14:57:16.827: Send S2F41(674838534).
00 00 82 29 00 00 28 39 38 06   01 02 41 06 52 45 4D 4F 54 45   
01 00 
S2F41 W
<L[2]
  <A[6] "REMOTE">
  <L[0]
  >
>
.
14:57:20.794: Receive S2F42(674838534).
00 00 02 2A 00 00 28 39 38 06   01 01 21 01 01 
S2F42
<L[1]
  <B[1] 0x01>
>
.
14:57:33.933: Send S2F41(674838535).
00 00 82 29 00 00 28 39 38 07   01 02 41 05 53 54 41 52 54 01   
00 
S2F41 W
<L[2]
  <A[5] "START">
  <L[0]
  >
>
.
14:57:37.893: Receive S2F42(674838535).
00 00 02 2A 00 00 28 39 38 07   01 01 21 01 02 
S2F42
<L[1]
  <B[1] 0x02>
>
.
14:57:39.179: Send S2F41(674838536).
S2F41 W
<L[2]
  <A[4] "STOP">
  <L[0]
  >
>
.
14:57:43.197: Receive S2F42(674838536).
00 00 02 2A 00 00 28 39 38 08   01 01 21 01 02 
S2F42
<L[1]
  <B[1] 0x02>
>
.
14:57:48.430: Send S2F41(674838537).
00 00 82 29 00 00 28 39 38 09   01 02 41 06 52 45 4D 4F 54 45   
01 00 
S2F41 W
<L[2]
  <A[6] "REMOTE">
  <L[0]
  >
>
.
14:57:52.497: Receive S2F42(674838537).
00 00 02 2A 00 00 28 39 38 09   01 01 21 01 01 
S2F42
<L[1]
  <B[1] 0x01>
>
.
HSMS Communication Disconnected!
SECS Emulator v1.5  2001/09/05
HSMS Communication Started!
15:00:37.996: Receive S1F13(0).
00 00 81 0D 00 00 00 00 00 00   01 02 41 10 48 34 5F 33 46 5F   
47 43 50 2D 37 31 32 43 52 42   41 05 31 2E 32 36 43 
S1F13 W
<L[2]
  <A[16] "H4_3F_GCP-712CRB">
  <A[5] "1.26C">
>
.
15:00:38.047: Send S1F14(0).
00 00 01 0E 00 00 00 00 00 00   01 02 21 01 00 01 00 
S1F14
<L[2]
  <B[1] 0x00>
  <L[0]
  >
>
.
15:00:42.599: Send S2F41(675054767).
00 00 82 29 00 00 28 3C 84 AF   01 02 41 05 4C 4F 43 41 4C 01   
00 
S2F41 W
<L[2]
  <A[5] "LOCAL">
  <L[0]
  >
>
.
15:00:47.039: Receive S2F42(675054767).
00 00 02 2A 00 00 28 3C 84 AF   01 01 21 01 01 
S2F42
<L[1]
  <B[1] 0x01>
>
.
15:00:47.573: Send S2F41(675054768).
00 00 82 29 00 00 28 3C 84 B0   01 02 41 06 52 45 4D 4F 54 45   
01 00 
S2F41 W
<L[2]
  <A[6] "REMOTE">
  <L[0]
  >
>
.
15:00:51.534: Receive S2F42(675054768).
00 00 02 2A 00 00 28 3C 84 B0   01 01 21 01 01 
S2F42
<L[1]
  <B[1] 0x01>
>
.
Remote Server Disconnected!
HSMS Communication Disconnected!
HSMS Communication Disconnected!
SECS Emulator v1.5  2001/09/05
HSMS Communication Started!
15:03:54.578: Receive S1F13(0).
00 00 81 0D 00 00 00 00 00 00   01 02 41 10 48 34 5F 33 46 5F   
47 43 50 2D 37 31 32 43 52 42   41 05 31 2E 32 36 43 
S1F13 W
<L[2]
  <A[16] "H4_3F_GCP-712CRB">
  <A[5] "1.26C">
>
.
15:03:54.630: Send S1F14(0).
00 00 01 0E 00 00 00 00 00 00   01 02 21 01 00 01 00 
S1F14
<L[2]
  <B[1] 0x00>
  <L[0]
  >
>
.
15:04:00.159: Send S1F1(675251236).
00 00 81 01 00 00 28 3F 84 24 
S1F1 W
.
15:04:00.187: Receive S1F2(675251236).
00 00 01 02 00 00 28 3F 84 24   01 02 41 10 48 34 5F 33 46 5F   
47 43 50 2D 37 31 32 43 52 42   41 05 31 2E 32 36 43 
S1F2
<L[2]
  <A[16] "H4_3F_GCP-712CRB">
  <A[5] "1.26C">
>
.
15:04:03.948: Send S1F17(675251237).
00 00 81 11 00 00 28 3F 84 25 
S1F17 W
.
15:04:03.977: Receive S1F18(675251237).
00 00 01 12 00 00 28 3F 84 25   21 01 02 
S1F18
<B[1] 0x02>
.
15:04:45.348: Send S2F41(675251238).
00 00 82 29 00 00 28 3F 84 26   01 02 41 06 52 45 4D 4F 54 45   
01 00 
S2F41 W
<L[2]
  <A[6] "REMOTE">
  <L[0]
  >
>
.
15:04:49.791: Receive S2F42(675251238).
00 00 02 2A 00 00 28 3F 84 26   01 01 21 01 00 
S2F42
<L[1]
  <B[1] 0x00>
>
.
15:04:54.301: Send S2F41(675251239).
00 00 82 29 00 00 28 3F 84 27   01 02 41 05 4C 4F 43 41 4C 01   
00 
S2F41 W
<L[2]
  <A[5] "LOCAL">
  <L[0]
  >
>
.
15:04:58.296: Receive S2F42(675251239).
00 00 02 2A 00 00 28 3F 84 27   01 01 21 01 01 
S2F42
<L[1]
  <B[1] 0x01>
>
.
15:05:27.824: Send S2F41(675251241).
00 00 82 29 00 00 28 3F 84 29   01 02 41 05 4C 4F 43 41 4C 01   
00 
S2F41 W
<L[2]
  <A[5] "LOCAL">
  <L[0]
  >
>
.
15:05:31.894: Receive S2F42(675251241).
00 00 02 2A 00 00 28 3F 84 29   01 01 21 01 01 
S2F42
<L[1]
  <B[1] 0x01>
>
.
Remote Server Disconnected!
HSMS Communication Disconnected!
HSMS Communication Disconnected!
SECS Emulator v1.5  2001/09/05
HSMS Communication Started!
15:07:59.008: Receive S1F13(0).
00 00 81 0D 00 00 00 00 00 00   01 02 41 10 48 34 5F 33 46 5F   
47 43 50 2D 37 31 32 43 52 42   41 05 31 2E 32 36 43 
S1F13 W
<L[2]
  <A[16] "H4_3F_GCP-712CRB">
  <A[5] "1.26C">
>
.
15:07:59.056: Send S1F14(0).
00 00 01 0E 00 00 00 00 00 00   01 02 21 01 00 01 00 
S1F14
<L[2]
  <B[1] 0x00>
  <L[0]
  >
>
.
15:08:05.902: Send S1F1(675495783).
00 00 81 01 00 00 28 43 3F 67 
S1F1 W
.
15:08:15.611: Send S1F17(675495784).
00 00 81 11 00 00 28 43 3F 68 
S1F17 W
.
15:08:27.482: Send S1F13(675495785).
00 00 81 0D 00 00 28 43 3F 69   01 00 
S1F13 W
<L[0]
>
.
15:08:50.930: T3 Timeout(675495783).
15:08:55.888: Send S1F13(675495786).
00 00 81 0D 00 00 28 43 3F 6A   01 00 
S1F13 W
<L[0]
>
.
15:09:00.635: T3 Timeout(675495784).
15:09:12.523: T3 Timeout(675495785).
HSMS Communication Disconnected!
SECS Emulator v1.5  2001/09/05
HSMS Communication Started!
15:09:34.183: Receive S1F13(0).
00 00 81 0D 00 00 00 00 00 00   01 02 41 10 48 34 5F 33 46 5F   
47 43 50 2D 37 31 32 43 52 42   41 05 31 2E 32 36 43 
S1F13 W
<L[2]
  <A[16] "H4_3F_GCP-712CRB">
  <A[5] "1.26C">
>
.
15:09:34.254: Send S1F14(0).
00 00 01 0E 00 00 00 00 00 00   01 02 21 01 00 01 00 
S1F14
<L[2]
  <B[1] 0x00>
  <L[0]
  >
>
.
15:09:34.301: Receive S1F1(1).
00 00 81 01 00 00 00 00 00 01 
S1F1 W
.
15:09:34.323: Send S1F2(1).
00 00 01 02 00 00 00 00 00 01   01 00 
S1F2
<L[0]
>
.
15:09:39.178: Send S1F1(675583612).
00 00 81 01 00 00 28 44 96 7C 
S1F1 W
.
15:09:39.197: Receive S1F2(675583612).
00 00 01 02 00 00 28 44 96 7C   01 02 41 10 48 34 5F 33 46 5F   
47 43 50 2D 37 31 32 43 52 42   41 05 31 2E 32 36 43 
S1F2
<L[2]
  <A[16] "H4_3F_GCP-712CRB">
  <A[5] "1.26C">
>
.
15:09:45.703: Send S1F17(675583613).
00 00 81 11 00 00 28 44 96 7D 
S1F17 W
.
15:09:45.738: Receive S1F18(675583613).
00 00 01 12 00 00 28 44 96 7D   21 01 02 
S1F18
<B[1] 0x02>
.
15:09:51.165: Send S2F41(675583614).
00 00 82 29 00 00 28 44 96 7E   01 02 41 05 4C 4F 43 41 4C 01   
00 
S2F41 W
<L[2]
  <A[5] "LOCAL">
  <L[0]
  >
>
.
15:09:55.528: Receive S2F42(675583614).
00 00 02 2A 00 00 28 44 96 7E   01 01 21 01 01 
S2F42
<L[1]
  <B[1] 0x01>
>
.
15:09:57.658: Send S2F41(675583615).
00 00 82 29 00 00 28 44 96 7F   01 02 41 06 52 45 4D 4F 54 45   
01 00 
S2F41 W
<L[2]
  <A[6] "REMOTE">
  <L[0]
  >
>
.
15:10:01.722: Receive S2F42(675583615).
00 00 02 2A 00 00 28 44 96 7F   01 01 21 01 01 
S2F42
<L[1]
  <B[1] 0x01>
>
.
15:12:01.906: Send S2F41(675583618).
00 00 82 29 00 00 28 44 96 82   01 02 41 06 52 45 4D 4F 54 45   
01 00 
S2F41 W
<L[2]
  <A[6] "REMOTE">
  <L[0]
  >
>
.
15:12:05.929: Receive S2F42(675583618).
00 00 02 2A 00 00 28 44 96 82   01 01 21 01 01 
S2F42
<L[1]
  <B[1] 0x01>
>
.
Remote Server Disconnected!
HSMS Communication Disconnected!
Remote Server Disconnected!
HSMS Communication Disconnected!
HSMS Communication Disconnected!
SECS Emulator v1.5  2001/09/05
HSMS Communication Started!
HSMS Communication Disconnected!
SECS Emulator v1.5  2001/09/05
HSMS Communication Started!
HSMS Communication Disconnected!
SECS Emulator v1.5  2001/09/05
HSMS Communication Started!
HSMS Communication Disconnected!
SECS Emulator v1.5  2001/09/05
HSMS Communication Started!
HSMS Communication Disconnected!
SECS Emulator v1.5  2001/09/05
HSMS Communication Started!
HSMS Communication Disconnected!
SECS Emulator v1.5  2001/09/05
HSMS Communication Started!
HSMS Communication Disconnected!
SECS Emulator v1.5  2001/09/05
HSMS Communication Started!
HSMS Communication Disconnected!
SECS Emulator v1.5  2001/09/05
HSMS Communication Started!
HSMS Communication Disconnected!
SECS Emulator v1.5  2001/09/05
HSMS Communication Started!
HSMS Communication Disconnected!
SECS Emulator v1.5  2001/09/05
HSMS Communication Started!
HSMS Communication Disconnected!
SECS Emulator v1.5  2001/09/05
HSMS Communication Started!
HSMS Communication Disconnected!
SECS Emulator v1.5  2001/09/05
HSMS Communication Started!
HSMS Communication Disconnected!
SECS Emulator v1.5  2001/09/05
HSMS Communication Started!
HSMS Communication Disconnected!
SECS Emulator v1.5  2001/09/05
HSMS Communication Started!
HSMS Communication Disconnected!
SECS Emulator v1.5  2001/09/05
HSMS Communication Started!
HSMS Communication Disconnected!
SECS Emulator v1.5  2001/09/05
HSMS Communication Started!
HSMS Communication Disconnected!
SECS Emulator v1.5  2001/09/05
HSMS Communication Started!
HSMS Communication Disconnected!
SECS Emulator v1.5  2001/09/05
HSMS Communication Started!
HSMS Communication Disconnected!
SECS Emulator v1.5  2001/09/05
HSMS Communication Started!
15:16:23.878: Receive S1F13(0).
00 00 81 0D 00 00 00 00 00 00   01 02 41 10 48 34 5F 33 46 5F   
47 43 50 2D 37 31 32 43 52 42   41 05 31 2E 32 36 43 
S1F13 W
<L[2]
  <A[16] "H4_3F_GCP-712CRB">
  <A[5] "1.26C">
>
.
15:16:23.951: Send S1F14(0).
00 00 01 0E 00 00 00 00 00 00   01 02 21 01 00 01 00 
S1F14
<L[2]
  <B[1] 0x00>
  <L[0]
  >
>
.
15:16:38.232: Send S1F13(675999923).
00 00 81 0D 00 00 28 4A F0 B3   01 00 
S1F13 W
<L[0]
>
.
15:16:38.266: Receive S1F14(675999923).
00 00 01 0E 00 00 28 4A F0 B3   01 02 21 01 00 01 02 41 10 48   
34 5F 33 46 5F 47 43 50 2D 37   31 32 43 52 42 41 05 31 2E 32   
36 43 
S1F14
<L[2]
  <B[1] 0x00>
  <L[2]
    <A[16] "H4_3F_GCP-712CRB">
    <A[5] "1.26C">
  >
>
.
15:16:41.070: Send S1F1(675999924).
00 00 81 01 00 00 28 4A F0 B4 
S1F1 W
.
15:16:41.095: Receive S1F2(675999924).
00 00 01 02 00 00 28 4A F0 B4   01 02 41 10 48 34 5F 33 46 5F   
47 43 50 2D 37 31 32 43 52 42   41 05 31 2E 32 36 43 
S1F2
<L[2]
  <A[16] "H4_3F_GCP-712CRB">
  <A[5] "1.26C">
>
.
15:17:00.086: Send S2F41(675999925).
00 00 82 29 00 00 28 4A F0 B5   01 02 41 05 4C 4F 43 41 4C 01   
00 
S2F41 W
<L[2]
  <A[5] "LOCAL">
  <L[0]
  >
>
.
15:17:04.510: Receive S2F42(675999925).
00 00 02 2A 00 00 28 4A F0 B5   01 01 21 01 01 
S2F42
<L[1]
  <B[1] 0x01>
>
.
15:17:06.572: Send S2F41(675999926).
00 00 82 29 00 00 28 4A F0 B6   01 02 41 06 52 45 4D 4F 54 45   
01 00 
S2F41 W
<L[2]
  <A[6] "REMOTE">
  <L[0]
  >
>
.
15:17:10.615: Receive S2F42(675999926).
00 00 02 2A 00 00 28 4A F0 B6   01 01 21 01 00 
S2F42
<L[1]
  <B[1] 0x00>
>
.
15:17:13.603: Send S2F41(675999927).
00 00 82 29 00 00 28 4A F0 B7   01 02 41 05 4C 4F 43 41 4C 01   
00 
S2F41 W
<L[2]
  <A[5] "LOCAL">
  <L[0]
  >
>
.
15:17:17.614: Receive S2F42(675999927).
00 00 02 2A 00 00 28 4A F0 B7   01 01 21 01 01 
S2F42
<L[1]
  <B[1] 0x01>
>
.
15:17:23.756: Send S2F41(675999929).
00 00 82 29 00 00 28 4A F0 B9   01 02 41 06 52 45 4D 4F 54 45   
01 00 
S2F41 W
<L[2]
  <A[6] "REMOTE">
  <L[0]
  >
>
.
15:17:27.818: Receive S2F42(675999929).
00 00 02 2A 00 00 28 4A F0 B9   01 01 21 01 02 
S2F42
<L[1]
  <B[1] 0x02>
>
.
15:17:42.619: Send S2F41(675999930).
00 00 82 29 00 00 28 4A F0 BA   01 02 41 09 50 50 5F 53 45 4C   
45 43 54 01 01 01 02 41 06 50   6F 72 74 49 44 A5 01 01 
S2F41 W
<L[2]
  <A[9] "PP_SELECT">
  <L[1]
    <L[2]
      <A[6] "PortID">
      <U1[1] 1>
    >
  >
>
.
15:17:42.702: Receive S9F7(2).
00 00 09 07 00 00 00 00 00 02   21 0A 00 00 82 29 00 00 28 4A   
F0 BA 
S9F7
<B[10] 0x00 0x00 0x82 0x29 0x00 0x00 0x28 0x4A 0xF0 0xBA>
.
15:18:27.703: T3 Timeout(675999930).
15:21:26.779: Send S2F41(675999935).
00 00 82 29 00 00 28 4A F0 BF   01 02 41 09 50 50 5F 53 45 4C   
45 43 54 01 04 01 02 41 05 4C   4F 54 49 44 41 04 31 32 33 34   
01 02 41 04 50 50 49 44 41 06   47 50 54 45 53 54 01 02 41 03   
51 54 59 41 02 35 30 01 02 41   08 50 50 4E 75 6D 62 65 72 41   
02 35 30 
S2F41 W
<L[2]
  <A[9] "PP_SELECT">
  <L[4]
    <L[2]
      <A[5] "LOTID">
      <A[4] "1234">
    >
    <L[2]
      <A[4] "PPID">
      <A[6] "GPTEST">
    >
    <L[2]
      <A[3] "QTY">
      <A[2] "50">
    >
    <L[2]
      <A[8] "PPNumber">
      <A[2] "50">
    >
  >
>
.
15:21:26.946: Receive S9F7(7).
00 00 09 07 00 00 00 00 00 07   21 0A 00 00 82 29 00 00 28 4A   
F0 BF 
S9F7
<B[10] 0x00 0x00 0x82 0x29 0x00 0x00 0x28 0x4A 0xF0 0xBF>
.
15:22:11.946: T3 Timeout(675999935).
15:22:24.158: Receive Linktest.req.
HSMS Communication Disconnected!
SECS Emulator v1.5  2001/09/05
HSMS Communication Started!
15:24:01.321: Receive S1F13(0).
00 00 81 0D 00 00 00 00 00 00   01 02 41 10 48 34 5F 33 46 5F   
47 43 50 2D 37 31 32 43 52 42   41 05 31 2E 32 36 43 
S1F13 W
<L[2]
  <A[16] "H4_3F_GCP-712CRB">
  <A[5] "1.26C">
>
.
15:24:01.365: Send S1F14(0).
00 00 01 0E 00 00 00 00 00 00   01 02 21 01 00 01 00 
S1F14
<L[2]
  <B[1] 0x00>
  <L[0]
  >
>
.
15:24:07.637: Send S2F41(676458095).
00 00 82 29 00 00 28 51 EE 6F   01 02 41 09 50 50 5F 53 45 4C   
45 43 54 01 04 01 02 41 05 4C   4F 54 49 44 41 04 31 32 33 34   
01 02 41 04 50 50 49 44 41 06   47 50 54 45 53 54 01 02 41 03   
51 54 59 41 02 35 30 01 02 41   08 50 50 4E 75 6D 62 65 72 41   
02 35 30 
S2F41 W
<L[2]
  <A[9] "PP_SELECT">
  <L[4]
    <L[2]
      <A[5] "LOTID">
      <A[4] "1234">
    >
    <L[2]
      <A[4] "PPID">
      <A[6] "GPTEST">
    >
    <L[2]
      <A[3] "QTY">
      <A[2] "50">
    >
    <L[2]
      <A[8] "PPNumber">
      <A[2] "50">
    >
  >
>
.
15:24:07.789: Receive S9F7(1).
00 00 09 07 00 00 00 00 00 01   21 0A 00 00 82 29 00 00 28 51   
EE 6F 
S9F7
<B[10] 0x00 0x00 0x82 0x29 0x00 0x00 0x28 0x51 0xEE 0x6F>
.
15:24:52.789: T3 Timeout(676458095).
Remote Server Disconnected!
HSMS Communication Disconnected!
HSMS Communication Disconnected!
SECS Emulator v1.5  2001/09/05
HSMS Communication Started!
15:32:53.996: Receive S1F13(0).
00 00 81 0D 00 00 00 00 00 00   01 02 41 10 48 34 5F 33 46 5F   
47 43 50 2D 37 31 32 43 52 42   41 05 31 2E 32 36 43 
S1F13 W
<L[2]
  <A[16] "H4_3F_GCP-712CRB">
  <A[5] "1.26C">
>
.
15:32:54.045: Send S1F14(0).
00 00 01 0E 00 00 00 00 00 00   01 02 21 01 00 01 00 
S1F14
<L[2]
  <B[1] 0x00>
  <L[0]
  >
>
.
15:33:04.409: Send S2F41(676990783).
00 00 82 29 00 00 28 5A 0F 3F   01 02 41 05 4C 4F 43 41 4C 01   
00 
S2F41 W
<L[2]
  <A[5] "LOCAL">
  <L[0]
  >
>
.
15:33:07.175: Send S2F41(676990784).
00 00 82 29 00 00 28 5A 0F 40   01 02 41 06 52 45 4D 4F 54 45   
01 00 
S2F41 W
<L[2]
  <A[6] "REMOTE">
  <L[0]
  >
>
.
15:33:08.852: Receive S2F42(676990783).
00 00 02 2A 00 00 28 5A 0F 3F   01 01 21 01 01 
S2F42
<L[1]
  <B[1] 0x01>
>
.
15:33:12.851: Receive S2F42(676990784).
00 00 02 2A 00 00 28 5A 0F 40   01 01 21 01 01 
S2F42
<L[1]
  <B[1] 0x01>
>
.
15:33:19.047: Send S2F41(676990785).
00 00 82 29 00 00 28 5A 0F 41   01 02 41 09 50 50 5F 53 45 4C   
45 43 54 01 04 01 02 41 05 4C   4F 54 49 44 41 04 31 32 33 34   
01 02 41 04 50 50 49 44 41 06   47 50 54 45 53 54 01 02 41 03   
51 54 59 41 02 35 30 01 02 41   08 50 50 4E 75 6D 62 65 72 41   
02 35 30 
S2F41 W
<L[2]
  <A[9] "PP_SELECT">
  <L[4]
    <L[2]
      <A[5] "LOTID">
      <A[4] "1234">
    >
    <L[2]
      <A[4] "PPID">
      <A[6] "GPTEST">
    >
    <L[2]
      <A[3] "QTY">
      <A[2] "50">
    >
    <L[2]
      <A[8] "PPNumber">
      <A[2] "50">
    >
  >
>
.
15:33:19.207: Receive S9F7(1).
00 00 09 07 00 00 00 00 00 01   21 0A 00 00 82 29 00 00 28 5A   
0F 41 
S9F7
<B[10] 0x00 0x00 0x82 0x29 0x00 0x00 0x28 0x5A 0x0F 0x41>
.
15:33:27.916: Send S2F41(676990786).
S2F41 W
<L[2]
  <A[4] "STOP">
  <L[0]
  >
>
.
15:33:31.958: Receive S2F42(676990786).
00 00 02 2A 00 00 28 5A 0F 42   01 01 21 01 01 
S2F42
<L[1]
  <B[1] 0x01>
>
.
15:33:34.649: Send S2F41(676990787).
00 00 82 29 00 00 28 5A 0F 43   01 02 41 05 53 54 41 52 54 01   
00 
S2F41 W
<L[2]
  <A[5] "START">
  <L[0]
  >
>
.
15:33:38.659: Receive S2F42(676990787).
00 00 02 2A 00 00 28 5A 0F 43   01 01 21 01 00 
S2F42
<L[1]
  <B[1] 0x00>
>
.
15:34:04.207: T3 Timeout(676990785).
15:35:47.365: Send S2F41(676990790).
00 00 82 29 00 00 28 5A 0F 46   01 02 41 09 50 50 5F 53 45 4C   
45 43 54 01 04 01 02 41 05 4C   4F 54 49 44 41 04 31 32 33 34   
01 02 41 04 50 50 49 44 41 06   47 50 54 45 53 54 01 02 41 03   
51 54 59 41 02 35 30 01 02 41   08 50 50 4E 75 6D 62 65 72 41   
02 35 30 
S2F41 W
<L[2]
  <A[9] "PP_SELECT">
  <L[4]
    <L[2]
      <A[5] "LOTID">
      <A[4] "1234">
    >
    <L[2]
      <A[4] "PPID">
      <A[6] "GPTEST">
    >
    <L[2]
      <A[3] "QTY">
      <A[2] "50">
    >
    <L[2]
      <A[8] "PPNumber">
      <A[2] "50">
    >
  >
>
.
15:35:47.535: Receive S9F7(4).
00 00 09 07 00 00 00 00 00 04   21 0A 00 00 82 29 00 00 28 5A   
0F 46 
S9F7
<B[10] 0x00 0x00 0x82 0x29 0x00 0x00 0x28 0x5A 0x0F 0x46>
.
15:36:32.535: T3 Timeout(676990790).
15:47:07.643: Send S2F41(676990803).
00 00 82 29 00 00 28 5A 0F 53   01 02 41 09 50 50 5F 53 45 4C   
45 43 54 01 04 01 02 41 05 4C   4F 54 49 44 41 04 31 32 33 34   
01 02 41 04 50 50 49 44 41 06   47 50 54 45 53 54 01 02 41 03   
51 54 59 41 02 35 30 01 02 41   08 50 50 4E 75 6D 62 65 72 41   
02 35 30 
S2F41 W
<L[2]
  <A[9] "PP_SELECT">
  <L[4]
    <L[2]
      <A[5] "LOTID">
      <A[4] "1234">
    >
    <L[2]
      <A[4] "PPID">
      <A[6] "GPTEST">
    >
    <L[2]
      <A[3] "QTY">
      <A[2] "50">
    >
    <L[2]
      <A[8] "PPNumber">
      <A[2] "50">
    >
  >
>
.
15:47:07.696: Receive S9F7(17).
00 00 09 07 00 00 00 00 00 11   21 0A 00 00 82 29 00 00 28 5A   
0F 53 
S9F7
<B[10] 0x00 0x00 0x82 0x29 0x00 0x00 0x28 0x5A 0x0F 0x53>
.
15:47:44.469: Send S2F41(676990804).
00 00 82 29 00 00 28 5A 0F 54   01 02 41 09 50 50 5F 53 45 4C   
45 43 54 01 03 01 02 41 05 4C   4F 54 49 44 41 04 31 32 33 34   
01 02 41 04 50 50 49 44 41 06   47 50 54 45 53 54 01 02 41 03   
51 54 59 41 02 35 30 
S2F41 W
<L[2]
  <A[9] "PP_SELECT">
  <L[3]
    <L[2]
      <A[5] "LOTID">
      <A[4] "1234">
    >
    <L[2]
      <A[4] "PPID">
      <A[6] "GPTEST">
    >
    <L[2]
      <A[3] "QTY">
      <A[2] "50">
    >
  >
>
.
15:47:44.514: Receive S9F7(18).
00 00 09 07 00 00 00 00 00 12   21 0A 00 00 82 29 00 00 28 5A   
0F 54 
S9F7
<B[10] 0x00 0x00 0x82 0x29 0x00 0x00 0x28 0x5A 0x0F 0x54>
.
15:47:52.696: T3 Timeout(676990803).
15:48:29.515: T3 Timeout(676990804).
15:49:25.324: Send S2F41(676990807).
00 00 82 29 00 00 28 5A 0F 57   01 02 41 09 50 50 5F 53 45 4C   
45 43 54 01 04 01 02 41 05 4C   4F 54 49 44 41 04 31 32 33 34   
01 02 41 04 50 50 49 44 41 06   47 50 54 45 53 54 01 02 41 03   
51 54 59 41 02 35 30 01 02 41   08 50 50 4E 75 6D 62 65 72 41   
02 35 30 
S2F41 W
<L[2]
  <A[9] "PP_SELECT">
  <L[4]
    <L[2]
      <A[5] "LOTID">
      <A[4] "1234">
    >
    <L[2]
      <A[4] "PPID">
      <A[6] "GPTEST">
    >
    <L[2]
      <A[3] "QTY">
      <A[2] "50">
    >
    <L[2]
      <A[8] "PPNumber">
      <A[2] "50">
    >
  >
>
.
15:49:25.384: Receive S9F7(21).
00 00 09 07 00 00 00 00 00 15   21 0A 00 00 82 29 00 00 28 5A   
0F 57 
S9F7
<B[10] 0x00 0x00 0x82 0x29 0x00 0x00 0x28 0x5A 0x0F 0x57>
.
15:50:10.384: T3 Timeout(676990807).
Remote Server Disconnected!
HSMS Communication Disconnected!
Remote Server Disconnected!
HSMS Communication Disconnected!
HSMS Communication Disconnected!
SECS Emulator v1.5  2001/09/05
HSMS Communication Started!
HSMS Communication Disconnected!
SECS Emulator v1.5  2001/09/05
HSMS Communication Started!
HSMS Communication Disconnected!
SECS Emulator v1.5  2001/09/05
HSMS Communication Started!
HSMS Communication Disconnected!
SECS Emulator v1.5  2001/09/05
HSMS Communication Started!
HSMS Communication Disconnected!
SECS Emulator v1.5  2001/09/05
HSMS Communication Started!
15:52:03.587: Receive S1F13(0).
00 00 81 0D 00 00 00 00 00 00   01 02 41 10 48 34 5F 33 46 5F   
47 43 50 2D 37 31 32 43 52 42   41 05 31 2E 32 36 43 
S1F13 W
<L[2]
  <A[16] "H4_3F_GCP-712CRB">
  <A[5] "1.26C">
>
.
15:52:03.593: Send S1F14(0).
00 00 01 0E 00 00 00 00 00 00   01 02 21 01 00 01 00 
S1F14
<L[2]
  <B[1] 0x00>
  <L[0]
  >
>
.
15:52:03.622: Receive S1F1(1).
00 00 81 01 00 00 00 00 00 01 
S1F1 W
.
15:52:03.631: Send S1F2(1).
00 00 01 02 00 00 00 00 00 01   01 00 
S1F2
<L[0]
>
.
15:52:13.724: Send S2F41(678140378).
00 00 82 29 00 00 28 6B 99 DA   01 02 41 09 50 50 5F 53 45 4C   
45 43 54 01 04 01 02 41 05 4C   4F 54 49 44 41 04 31 32 33 34   
01 02 41 04 50 50 49 44 41 06   47 50 54 45 53 54 01 02 41 03   
51 54 59 41 02 35 30 01 02 41   08 50 50 4E 75 6D 62 65 72 41   
02 35 30 
S2F41 W
<L[2]
  <A[9] "PP_SELECT">
  <L[4]
    <L[2]
      <A[5] "LOTID">
      <A[4] "1234">
    >
    <L[2]
      <A[4] "PPID">
      <A[6] "GPTEST">
    >
    <L[2]
      <A[3] "QTY">
      <A[2] "50">
    >
    <L[2]
      <A[8] "PPNumber">
      <A[2] "50">
    >
  >
>
.
15:52:13.779: Receive S9F7(2).
00 00 09 07 00 00 00 00 00 02   21 0A 00 00 82 29 00 00 28 6B   
99 DA 
S9F7
<B[10] 0x00 0x00 0x82 0x29 0x00 0x00 0x28 0x6B 0x99 0xDA>
.
15:52:58.780: T3 Timeout(678140378).
Remote Server Disconnected!
HSMS Communication Disconnected!
HSMS Communication Disconnected!
SECS Emulator v1.5  2001/09/05
HSMS Communication Started!
HSMS Communication Disconnected!
SECS Emulator v1.5  2001/09/05
HSMS Communication Started!
HSMS Communication Disconnected!
SECS Emulator v1.5  2001/09/05
HSMS Communication Started!
HSMS Communication Disconnected!
SECS Emulator v1.5  2001/09/05
HSMS Communication Started!
HSMS Communication Disconnected!
SECS Emulator v1.5  2001/09/05
HSMS Communication Started!
HSMS Communication Disconnected!
SECS Emulator v1.5  2001/09/05
HSMS Communication Started!
HSMS Communication Disconnected!
SECS Emulator v1.5  2001/09/05
HSMS Communication Started!
HSMS Communication Disconnected!
SECS Emulator v1.5  2001/09/05
HSMS Communication Started!
HSMS Communication Disconnected!
SECS Emulator v1.5  2001/09/05
HSMS Communication Started!
HSMS Communication Disconnected!
SECS Emulator v1.5  2001/09/05
HSMS Communication Started!
HSMS Communication Disconnected!
SECS Emulator v1.5  2001/09/05
HSMS Communication Started!
15:55:47.856: Receive S1F13(0).
00 00 81 0D 00 00 00 00 00 00   01 02 41 10 48 34 5F 33 46 5F   
47 43 50 2D 37 31 32 43 52 42   41 05 31 2E 32 36 43 
S1F13 W
<L[2]
  <A[16] "H4_3F_GCP-712CRB">
  <A[5] "1.26C">
>
.
15:55:47.877: Send S1F14(0).
00 00 01 0E 00 00 00 00 00 00   01 02 21 01 00 01 00 
S1F14
<L[2]
  <B[1] 0x00>
  <L[0]
  >
>
.
15:55:47.917: Receive S1F1(1).
00 00 81 01 00 00 00 00 00 01 
S1F1 W
.
15:55:47.930: Send S1F2(1).
00 00 01 02 00 00 00 00 00 01   01 00 
S1F2
<L[0]
>
.
15:55:54.218: Send S2F41(678363893).
00 00 82 29 00 00 28 6F 02 F5   01 02 41 09 50 50 5F 53 45 4C   
45 43 54 01 04 01 02 41 05 4C   4F 54 49 44 41 04 31 32 33 34   
01 02 41 04 50 50 49 44 41 06   47 50 54 45 53 54 01 02 41 03   
51 54 59 41 02 35 30 01 02 41   08 50 50 4E 75 6D 62 65 72 41   
02 35 30 
S2F41 W
<L[2]
  <A[9] "PP_SELECT">
  <L[4]
    <L[2]
      <A[5] "LOTID">
      <A[4] "1234">
    >
    <L[2]
      <A[4] "PPID">
      <A[6] "GPTEST">
    >
    <L[2]
      <A[3] "QTY">
      <A[2] "50">
    >
    <L[2]
      <A[8] "PPNumber">
      <A[2] "50">
    >
  >
>
.
15:56:25.781: Send S2F41(678363894).
00 00 82 29 00 00 28 6F 02 F6   01 02 41 09 50 50 5F 53 45 4C   
45 43 54 01 04 01 02 41 05 4C   4F 54 49 44 41 04 31 32 33 34   
01 02 41 04 50 50 49 44 41 06   47 50 54 45 53 54 01 02 41 03   
51 54 59 41 02 35 30 01 02 41   08 50 50 4E 75 6D 62 65 72 41   
02 35 30 
S2F41 W
<L[2]
  <A[9] "PP_SELECT">
  <L[4]
    <L[2]
      <A[5] "LOTID">
      <A[4] "1234">
    >
    <L[2]
      <A[4] "PPID">
      <A[6] "GPTEST">
    >
    <L[2]
      <A[3] "QTY">
      <A[2] "50">
    >
    <L[2]
      <A[8] "PPNumber">
      <A[2] "50">
    >
  >
>
.
15:56:39.267: T3 Timeout(678363893).
15:57:09.782: Send S2F41(678363896).
00 00 82 29 00 00 28 6F 02 F8   01 02 41 09 50 50 5F 53 45 4C   
45 43 54 01 04 01 02 41 05 4C   4F 54 49 44 41 04 31 32 33 34   
01 02 41 04 50 50 49 44 41 06   47 50 54 45 53 54 01 02 41 03   
51 54 59 41 02 35 30 01 02 41   08 50 50 4E 75 6D 62 65 72 41   
02 35 30 
S2F41 W
<L[2]
  <A[9] "PP_SELECT">
  <L[4]
    <L[2]
      <A[5] "LOTID">
      <A[4] "1234">
    >
    <L[2]
      <A[4] "PPID">
      <A[6] "GPTEST">
    >
    <L[2]
      <A[3] "QTY">
      <A[2] "50">
    >
    <L[2]
      <A[8] "PPNumber">
      <A[2] "50">
    >
  >
>
.
15:57:10.841: T3 Timeout(678363894).
15:57:21.844: Send S2F41(678363897).
00 00 82 29 00 00 28 6F 02 F9   01 02 41 05 4C 4F 43 41 4C 01   
00 
S2F41 W
<L[2]
  <A[5] "LOCAL">
  <L[0]
  >
>
.
15:57:26.261: Receive S2F42(678363897).
00 00 02 2A 00 00 28 6F 02 F9   01 01 21 01 02 
S2F42
<L[1]
  <B[1] 0x02>
>
.
15:57:50.078: Send S2F41(678363899).
00 00 82 29 00 00 28 6F 02 FB   01 02 41 09 50 50 5F 53 45 4C   
45 43 54 01 04 01 02 41 05 4C   4F 54 49 44 41 04 31 32 33 34   
01 02 41 04 50 50 49 44 41 06   47 50 54 45 53 54 01 02 41 03   
51 54 59 41 02 35 30 01 02 41   08 50 50 4E 75 6D 62 65 72 41   
02 35 30 
S2F41 W
<L[2]
  <A[9] "PP_SELECT">
  <L[4]
    <L[2]
      <A[5] "LOTID">
      <A[4] "1234">
    >
    <L[2]
      <A[4] "PPID">
      <A[6] "GPTEST">
    >
    <L[2]
      <A[3] "QTY">
      <A[2] "50">
    >
    <L[2]
      <A[8] "PPNumber">
      <A[2] "50">
    >
  >
>
.
15:57:54.838: T3 Timeout(678363896).
15:58:35.139: T3 Timeout(678363899).
16:02:45.811: Send S2F41(678363904).
00 00 82 29 00 00 28 6F 03 00   01 02 41 06 52 45 4D 4F 54 45   
01 00 
S2F41 W
<L[2]
  <A[6] "REMOTE">
  <L[0]
  >
>
.
16:02:49.862: Receive S2F42(678363904).
00 00 02 2A 00 00 28 6F 03 00   01 01 21 01 00 
S2F42
<L[1]
  <B[1] 0x00>
>
.
16:03:03.244: Send S2F41(678363906).
00 00 82 29 00 00 28 6F 03 02   01 02 41 05 4C 4F 43 41 4C 01   
00 
S2F41 W
<L[2]
  <A[5] "LOCAL">
  <L[0]
  >
>
.
16:03:07.256: Receive S2F42(678363906).
00 00 02 2A 00 00 28 6F 03 02   01 01 21 01 00 
S2F42
<L[1]
  <B[1] 0x00>
>
.
16:03:29.369: Send S2F41(678363907).
00 00 82 29 00 00 28 6F 03 03   01 02 41 05 4C 4F 43 41 31 01   
00 
S2F41 W
<L[2]
  <A[5] "LOCA1">
  <L[0]
  >
>
.
16:03:33.365: Receive S2F42(678363907).
00 00 02 2A 00 00 28 6F 03 03   01 01 21 01 01 
S2F42
<L[1]
  <B[1] 0x01>
>
.
16:28:09.772: Send S1F3(678363933).
00 00 81 03 00 00 28 6F 03 1D   01 00 
S1F3 W
<L[0]
>
.
16:28:09.809: Receive S1F4(678363933).
00 00 01 04 00 00 28 6F 03 1D   01 44 A5 01 04 A5 01 04 01 A8   
B1 04 00 00 C3 51 B1 04 00 00   C3 52 B1 04 00 00 C3 53 B1 04   
00 00 C3 54 B1 04 00 00 C3 55   B1 04 00 00 C3 56 B1 04 00 00   
C3 57 B1 04 00 00 C3 58 B1 04   00 00 C3 59 B1 04 00 00 C3 5A   
B1 04 00 00 C3 5B B1 04 00 00   C3 5C B1 04 00 00 C3 5D B1 04   
00 00 C3 5E B1 04 00 00 C3 5F   B1 04 00 00 C3 60 B1 04 00 00   
C3 61 B1 04 00 00 C3 62 B1 04   00 00 C3 63 B1 04 00 00 C3 64   
B1 04 00 00 C3 65 B1 04 00 00   C3 66 B1 04 00 00 C3 67 B1 04   
00 00 C3 68 B1 04 00 00 C3 69   B1 04 00 00 C3 6A B1 04 00 00   
C3 6B B1 04 00 00 C3 6C B1 04   00 00 C3 6D B1 04 00 00 C3 6E   
B1 04 00 00 C3 6F B1 04 00 00   C3 70 B1 04 00 00 C3 71 B1 04   
00 00 C3 72 B1 04 00 00 C3 73   B1 04 00 00 C3 75 B1 04 00 00   
C3 76 B1 04 00 00 C3 77 B1 04   00 00 C3 78 B1 04 00 00 C3 79   
B1 04 00 00 C3 7A B1 04 00 00   C3 7B B1 04 00 00 C3 7C B1 04   
00 00 C3 7D B1 04 00 00 C3 7E   B1 04 00 00 C3 7F B1 04 00 00   
C3 80 B1 04 00 00 C3 81 B1 04   00 00 C3 82 B1 04 00 00 C3 83   
B1 04 00 00 C3 84 B1 04 00 00   C3 85 B1 04 00 00 C3 86 B1 04   
00 00 C3 87 B1 04 00 00 C3 88   B1 04 00 00 C3 89 B1 04 00 00   
C3 8A B1 04 00 00 C3 8B B1 04   00 00 C3 8C B1 04 00 00 C3 8D   
B1 04 00 00 C3 8E B1 04 00 00   C3 8F B1 04 00 00 C3 90 B1 04   
00 00 C3 91 B1 04 00 00 C3 92   B1 04 00 00 C3 93 B1 04 00 00   
C3 94 B1 04 00 00 C3 95 B1 04   00 00 C3 96 B1 04 00 00 C3 97   
B1 04 00 00 C3 98 B1 04 00 00   C3 99 B1 04 00 00 C3 9A B1 04   
00 00 C3 9B B1 04 00 00 C3 9C   B1 04 00 00 C3 9D B1 04 00 00   
C3 9E B1 04 00 00 C3 9F B1 04   00 00 C3 A0 B1 04 00 00 C3 A1   
B1 04 00 00 C3 A2 B1 04 00 00   C3 A3 B1 04 00 00 C3 A4 B1 04   
00 00 C3 A5 B1 04 00 00 C3 A6   B1 04 00 00 C3 A7 B1 04 00 00   
C3 A8 B1 04 00 00 C3 A9 B1 04   00 00 C3 AA B1 04 00 00 C3 AB   
B1 04 00 00 C3 AC B1 04 00 00   C3 AD B1 04 00 00 C3 AE B1 04   
00 00 C3 AF B1 04 00 00 C3 B0   B1 04 00 00 C3 B1 B1 04 00 00   
C3 B2 B1 04 00 00 C3 B3 B1 04   00 00 C3 B4 B1 04 00 00 C3 B5   
B1 04 00 00 C3 B6 B1 04 00 00   C3 B7 B1 04 00 00 C3 B8 B1 04   
00 00 C3 B9 B1 04 00 00 C3 BA   B1 04 00 00 C3 BB B1 04 00 00   
C3 BC B1 04 00 00 C3 BD B1 04   00 00 C3 BE B1 04 00 00 C3 BF   
B1 04 00 00 C3 C0 B1 04 00 00   C3 C1 B1 04 00 00 C3 C2 B1 04   
00 00 C3 C3 B1 04 00 00 C3 C4   B1 04 00 00 C3 C5 B1 04 00 00   
C3 C6 B1 04 00 00 C3 C7 B1 04   00 00 C3 C8 B1 04 00 00 C3 C9   
B1 04 00 00 C3 CA B1 04 00 00   C3 CB B1 04 00 00 C3 CC B1 04   
00 00 C3 CD B1 04 00 00 13 94   B1 04 00 00 13 94 B1 04 00 00   
C3 D0 B1 04 00 00 C3 D1 B1 04   00 00 C3 D2 B1 04 00 00 C3 D3   
B1 04 00 00 C3 D4 B1 04 00 00   C3 D5 B1 04 00 00 C3 D6 B1 04   
00 00 C3 D7 B1 04 00 00 C3 D8   B1 04 00 00 C3 D9 B1 04 00 00   
C3 DA B1 04 00 00 C3 DB B1 04   00 00 C3 DC B1 04 00 00 C3 DD   
B1 04 00 00 C3 DE B1 04 00 00   C3 DF B1 04 00 00 C3 E0 B1 04   
00 00 C3 E1 B1 04 00 00 C3 E2   B1 04 00 00 C3 E3 B1 04 00 00   
C3 E4 B1 04 00 00 C3 E5 B1 04   00 00 C3 E6 B1 04 00 00 C3 E7   
B1 04 00 00 C3 E8 B1 04 00 00   C3 E9 B1 04 00 00 C3 EA B1 04   
00 00 C3 EB B1 04 00 00 C3 EC   B1 04 00 00 C3 ED B1 04 00 00   
C3 EE B1 04 00 00 C3 EF B1 04   00 00 C3 F0 B1 04 00 00 C3 F1   
B1 04 00 00 C3 F2 B1 04 00 00   C3 F3 B1 04 00 00 C3 F4 B1 04   
00 00 C3 F5 B1 04 00 00 C3 F6   B1 04 00 00 C3 F7 B1 04 00 00   
C3 F8 B1 04 00 00 C3 F9 01 00   21 01 01 B1 04 00 26 00 26 B1   
04 00 00 00 26 41 10 20 20 20   20 20 20 20 20 20 20 20 20 20   
20 20 20 41 10 32 30 32 30 30   35 30 35 31 34 35 30 31 30 37   
31 41 10 32 30 32 30 30 35 30   35 31 36 32 37 33 33 38 39 01   
12 B1 04 00 00 00 12 B1 04 00   00 00 13 B1 04 00 00 00 16 B1   
04 00 00 EA 61 B1 04 00 00 EA   62 B1 04 00 00 EA 63 B1 04 00   
00 EA 64 B1 04 00 00 EA 65 B1   04 00 00 EA 66 B1 04 00 00 EA   
67 B1 04 00 00 EA 68 B1 04 00   00 EA 69 B1 04 00 00 EA 6A B1   
04 00 00 EA 6B B1 04 00 00 EA   6C B1 04 00 00 EA 6D B1 04 00   
00 EA 6E B1 04 00 00 EA 6F 01   00 A9 02 00 01 41 14 20 20 20   
20 20 20 20 20 20 20 20 20 20   20 20 20 20 20 20 20 41 14 20   
20 20 20 20 20 20 20 20 20 20   20 20 20 20 20 20 20 20 20 41   
14 20 20 20 20 20 20 20 20 20   20 20 20 20 20 20 20 20 20 20   
20 41 14 48 34 5F 47 43 50 2D   37 31 32 43 52 42 20 20 20 20   
20 20 20 41 02 20 20 41 14 20   20 20 20 20 20 20 20 20 20 20   
20 20 20 20 20 20 20 20 20 A9   02 03 E8 A9 02 05 14 A9 02 05   
DC A9 02 05 DC A9 02 05 DC A9   02 05 DC A9 02 05 DC A9 02 05   
DC A9 02 05 DC A9 02 05 DC A9   02 05 DC A9 02 05 DC A9 02 00   
01 A9 02 00 BE A9 02 03 E8 A9   02 05 15 A9 02 05 DD A9 02 05   
DC A9 02 05 DC A9 02 05 DC A9   02 05 DC A9 02 05 DC A9 02 05   
DC A9 02 05 DC A9 02 05 DC A9   02 05 DC A9 02 00 05 A9 02 00   
41 A9 02 00 03 A9 02 00 03 A9   02 00 02 A9 02 00 02 A9 02 00   
02 A9 02 00 02 A9 02 00 03 A9   02 00 02 A9 02 00 01 A9 02 00   
08 41 10 30 30 30 30 30 30 30   30 30 30 30 30 30 30 30 30 A9   
02 00 04 A9 02 00 01 A9 02 00   00 41 01 20 41 01 20 41 01 30   
41 01 30 A9 02 00 00 A9 02 00   00 A9 02 00 00 
S1F4
<L[68]
  <U1[1] 4>
  <U1[1] 4>
  <L[168]
    <U4[1] 50001>
    <U4[1] 50002>
    <U4[1] 50003>
    <U4[1] 50004>
    <U4[1] 50005>
    <U4[1] 50006>
    <U4[1] 50007>
    <U4[1] 50008>
    <U4[1] 50009>
    <U4[1] 50010>
    <U4[1] 50011>
    <U4[1] 50012>
    <U4[1] 50013>
    <U4[1] 50014>
    <U4[1] 50015>
    <U4[1] 50016>
    <U4[1] 50017>
    <U4[1] 50018>
    <U4[1] 50019>
    <U4[1] 50020>
    <U4[1] 50021>
    <U4[1] 50022>
    <U4[1] 50023>
    <U4[1] 50024>
    <U4[1] 50025>
    <U4[1] 50026>
    <U4[1] 50027>
    <U4[1] 50028>
    <U4[1] 50029>
    <U4[1] 50030>
    <U4[1] 50031>
    <U4[1] 50032>
    <U4[1] 50033>
    <U4[1] 50034>
    <U4[1] 50035>
    <U4[1] 50037>
    <U4[1] 50038>
    <U4[1] 50039>
    <U4[1] 50040>
    <U4[1] 50041>
    <U4[1] 50042>
    <U4[1] 50043>
    <U4[1] 50044>
    <U4[1] 50045>
    <U4[1] 50046>
    <U4[1] 50047>
    <U4[1] 50048>
    <U4[1] 50049>
    <U4[1] 50050>
    <U4[1] 50051>
    <U4[1] 50052>
    <U4[1] 50053>
    <U4[1] 50054>
    <U4[1] 50055>
    <U4[1] 50056>
    <U4[1] 50057>
    <U4[1] 50058>
    <U4[1] 50059>
    <U4[1] 50060>
    <U4[1] 50061>
    <U4[1] 50062>
    <U4[1] 50063>
    <U4[1] 50064>
    <U4[1] 50065>
    <U4[1] 50066>
    <U4[1] 50067>
    <U4[1] 50068>
    <U4[1] 50069>
    <U4[1] 50070>
    <U4[1] 50071>
    <U4[1] 50072>
    <U4[1] 50073>
    <U4[1] 50074>
    <U4[1] 50075>
    <U4[1] 50076>
    <U4[1] 50077>
    <U4[1] 50078>
    <U4[1] 50079>
    <U4[1] 50080>
    <U4[1] 50081>
    <U4[1] 50082>
    <U4[1] 50083>
    <U4[1] 50084>
    <U4[1] 50085>
    <U4[1] 50086>
    <U4[1] 50087>
    <U4[1] 50088>
    <U4[1] 50089>
    <U4[1] 50090>
    <U4[1] 50091>
    <U4[1] 50092>
    <U4[1] 50093>
    <U4[1] 50094>
    <U4[1] 50095>
    <U4[1] 50096>
    <U4[1] 50097>
    <U4[1] 50098>
    <U4[1] 50099>
    <U4[1] 50100>
    <U4[1] 50101>
    <U4[1] 50102>
    <U4[1] 50103>
    <U4[1] 50104>
    <U4[1] 50105>
    <U4[1] 50106>
    <U4[1] 50107>
    <U4[1] 50108>
    <U4[1] 50109>
    <U4[1] 50110>
    <U4[1] 50111>
    <U4[1] 50112>
    <U4[1] 50113>
    <U4[1] 50114>
    <U4[1] 50115>
    <U4[1] 50116>
    <U4[1] 50117>
    <U4[1] 50118>
    <U4[1] 50119>
    <U4[1] 50120>
    <U4[1] 50121>
    <U4[1] 50122>
    <U4[1] 50123>
    <U4[1] 50124>
    <U4[1] 50125>
    <U4[1] 5012>
    <U4[1] 5012>
    <U4[1] 50128>
    <U4[1] 50129>
    <U4[1] 50130>
    <U4[1] 50131>
    <U4[1] 50132>
    <U4[1] 50133>
    <U4[1] 50134>
    <U4[1] 50135>
    <U4[1] 50136>
    <U4[1] 50137>
    <U4[1] 50138>
    <U4[1] 50139>
    <U4[1] 50140>
    <U4[1] 50141>
    <U4[1] 50142>
    <U4[1] 50143>
    <U4[1] 50144>
    <U4[1] 50145>
    <U4[1] 50146>
    <U4[1] 50147>
    <U4[1] 50148>
    <U4[1] 50149>
    <U4[1] 50150>
    <U4[1] 50151>
    <U4[1] 50152>
    <U4[1] 50153>
    <U4[1] 50154>
    <U4[1] 50155>
    <U4[1] 50156>
    <U4[1] 50157>
    <U4[1] 50158>
    <U4[1] 50159>
    <U4[1] 50160>
    <U4[1] 50161>
    <U4[1] 50162>
    <U4[1] 50163>
    <U4[1] 50164>
    <U4[1] 50165>
    <U4[1] 50166>
    <U4[1] 50167>
    <U4[1] 50168>
    <U4[1] 50169>
  >
  <L[0]
  >
  <B[1] 0x01>
  <U4[1] 2490406>
  <U4[1] 38>
  <A[16] "                ">
  <A[16] "2020050514501071">
  <A[16] "2020050516273389">
  <L[18]
    <U4[1] 18>
    <U4[1] 19>
    <U4[1] 22>
    <U4[1] 60001>
    <U4[1] 60002>
    <U4[1] 60003>
    <U4[1] 60004>
    <U4[1] 60005>
    <U4[1] 60006>
    <U4[1] 60007>
    <U4[1] 60008>
    <U4[1] 60009>
    <U4[1] 60010>
    <U4[1] 60011>
    <U4[1] 60012>
    <U4[1] 60013>
    <U4[1] 60014>
    <U4[1] 60015>
  >
  <L[0]
  >
  <U2[1] 1>
  <A[20] "                    ">
  <A[20] "                    ">
  <A[20] "                    ">
  <A[20] "H4_GCP-712CRB       ">
  <A[2] "  ">
  <A[20] "                    ">
  <U2[1] 1000>
  <U2[1] 1300>
  <U2[1] 1500>
  <U2[1] 1500>
  <U2[1] 1500>
  <U2[1] 1500>
  <U2[1] 1500>
  <U2[1] 1500>
  <U2[1] 1500>
  <U2[1] 1500>
  <U2[1] 1500>
  <U2[1] 1500>
  <U2[1] 1>
  <U2[1] 190>
  <U2[1] 1000>
  <U2[1] 1301>
  <U2[1] 1501>
  <U2[1] 1500>
  <U2[1] 1500>
  <U2[1] 1500>
  <U2[1] 1500>
  <U2[1] 1500>
  <U2[1] 1500>
  <U2[1] 1500>
  <U2[1] 1500>
  <U2[1] 1500>
  <U2[1] 5>
  <U2[1] 65>
  <U2[1] 3>
  <U2[1] 3>
  <U2[1] 2>
  <U2[1] 2>
  <U2[1] 2>
  <U2[1] 2>
  <U2[1] 3>
  <U2[1] 2>
  <U2[1] 1>
  <U2[1] 8>
  <A[16] "0000000000000000">
  <U2[1] 4>
  <U2[1] 1>
  <U2[1] 0>
  <A[1] " ">
  <A[1] " ">
  <A[1] "0">
  <A[1] "0">
  <U2[1] 0>
  <U2[1] 0>
  <U2[1] 0>
>
.
16:28:29.544: Send S1F3(678363934).
00 00 81 03 00 00 28 6F 03 1E   01 0E B1 04 00 00 27 17 B1 04   
00 00 27 18 B1 04 00 00 27 19   B1 04 00 00 27 1A B1 04 00 00   
27 1B B1 04 00 00 27 1C B1 04   00 00 27 1D B1 04 00 00 27 1E   
B1 04 00 00 27 1F B1 04 00 00   27 20 B1 04 00 00 27 21 B1 04   
00 00 27 22 B1 04 00 00 EA 61   B1 04 00 00 00 1D 
S1F3 W
<L[14]
  <U4[1] 10007>
  <U4[1] 10008>
  <U4[1] 10009>
  <U4[1] 10010>
  <U4[1] 10011>
  <U4[1] 10012>
  <U4[1] 10013>
  <U4[1] 10014>
  <U4[1] 10015>
  <U4[1] 10016>
  <U4[1] 10017>
  <U4[1] 10018>
  <U4[1] 60001>
  <U4[1] 29>
>
.
16:28:29.663: Receive S1F4(678363934).
00 00 01 04 00 00 28 6F 03 1E   01 0E A9 02 03 E8 A9 02 05 14   
A9 02 05 DC A9 02 05 DC A9 02   05 DC A9 02 05 DC A9 02 05 DC   
A9 02 05 DC A9 02 05 DC A9 02   05 DC A9 02 05 DC A9 02 05 DC   
41 10 30 30 30 30 30 30 30 30   30 30 30 30 30 30 30 30 41 10   
32 30 32 30 30 35 30 35 31 36   32 37 35 33 36 35 
S1F4
<L[14]
  <U2[1] 1000>
  <U2[1] 1300>
  <U2[1] 1500>
  <U2[1] 1500>
  <U2[1] 1500>
  <U2[1] 1500>
  <U2[1] 1500>
  <U2[1] 1500>
  <U2[1] 1500>
  <U2[1] 1500>
  <U2[1] 1500>
  <U2[1] 1500>
  <A[16] "0000000000000000">
  <A[16] "2020050516275365">
>
.
HSMS Communication Disconnected!
SECS Emulator v1.5  2001/09/05
HSMS Communication Started!
HSMS Communication Disconnected!
SECS Emulator v1.5  2001/09/05
HSMS Communication Started!
HSMS Communication Disconnected!
SECS Emulator v1.5  2001/09/05
HSMS Communication Started!
HSMS Communication Disconnected!
SECS Emulator v1.5  2001/09/05
HSMS Communication Started!
HSMS Communication Disconnected!
SECS Emulator v1.5  2001/09/05
HSMS Communication Started!
16:31:48.292: Receive S1F13(0).
00 00 81 0D 00 00 00 00 00 00   01 02 41 10 48 34 5F 33 46 5F   
47 43 50 2D 37 31 32 43 52 42   41 05 31 2E 32 36 43 
S1F13 W
<L[2]
  <A[16] "H4_3F_GCP-712CRB">
  <A[5] "1.26C">
>
.
16:31:48.347: Send S1F14(0).
00 00 01 0E 00 00 00 00 00 00   01 02 21 01 00 01 00 
S1F14
<L[2]
  <B[1] 0x00>
  <L[0]
  >
>
.
16:31:51.989: Send S1F1(680525080).
00 00 81 01 00 00 28 8F FD 18 
S1F1 W
.
16:31:52.017: Receive S1F2(680525080).
00 00 01 02 00 00 28 8F FD 18   01 02 41 10 48 34 5F 33 46 5F   
47 43 50 2D 37 31 32 43 52 42   41 05 31 2E 32 36 43 
S1F2
<L[2]
  <A[16] "H4_3F_GCP-712CRB">
  <A[5] "1.26C">
>
.
16:31:54.940: Send S1F3(680525081).
00 00 81 03 00 00 28 8F FD 19   01 0E B1 04 00 00 27 17 B1 04   
00 00 27 18 B1 04 00 00 27 19   B1 04 00 00 27 1A B1 04 00 00   
27 1B B1 04 00 00 27 1C B1 04   00 00 27 1D B1 04 00 00 27 1E   
B1 04 00 00 27 1F B1 04 00 00   27 20 B1 04 00 00 27 21 B1 04   
00 00 27 22 B1 04 00 00 EA 61   B1 04 00 00 00 1D 
S1F3 W
<L[14]
  <U4[1] 10007>
  <U4[1] 10008>
  <U4[1] 10009>
  <U4[1] 10010>
  <U4[1] 10011>
  <U4[1] 10012>
  <U4[1] 10013>
  <U4[1] 10014>
  <U4[1] 10015>
  <U4[1] 10016>
  <U4[1] 10017>
  <U4[1] 10018>
  <U4[1] 60001>
  <U4[1] 29>
>
.
16:31:55.084: Receive S1F4(680525081).
00 00 01 04 00 00 28 8F FD 19   01 0E A9 02 03 E8 A9 02 05 14   
A9 02 05 DC A9 02 05 DC A9 02   05 DC A9 02 05 DC A9 02 05 DC   
A9 02 05 DC A9 02 05 DC A9 02   05 DC A9 02 05 DC A9 02 05 DC   
41 0C 39 39 30 30 30 30 30 30   30 30 30 30 41 10 32 30 32 30   
30 35 30 35 31 36 33 31 31 39   30 36 
S1F4
<L[14]
  <U2[1] 1000>
  <U2[1] 1300>
  <U2[1] 1500>
  <U2[1] 1500>
  <U2[1] 1500>
  <U2[1] 1500>
  <U2[1] 1500>
  <U2[1] 1500>
  <U2[1] 1500>
  <U2[1] 1500>
  <U2[1] 1500>
  <U2[1] 1500>
  <A[12] "990000000000">
  <A[16] "2020050516311906">
>
.
16:33:18.838: Send S2F17(680525083).
00 00 82 11 00 00 28 8F FD 1B 
S2F17 W
.
16:33:18.873: Receive S2F18(680525083).
00 00 02 12 00 00 28 8F FD 1B   41 0C 32 30 30 35 30 35 31 36   
33 32 34 32 
S2F18
<A[12] "200505163242">
.
Remote Server Disconnected!
HSMS Communication Disconnected!
HSMS Communication Disconnected!
SECS Emulator v1.5  2001/09/05
HSMS Communication Started!
16:54:24.094: Receive S1F13(0).
00 00 81 0D 00 00 00 00 00 00   01 02 41 10 48 34 5F 33 46 5F   
47 43 50 2D 37 31 32 43 52 42   41 05 31 2E 32 36 43 
S1F13 W
<L[2]
  <A[16] "H4_3F_GCP-712CRB">
  <A[5] "1.26C">
>
.
16:54:24.149: Send S1F14(0).
00 00 01 0E 00 00 00 00 00 00   01 02 21 01 00 01 00 
S1F14
<L[2]
  <B[1] 0x00>
  <L[0]
  >
>
.
16:54:26.807: Send S2F17(681880861).
00 00 82 11 00 00 28 A4 AD 1D 
S2F17 W
.
16:54:26.836: Receive S2F18(681880861).
00 00 02 12 00 00 28 A4 AD 1D   41 0C 32 30 30 35 30 35 31 36   
35 33 35 31 
S2F18
<A[12] "200505165351">
.
HSMS Communication Disconnected!
