SECS Emulator v1.5  2001/09/05
HSMS Communication Started!
HSMS Communication Disconnected!
SECS Emulator v1.5  2001/09/05
HSMS Communication Started!
15:35:27.046: Receive S1F13(0).
00 00 81 0D 00 00 00 00 00 00   01 02 41 0D 48 34 5F 47 43 50   
2D 37 31 32 43 52 42 41 05 31   2E 32 36 43 
S1F13 W
<L[2]
  <A[13] "H4_GCP-712CRB">
  <A[5] "1.26C">
>
.
15:35:27.069: Send S1F14(0).
00 00 01 0E 00 00 00 00 00 00   01 02 21 01 00 01 00 
S1F14
<L[2]
  <B[1] 0x00>
  <L[0]
  >
>
.
15:38:50.440: Send S1F3(158703506).
00 00 81 03 00 00 09 75 9F 92   01 09 B1 04 00 00 27 11 B1 04   
00 00 27 12 B1 04 00 00 27 13   B1 04 00 00 27 14 B1 04 00 00   
27 15 B1 04 00 00 27 16 B1 04   00 00 27 17 B1 04 00 00 27 18   
B1 04 00 00 27 19 
S1F3 W
<L[9]
  <U4[1] 10001>
  <U4[1] 10002>
  <U4[1] 10003>
  <U4[1] 10004>
  <U4[1] 10005>
  <U4[1] 10006>
  <U4[1] 10007>
  <U4[1] 10008>
  <U4[1] 10009>
>
.
15:38:50.475: Receive S1F4(158703506).
00 00 01 04 00 00 09 75 9F 92   01 09 41 14 20 20 20 20 20 20   
20 20 20 20 20 20 20 20 20 20   20 20 20 20 41 14 20 20 20 20   
20 20 20 20 20 20 20 20 20 20   20 20 20 20 20 20 41 14 20 20   
20 20 20 20 20 20 20 20 20 20   20 20 20 20 20 20 20 20 41 14   
48 34 5F 47 43 50 2D 37 31 32   43 52 42 20 20 20 20 20 20 20   
41 02 20 20 41 14 20 20 20 20   20 20 20 20 20 20 20 20 20 20   
20 20 20 20 20 20 A9 02 03 E8   A9 02 05 14 A9 02 05 DC 
S1F4
<L[9]
  <A[20] "                    ">
  <A[20] "                    ">
  <A[20] "                    ">
  <A[20] "H4_GCP-712CRB       ">
  <A[2] "  ">
  <A[20] "                    ">
  <U2[1] 1000>
  <U2[1] 1300>
  <U2[1] 1500>
>
.
15:54:22.278: Send S1F3(158703522).
00 00 81 03 00 00 09 75 9F A2   01 2C B1 04 00 00 27 11 B1 04   
00 00 27 12 B1 04 00 00 27 13   B1 04 00 00 27 14 B1 04 00 00   
27 15 B1 04 00 00 27 16 B1 04   00 00 27 17 B1 04 00 00 27 18   
B1 04 00 00 27 19 B1 04 00 00   27 1A B1 04 00 00 27 1B B1 04   
00 00 27 1C B1 04 00 00 27 1D   B1 04 00 00 27 1E B1 04 00 00   
27 1F B1 04 00 00 27 20 B1 04   00 00 27 21 B1 04 00 00 27 22   
B1 04 00 00 27 23 B1 04 00 00   27 24 B1 04 00 00 27 25 B1 04   
00 00 27 26 B1 04 00 00 27 27   B1 04 00 00 27 28 B1 04 00 00   
27 29 B1 04 00 00 27 2A B1 04   00 00 27 2B B1 04 00 00 27 2C   
B1 04 00 00 27 2D B1 04 00 00   27 2E B1 04 00 00 27 2F B1 04   
00 00 27 30 B1 04 00 00 27 31   B1 04 00 00 27 32 B1 04 00 00   
27 33 B1 04 00 00 27 34 B1 04   00 00 27 35 B1 04 00 00 27 36   
B1 04 00 00 27 37 B1 04 00 00   27 38 B1 04 00 00 27 39 B1 04   
00 00 27 3A B1 04 00 00 27 3B   B1 04 00 00 27 3C 
S1F3 W
<L[44]
  <U4[1] 10001>
  <U4[1] 10002>
  <U4[1] 10003>
  <U4[1] 10004>
  <U4[1] 10005>
  <U4[1] 10006>
  <U4[1] 10007>
  <U4[1] 10008>
  <U4[1] 10009>
  <U4[1] 10010>
  <U4[1] 10011>
  <U4[1] 10012>
  <U4[1] 10013>
  <U4[1] 10014>
  <U4[1] 10015>
  <U4[1] 10016>
  <U4[1] 10017>
  <U4[1] 10018>
  <U4[1] 10019>
  <U4[1] 10020>
  <U4[1] 10021>
  <U4[1] 10022>
  <U4[1] 10023>
  <U4[1] 10024>
  <U4[1] 10025>
  <U4[1] 10026>
  <U4[1] 10027>
  <U4[1] 10028>
  <U4[1] 10029>
  <U4[1] 10030>
  <U4[1] 10031>
  <U4[1] 10032>
  <U4[1] 10033>
  <U4[1] 10034>
  <U4[1] 10035>
  <U4[1] 10036>
  <U4[1] 10037>
  <U4[1] 10038>
  <U4[1] 10039>
  <U4[1] 10040>
  <U4[1] 10041>
  <U4[1] 10042>
  <U4[1] 10043>
  <U4[1] 10044>
>
.
15:54:22.398: Receive S1F4(158703522).
00 00 01 04 00 00 09 75 9F A2   01 2C 41 14 20 20 20 20 20 20   
20 20 20 20 20 20 20 20 20 20   20 20 20 20 41 14 20 20 20 20   
20 20 20 20 20 20 20 20 20 20   20 20 20 20 20 20 41 14 20 20   
20 20 20 20 20 20 20 20 20 20   20 20 20 20 20 20 20 20 41 14   
48 34 5F 47 43 50 2D 37 31 32   43 52 42 20 20 20 20 20 20 20   
41 02 20 20 41 14 20 20 20 20   20 20 20 20 20 20 20 20 20 20   
20 20 20 20 20 20 A9 02 03 E8   A9 02 05 14 A9 02 05 DC A9 02   
05 DC A9 02 05 DC A9 02 05 DC   A9 02 05 DC A9 02 05 DC A9 02   
05 DC A9 02 05 DC A9 02 05 DC   A9 02 05 DC A9 02 00 01 A9 02   
00 BE A9 02 01 43 A9 02 01 51   A9 02 01 5A A9 02 01 AE A9 02   
01 7F A9 02 01 44 A9 02 01 8E   A9 02 01 54 A9 02 01 E2 A9 02   
02 54 A9 02 02 2E A9 02 02 59   A9 02 00 04 A9 02 00 4E A9 02   
00 05 A9 02 00 04 A9 02 00 03   A9 02 00 02 A9 02 00 03 A9 02   
00 03 A9 02 00 01 A9 02 00 01   A9 02 00 01 A9 02 00 01 
S1F4
<L[44]
  <A[20] "                    ">
  <A[20] "                    ">
  <A[20] "                    ">
  <A[20] "H4_GCP-712CRB       ">
  <A[2] "  ">
  <A[20] "                    ">
  <U2[1] 1000>
  <U2[1] 1300>
  <U2[1] 1500>
  <U2[1] 1500>
  <U2[1] 1500>
  <U2[1] 1500>
  <U2[1] 1500>
  <U2[1] 1500>
  <U2[1] 1500>
  <U2[1] 1500>
  <U2[1] 1500>
  <U2[1] 1500>
  <U2[1] 1>
  <U2[1] 190>
  <U2[1] 323>
  <U2[1] 337>
  <U2[1] 346>
  <U2[1] 430>
  <U2[1] 383>
  <U2[1] 324>
  <U2[1] 398>
  <U2[1] 340>
  <U2[1] 482>
  <U2[1] 596>
  <U2[1] 558>
  <U2[1] 601>
  <U2[1] 4>
  <U2[1] 78>
  <U2[1] 5>
  <U2[1] 4>
  <U2[1] 3>
  <U2[1] 2>
  <U2[1] 3>
  <U2[1] 3>
  <U2[1] 1>
  <U2[1] 1>
  <U2[1] 1>
  <U2[1] 1>
>
.
HSMS Communication Disconnected!
SECS Emulator v1.5  2001/09/05
HSMS Communication Started!
HSMS Communication Disconnected!
SECS Emulator v1.5  2001/09/05
HSMS Communication Started!
15:56:44.220: Receive S1F13(0).
00 00 81 0D 00 00 00 00 00 00   01 02 41 0D 48 34 5F 47 43 50   
2D 37 31 32 43 52 42 41 05 31   2E 32 36 43 
S1F13 W
<L[2]
  <A[13] "H4_GCP-712CRB">
  <A[5] "1.26C">
>
.
15:56:44.238: Send S1F14(0).
00 00 01 0E 00 00 00 00 00 00   01 02 21 01 00 01 00 
S1F14
<L[2]
  <B[1] 0x00>
  <L[0]
  >
>
.
15:56:44.282: Receive S1F1(1).
00 00 81 01 00 00 00 00 00 01 
S1F1 W
.
15:56:44.289: Send S1F2(1).
00 00 01 02 00 00 00 00 00 01   01 00 
S1F2
<L[0]
>
.
15:56:51.980: Send S1F3(160017924).
00 00 81 03 00 00 09 89 AE 04   01 09 B1 04 00 01 86 A1 B1 04   
00 00 07 D2 B1 04 00 00 07 D3   B1 04 00 00 00 03 B1 04 00 00   
07 D1 B1 04 00 00 07 D4 B1 04   00 00 00 27 B1 04 00 00 00 28   
B1 04 00 00 00 29 
S1F3 W
<L[9]
  <U4[1] 100001>
  <U4[1] 2002>
  <U4[1] 2003>
  <U4[1] 3>
  <U4[1] 2001>
  <U4[1] 2004>
  <U4[1] 39>
  <U4[1] 40>
  <U4[1] 41>
>
.
15:56:52.012: Receive S1F4(160017924).
00 00 01 04 00 00 09 89 AE 04   01 09 01 00 01 00 01 00 01 00   
01 00 01 00 01 00 01 00 01 00 
S1F4
<L[9]
  <L[0]
  >
  <L[0]
  >
  <L[0]
  >
  <L[0]
  >
  <L[0]
  >
  <L[0]
  >
  <L[0]
  >
  <L[0]
  >
  <L[0]
  >
>
.
HSMS Communication Disconnected!
SECS Emulator v1.5  2001/09/05
HSMS Communication Started!
17:13:39.331: Receive S1F13(0).
00 00 81 0D 00 00 00 00 00 00   01 02 41 0D 48 34 5F 47 43 50   
2D 37 31 32 43 52 42 41 05 31   2E 32 36 43 
S1F13 W
<L[2]
  <A[13] "H4_GCP-712CRB">
  <A[5] "1.26C">
>
.
17:13:39.348: Send S1F14(0).
00 00 01 0E 00 00 00 00 00 00   01 02 21 01 00 01 00 
S1F14
<L[2]
  <B[1] 0x00>
  <L[0]
  >
>
.
17:13:39.368: Receive S1F1(1).
00 00 81 01 00 00 00 00 00 01 
S1F1 W
.
17:13:39.374: Send S1F2(1).
00 00 01 02 00 00 00 00 00 01   01 00 
S1F2
<L[0]
>
.
17:15:19.595: Send S1F17(164628410).
00 00 81 11 00 00 09 D0 07 BA 
S1F17 W
.
17:15:19.603: Receive S1F18(164628410).
00 00 01 12 00 00 09 D0 07 BA   21 01 02 
S1F18
<B[1] 0x02>
.
17:20:16.411: Receive S1F13(8).
00 00 81 0D 00 00 00 00 00 08   01 02 41 0D 48 34 5F 47 43 50   
2D 37 31 32 43 52 42 41 05 31   2E 32 36 43 
S1F13 W
<L[2]
  <A[13] "H4_GCP-712CRB">
  <A[5] "1.26C">
>
.
17:20:16.418: Send S1F14(8).
00 00 01 0E 00 00 00 00 00 08   01 02 21 01 00 01 00 
S1F14
<L[2]
  <B[1] 0x00>
  <L[0]
  >
>
.
17:20:16.455: Receive S1F1(9).
00 00 81 01 00 00 00 00 00 09 
S1F1 W
.
17:20:16.458: Send S1F2(9).
00 00 01 02 00 00 00 00 00 09   01 00 
S1F2
<L[0]
>
.
HSMS Communication Disconnected!
SECS Emulator v1.5  2001/09/05
HSMS Communication Started!
17:33:24.236: Receive S1F13(0).
00 00 81 0D 00 00 00 00 00 00   01 02 41 0D 48 34 5F 47 43 50   
2D 37 31 32 43 52 42 41 05 31   2E 32 36 43 
S1F13 W
<L[2]
  <A[13] "H4_GCP-712CRB">
  <A[5] "1.26C">
>
.
17:33:24.259: Send S1F14(0).
00 00 01 0E 00 00 00 00 00 00   01 02 21 01 00 01 00 
S1F14
<L[2]
  <B[1] 0x00>
  <L[0]
  >
>
.
17:33:24.291: Receive S1F1(1).
00 00 81 01 00 00 00 00 00 01 
S1F1 W
.
17:33:24.298: Send S1F2(1).
00 00 01 02 00 00 00 00 00 01   01 00 
S1F2
<L[0]
>
.
17:34:58.074: Send S1F17(165816379).
00 00 81 11 00 00 09 E2 28 3B 
S1F17 W
.
17:34:58.080: Receive S1F18(165816379).
00 00 01 12 00 00 09 E2 28 3B   21 01 02 
S1F18
<B[1] 0x02>
.
17:35:02.249: Send S1F15(165816380).
00 00 81 0F 00 00 09 E2 28 3C 
S1F15 W
.
17:35:02.258: Receive S1F16(165816380).
00 00 01 10 00 00 09 E2 28 3C   21 01 00 
S1F16
<B[1] 0x00>
.
17:35:18.079: Send S1F17(165816381).
00 00 81 11 00 00 09 E2 28 3D 
S1F17 W
.
17:35:18.086: Receive S1F18(165816381).
00 00 01 12 00 00 09 E2 28 3D   21 01 00 
S1F18
<B[1] 0x00>
.
17:35:49.902: Receive S1F13(4).
00 00 81 0D 00 00 00 00 00 04   01 02 41 0D 48 34 5F 47 43 50   
2D 37 31 32 43 52 42 41 05 31   2E 32 36 43 
S1F13 W
<L[2]
  <A[13] "H4_GCP-712CRB">
  <A[5] "1.26C">
>
.
17:35:49.916: Send S1F14(4).
00 00 01 0E 00 00 00 00 00 04   01 02 21 01 00 01 00 
S1F14
<L[2]
  <B[1] 0x00>
  <L[0]
  >
>
.
17:35:58.283: Receive S1F1(5).
00 00 81 01 00 00 00 00 00 05 
S1F1 W
.
17:35:58.288: Send S1F2(5).
00 00 01 02 00 00 00 00 00 05   01 00 
S1F2
<L[0]
>
.
17:36:24.220: Receive S1F1(7).
00 00 81 01 00 00 00 00 00 07 
S1F1 W
.
17:36:24.231: Send S1F2(7).
00 00 01 02 00 00 00 00 00 07   01 00 
S1F2
<L[0]
>
.
17:36:32.980: Receive S1F1(8).
00 00 81 01 00 00 00 00 00 08 
S1F1 W
.
17:36:32.983: Send S1F2(8).
00 00 01 02 00 00 00 00 00 08   01 00 
S1F2
<L[0]
>
.
17:36:40.829: Receive S1F1(9).
00 00 81 01 00 00 00 00 00 09 
S1F1 W
.
17:36:40.838: Send S1F2(9).
00 00 01 02 00 00 00 00 00 09   01 00 
S1F2
<L[0]
>
.
HSMS Communication Disconnected!
