SECS Emulator v1.5  2001/09/05
HSMS Communication Started!
HSMS Communication Disconnected!
SECS Emulator v1.5  2001/09/05
HSMS Communication Started!
10:19:29.059: Receive S1F13(0).
00 01 81 0D 00 00 00 00 00 00   01 02 41 0A 47 43 50 2D 37 31   
32 43 52 42 41 05 31 2E 32 36   43 
S1F13 W
<L[2]
  <A[10] "GCP-712CRB">
  <A[5] "1.26C">
>
.
10:19:29.094: Send S1F14(0).
00 01 01 0E 00 00 00 00 00 00   01 02 21 01 00 01 00 
S1F14
<L[2]
  <B[1] 0x00>
  <L[0]
  >
>
.
10:19:29.109: Send S1F17(88564845).
00 01 81 11 00 00 05 47 64 6D 
S1F17 W
.
10:19:29.142: Receive S1F18(88564845).
00 01 01 12 00 00 05 47 64 6D   21 01 02 
S1F18
<B[1] 0x02>
.
10:19:29.153: Receive S6F11(1).
00 01 86 0B 00 00 00 00 00 01   01 03 B1 04 00 00 00 00 B1 04   
00 00 EA 61 01 01 01 02 B1 04   00 00 EA 61 01 02 41 0C 32 30   
30 35 31 34 31 30 31 37 34 33   A9 02 00 04 
S6F11 W
<L[3]
  <U4[1] 0>
  <U4[1] 60001>
  <L[1]
    <L[2]
      <U4[1] 60001>
      <L[2]
        <A[12] "200514101743">
        <U2[1] 4>
      >
    >
  >
>
.
10:19:29.182: Send S6F12(1).
00 01 06 0C 00 00 00 00 00 01   21 01 00 
S6F12
<B[1] 0x00>
.
10:20:01.540: Receive S5F1(2).
00 01 85 01 00 00 00 00 00 02   01 03 21 01 80 B1 04 00 00 C3   
C1 41 23 31 31 32 3A 55 6E 6C   6F 61 64 69 6E 67 20 45 72 72   
6F 72 2E 20 53 74 6F 70 20 42   6F 61 72 64 20 49 6E 2E 
S5F1 W
<L[3]
  <B[1] 0x80>
  <U4[1] 50113>
  <A[35] "112:Unloading Error. Stop Board In.">
>
.
10:20:01.569: Send S5F2(2).
00 01 05 02 00 00 00 00 00 02   21 01 00 
S5F2
<B[1] 0x00>
.
10:20:01.639: Receive S6F11(3).
00 01 86 0B 00 00 00 00 00 03   01 03 B1 04 00 00 00 00 B1 04   
00 00 EA 62 01 01 01 02 B1 04   00 00 EA 62 01 02 41 0C 32 30   
30 35 31 34 31 30 31 38 31 36   A9 02 00 03 
S6F11 W
<L[3]
  <U4[1] 0>
  <U4[1] 60002>
  <L[1]
    <L[2]
      <U4[1] 60002>
      <L[2]
        <A[12] "200514101816">
        <U2[1] 3>
      >
    >
  >
>
.
10:20:01.677: Send S6F12(3).
00 01 06 0C 00 00 00 00 00 03   21 01 00 
S6F12
<B[1] 0x00>
.
10:20:07.513: Receive S5F1(4).
00 01 85 01 00 00 00 00 00 04   01 03 21 01 00 B1 04 00 00 C3   
C1 41 23 31 31 32 3A 55 6E 6C   6F 61 64 69 6E 67 20 45 72 72   
6F 72 2E 20 53 74 6F 70 20 42   6F 61 72 64 20 49 6E 2E 
S5F1 W
<L[3]
  <B[1] 0x00>
  <U4[1] 50113>
  <A[35] "112:Unloading Error. Stop Board In.">
>
.
10:20:07.542: Send S5F2(4).
00 01 05 02 00 00 00 00 00 04   21 01 00 
S5F2
<B[1] 0x00>
.
10:20:07.644: Receive S6F11(5).
00 01 86 0B 00 00 00 00 00 05   01 03 B1 04 00 00 00 00 B1 04   
00 00 EA 62 01 01 01 02 B1 04   00 00 EA 62 01 02 41 0C 32 30   
30 35 31 34 31 30 31 38 32 32   A9 02 00 01 
S6F11 W
<L[3]
  <U4[1] 0>
  <U4[1] 60002>
  <L[1]
    <L[2]
      <U4[1] 60002>
      <L[2]
        <A[12] "200514101822">
        <U2[1] 1>
      >
    >
  >
>
.
10:20:07.684: Send S6F12(5).
00 01 06 0C 00 00 00 00 00 05   21 01 00 
S6F12
<B[1] 0x00>
.
HSMS Communication Disconnected!
