SECS Emulator v1.5  2001/09/05
HSMS Communication Started!
HSMS Communication Disconnected!
SECS Emulator v1.5  2001/09/05
HSMS Communication Started!
09:37:12.095: Receive S1F13(0).
00 01 81 0D 00 00 00 00 00 00   01 02 41 0A 47 43 50 2D 37 31   
32 43 52 42 41 05 31 2E 32 36   43 
S1F13 W
<L[2]
  <A[10] "GCP-712CRB">
  <A[5] "1.26C">
>
.
09:37:12.121: Send S1F14(0).
00 01 01 0E 00 00 00 00 00 00   01 02 21 01 00 01 00 
S1F14
<L[2]
  <B[1] 0x00>
  <L[0]
  >
>
.
09:37:12.131: Send S1F17(155349767).
00 01 81 11 00 00 09 42 73 07 
S1F17 W
.
09:37:12.145: Receive S1F1(1).
00 01 81 01 00 00 00 00 00 01 
S1F1 W
.
09:37:12.152: Send S1F2(1).
00 01 01 02 00 00 00 00 00 01   01 00 
S1F2
<L[0]
>
.
09:37:12.160: Receive S1F18(155349767).
00 01 01 12 00 00 09 42 73 07   21 01 01 
S1F18
<B[1] 0x01>
.
09:37:12.270: Receive S6F11(2).
00 01 86 0B 00 00 00 00 00 02   01 03 B1 04 00 00 00 00 B1 04   
00 00 EA 61 01 01 01 02 B1 04   00 00 EA 61 01 02 41 0C 32 30   
30 35 30 39 30 39 33 37 33 31   A9 02 00 04 
S6F11 W
<L[3]
  <U4[1] 0>
  <U4[1] 60001>
  <L[1]
    <L[2]
      <U4[1] 60001>
      <L[2]
        <A[12] "200509093731">
        <U2[1] 4>
      >
    >
  >
>
.
09:37:12.303: Send S6F12(2).
00 01 06 0C 00 00 00 00 00 02   21 01 00 
S6F12
<B[1] 0x00>
.
09:37:35.316: Send S7F19(155349770).
00 01 87 13 00 00 09 42 73 0A 
S7F19 W
.
09:37:35.326: Receive S7F20(155349770).
00 01 07 14 00 00 09 42 73 0A   01 04 41 14 47 50 30 31 20 20   
20 20 20 20 20 20 20 20 20 20   20 20 20 20 41 14 57 58 59 5A   
20 20 20 20 20 20 20 20 20 20   20 20 20 20 20 20 41 14 31 32   
33 34 35 36 37 20 20 20 20 20   20 20 20 20 20 20 20 20 41 0A   
31 32 33 34 35 36 37 38 39 30 
S7F20
<L[4]
  <A[20] "GP01                ">
  <A[20] "WXYZ                ">
  <A[20] "1234567             ">
  <A[10] "1234567890">
>
.
09:58:06.757: Receive S5F1(24).
00 01 85 01 00 00 00 00 00 18   01 03 21 01 80 B1 04 00 00 C3   
B8 41 1F 31 30 33 3A 4D 61 69   6E 20 43 6F 6E 76 65 79 6F 72   
20 50 43 42 20 4A 61 6D 20 45   72 72 6F 72 
S5F1 W
<L[3]
  <B[1] 0x80>
  <U4[1] 50104>
  <A[31] "103:Main Conveyor PCB Jam Error">
>
.
09:58:06.776: Send S5F2(24).
00 01 05 02 00 00 00 00 00 18   21 01 00 
S5F2
<B[1] 0x00>
.
09:58:06.827: Receive S6F11(25).
00 01 86 0B 00 00 00 00 00 19   01 03 B1 04 00 00 00 00 B1 04   
00 00 EA 62 01 01 01 02 B1 04   00 00 EA 62 01 02 41 0C 32 30   
30 35 30 39 30 39 35 38 32 36   A9 02 00 01 
S6F11 W
<L[3]
  <U4[1] 0>
  <U4[1] 60002>
  <L[1]
    <L[2]
      <U4[1] 60002>
      <L[2]
        <A[12] "200509095826">
        <U2[1] 1>
      >
    >
  >
>
.
09:58:06.859: Send S6F12(25).
00 01 06 0C 00 00 00 00 00 19   21 01 00 
S6F12
<B[1] 0x00>
.
09:58:18.591: Receive S5F1(26).
00 01 85 01 00 00 00 00 00 1A   01 03 21 01 00 B1 04 00 00 C3   
B8 41 1F 31 30 33 3A 4D 61 69   6E 20 43 6F 6E 76 65 79 6F 72   
20 50 43 42 20 4A 61 6D 20 45   72 72 6F 72 
S5F1 W
<L[3]
  <B[1] 0x00>
  <U4[1] 50104>
  <A[31] "103:Main Conveyor PCB Jam Error">
>
.
09:58:18.596: Send S5F2(26).
00 01 05 02 00 00 00 00 00 1A   21 01 00 
S5F2
<B[1] 0x00>
.
09:58:18.671: Receive S6F11(27).
00 01 86 0B 00 00 00 00 00 1B   01 03 B1 04 00 00 00 00 B1 04   
00 00 EA 62 01 01 01 02 B1 04   00 00 EA 62 01 02 41 0C 32 30   
30 35 30 39 30 39 35 38 33 38   A9 02 00 03 
S6F11 W
<L[3]
  <U4[1] 0>
  <U4[1] 60002>
  <L[1]
    <L[2]
      <U4[1] 60002>
      <L[2]
        <A[12] "200509095838">
        <U2[1] 3>
      >
    >
  >
>
.
09:58:18.737: Send S6F12(27).
00 01 06 0C 00 00 00 00 00 1B   21 01 00 
S6F12
<B[1] 0x00>
.
10:01:12.230: Receive S5F1(31).
00 01 85 01 00 00 00 00 00 1F   01 03 21 01 80 B1 04 00 00 C3   
B8 41 1F 31 30 33 3A 4D 61 69   6E 20 43 6F 6E 76 65 79 6F 72   
20 50 43 42 20 4A 61 6D 20 45   72 72 6F 72 
S5F1 W
<L[3]
  <B[1] 0x80>
  <U4[1] 50104>
  <A[31] "103:Main Conveyor PCB Jam Error">
>
.
10:01:12.299: Send S5F2(31).
00 01 05 02 00 00 00 00 00 1F   21 01 00 
S5F2
<B[1] 0x00>
.
10:01:12.332: Receive S6F11(32).
00 01 86 0B 00 00 00 00 00 20   01 03 B1 04 00 00 00 00 B1 04   
00 00 EA 62 01 01 01 02 B1 04   00 00 EA 62 01 02 41 0C 32 30   
30 35 30 39 31 30 30 31 33 31   A9 02 00 01 
S6F11 W
<L[3]
  <U4[1] 0>
  <U4[1] 60002>
  <L[1]
    <L[2]
      <U4[1] 60002>
      <L[2]
        <A[12] "200509100131">
        <U2[1] 1>
      >
    >
  >
>
.
10:01:12.455: Send S6F12(32).
00 01 06 0C 00 00 00 00 00 20   21 01 00 
S6F12
<B[1] 0x00>
.
10:01:15.410: Receive S5F1(33).
00 01 85 01 00 00 00 00 00 21   01 03 21 01 00 B1 04 00 00 C3   
B8 41 1F 31 30 33 3A 4D 61 69   6E 20 43 6F 6E 76 65 79 6F 72   
20 50 43 42 20 4A 61 6D 20 45   72 72 6F 72 
S5F1 W
<L[3]
  <B[1] 0x00>
  <U4[1] 50104>
  <A[31] "103:Main Conveyor PCB Jam Error">
>
.
10:01:15.484: Send S5F2(33).
00 01 05 02 00 00 00 00 00 21   21 01 00 
S5F2
<B[1] 0x00>
.
10:01:15.516: Receive S6F11(34).
00 01 86 0B 00 00 00 00 00 22   01 03 B1 04 00 00 00 00 B1 04   
00 00 EA 62 01 01 01 02 B1 04   00 00 EA 62 01 02 41 0C 32 30   
30 35 30 39 31 30 30 31 33 35   A9 02 00 03 
S6F11 W
<L[3]
  <U4[1] 0>
  <U4[1] 60002>
  <L[1]
    <L[2]
      <U4[1] 60002>
      <L[2]
        <A[12] "200509100135">
        <U2[1] 3>
      >
    >
  >
>
.
10:01:15.638: Send S6F12(34).
00 01 06 0C 00 00 00 00 00 22   21 01 00 
S6F12
<B[1] 0x00>
.
10:25:49.438: Receive S5F1(59).
00 01 85 01 00 00 00 00 00 3B   01 03 21 01 80 B1 04 00 00 C3   
B8 41 1F 31 30 33 3A 4D 61 69   6E 20 43 6F 6E 76 65 79 6F 72   
20 50 43 42 20 4A 61 6D 20 45   72 72 6F 72 
S5F1 W
<L[3]
  <B[1] 0x80>
  <U4[1] 50104>
  <A[31] "103:Main Conveyor PCB Jam Error">
>
.
10:25:49.511: Send S5F2(59).
00 01 05 02 00 00 00 00 00 3B   21 01 00 
S5F2
<B[1] 0x00>
.
10:25:49.546: Receive S6F11(60).
00 01 86 0B 00 00 00 00 00 3C   01 03 B1 04 00 00 00 00 B1 04   
00 00 EA 62 01 01 01 02 B1 04   00 00 EA 62 01 02 41 0C 32 30   
30 35 30 39 31 30 32 36 30 39   A9 02 00 01 
S6F11 W
<L[3]
  <U4[1] 0>
  <U4[1] 60002>
  <L[1]
    <L[2]
      <U4[1] 60002>
      <L[2]
        <A[12] "200509102609">
        <U2[1] 1>
      >
    >
  >
>
.
10:25:49.683: Send S6F12(60).
00 01 06 0C 00 00 00 00 00 3C   21 01 00 
S6F12
<B[1] 0x00>
.
10:25:55.543: Receive S5F1(61).
00 01 85 01 00 00 00 00 00 3D   01 03 21 01 00 B1 04 00 00 C3   
B8 41 1F 31 30 33 3A 4D 61 69   6E 20 43 6F 6E 76 65 79 6F 72   
20 50 43 42 20 4A 61 6D 20 45   72 72 6F 72 
S5F1 W
<L[3]
  <B[1] 0x00>
  <U4[1] 50104>
  <A[31] "103:Main Conveyor PCB Jam Error">
>
.
10:25:55.612: Send S5F2(61).
00 01 05 02 00 00 00 00 00 3D   21 01 00 
S5F2
<B[1] 0x00>
.
10:25:55.644: Receive S6F11(62).
00 01 86 0B 00 00 00 00 00 3E   01 03 B1 04 00 00 00 00 B1 04   
00 00 EA 62 01 01 01 02 B1 04   00 00 EA 62 01 02 41 0C 32 30   
30 35 30 39 31 30 32 36 31 35   A9 02 00 03 
S6F11 W
<L[3]
  <U4[1] 0>
  <U4[1] 60002>
  <L[1]
    <L[2]
      <U4[1] 60002>
      <L[2]
        <A[12] "200509102615">
        <U2[1] 3>
      >
    >
  >
>
.
10:25:55.754: Send S6F12(62).
00 01 06 0C 00 00 00 00 00 3E   21 01 00 
S6F12
<B[1] 0x00>
.
10:32:33.084: Receive S6F11(70).
00 01 86 0B 00 00 00 00 00 46   01 03 B1 04 00 00 00 00 B1 04   
00 00 EA 6A 01 01 01 02 B1 04   00 00 EA 6A 01 03 41 0C 32 30   
30 35 30 39 31 30 33 32 35 32   41 01 20 A9 02 00 00 
S6F11 W
<L[3]
  <U4[1] 0>
  <U4[1] 60010>
  <L[1]
    <L[2]
      <U4[1] 60010>
      <L[3]
        <A[12] "200509103252">
        <A[1] " ">
        <U2[1] 0>
      >
    >
  >
>
.
10:32:33.212: Send S6F12(70).
00 01 06 0C 00 00 00 00 00 46   21 01 00 
S6F12
<B[1] 0x00>
.
10:36:42.678: Receive S6F11(75).
00 01 86 0B 00 00 00 00 00 4B   01 03 B1 04 00 00 00 00 B1 04   
00 00 EA 62 01 01 01 02 B1 04   00 00 EA 62 01 02 41 0C 32 30   
30 35 30 39 31 30 33 37 30 32   A9 02 00 01 
S6F11 W
<L[3]
  <U4[1] 0>
  <U4[1] 60002>
  <L[1]
    <L[2]
      <U4[1] 60002>
      <L[2]
        <A[12] "200509103702">
        <U2[1] 1>
      >
    >
  >
>
.
10:36:42.816: Send S6F12(75).
00 01 06 0C 00 00 00 00 00 4B   21 01 00 
S6F12
<B[1] 0x00>
.
10:36:59.882: Receive S6F11(76).
00 01 86 0B 00 00 00 00 00 4C   01 03 B1 04 00 00 00 00 B1 04   
00 00 EA 62 01 01 01 02 B1 04   00 00 EA 62 01 02 41 0C 32 30   
30 35 30 39 31 30 33 37 31 39   A9 02 00 02 
S6F11 W
<L[3]
  <U4[1] 0>
  <U4[1] 60002>
  <L[1]
    <L[2]
      <U4[1] 60002>
      <L[2]
        <A[12] "200509103719">
        <U2[1] 2>
      >
    >
  >
>
.
10:37:00.016: Send S6F12(76).
00 01 06 0C 00 00 00 00 00 4C   21 01 00 
S6F12
<B[1] 0x00>
.
10:39:06.341: Receive S6F11(79).
00 01 86 0B 00 00 00 00 00 4F   01 03 B1 04 00 00 00 00 B1 04   
00 00 EA 62 01 01 01 02 B1 04   00 00 EA 62 01 02 41 0C 32 30   
30 35 30 39 31 30 33 39 32 36   A9 02 00 03 
S6F11 W
<L[3]
  <U4[1] 0>
  <U4[1] 60002>
  <L[1]
    <L[2]
      <U4[1] 60002>
      <L[2]
        <A[12] "200509103926">
        <U2[1] 3>
      >
    >
  >
>
.
10:39:06.473: Send S6F12(79).
00 01 06 0C 00 00 00 00 00 4F   21 01 00 
S6F12
<B[1] 0x00>
.
10:39:06.507: Receive S6F11(80).
00 01 86 0B 00 00 00 00 00 50   01 03 B1 04 00 00 00 00 B1 04   
00 00 EA 63 01 01 01 02 B1 04   00 00 EA 63 01 02 41 0C 32 30   
30 35 30 39 31 30 33 39 32 36   A9 02 00 02 
S6F11 W
<L[3]
  <U4[1] 0>
  <U4[1] 60003>
  <L[1]
    <L[2]
      <U4[1] 60003>
      <L[2]
        <A[12] "200509103926">
        <U2[1] 2>
      >
    >
  >
>
.
10:39:06.616: Send S6F12(80).
00 01 06 0C 00 00 00 00 00 50   21 01 00 
S6F12
<B[1] 0x00>
.
10:39:26.893: Receive S5F1(82).
00 01 85 01 00 00 00 00 00 52   01 03 21 01 80 B1 04 00 00 C3   
B8 41 1F 31 30 33 3A 4D 61 69   6E 20 43 6F 6E 76 65 79 6F 72   
20 50 43 42 20 4A 61 6D 20 45   72 72 6F 72 
S5F1 W
<L[3]
  <B[1] 0x80>
  <U4[1] 50104>
  <A[31] "103:Main Conveyor PCB Jam Error">
>
.
10:39:26.964: Send S5F2(82).
00 01 05 02 00 00 00 00 00 52   21 01 00 
S5F2
<B[1] 0x00>
.
10:39:26.997: Receive S6F11(83).
00 01 86 0B 00 00 00 00 00 53   01 03 B1 04 00 00 00 00 B1 04   
00 00 EA 62 01 01 01 02 B1 04   00 00 EA 62 01 02 41 0C 32 30   
30 35 30 39 31 30 33 39 34 36   A9 02 00 02 
S6F11 W
<L[3]
  <U4[1] 0>
  <U4[1] 60002>
  <L[1]
    <L[2]
      <U4[1] 60002>
      <L[2]
        <A[12] "200509103946">
        <U2[1] 2>
      >
    >
  >
>
.
10:39:27.114: Send S6F12(83).
00 01 06 0C 00 00 00 00 00 53   21 01 00 
S6F12
<B[1] 0x00>
.
10:39:27.377: Receive S5F1(84).
00 01 85 01 00 00 00 00 00 54   01 03 21 01 80 B1 04 00 00 C3   
B5 41 25 31 30 30 3A 4D 61 69   6E 20 43 6F 6E 76 65 79 6F 72   
S5F1 W
<L[3]
  <B[1] 0x80>
  <U4[1] 50101>
  <A[37] "100:Main Conveyor Step Position Error">
>
.
10:39:27.448: Send S5F2(84).
00 01 05 02 00 00 00 00 00 54   21 01 00 
S5F2
<B[1] 0x00>
.
10:39:54.276: Receive S5F1(85).
00 01 85 01 00 00 00 00 00 55   01 03 21 01 80 B1 04 00 00 C3   
B7 41 25 31 30 32 3A 4D 61 69   6E 20 43 6F 6E 76 65 79 6F 72   
S5F1 W
<L[3]
  <B[1] 0x80>
  <U4[1] 50103>
  <A[37] "102:Main Conveyor No Running Overtime">
>
.
10:39:54.354: Send S5F2(85).
00 01 05 02 00 00 00 00 00 55   21 01 00 
S5F2
<B[1] 0x00>
.
10:40:00.735: Receive S5F1(86).
00 01 85 01 00 00 00 00 00 56   01 03 21 01 00 B1 04 00 00 C3   
B5 41 25 31 30 30 3A 4D 61 69   6E 20 43 6F 6E 76 65 79 6F 72   
S5F1 W
<L[3]
  <B[1] 0x00>
  <U4[1] 50101>
  <A[37] "100:Main Conveyor Step Position Error">
>
.
10:40:00.803: Send S5F2(86).
00 01 05 02 00 00 00 00 00 56   21 01 00 
S5F2
<B[1] 0x00>
.
10:40:00.834: Receive S5F1(87).
00 01 85 01 00 00 00 00 00 57   01 03 21 01 00 B1 04 00 00 C3   
B7 41 25 31 30 32 3A 4D 61 69   6E 20 43 6F 6E 76 65 79 6F 72   
S5F1 W
<L[3]
  <B[1] 0x00>
  <U4[1] 50103>
  <A[37] "102:Main Conveyor No Running Overtime">
>
.
10:40:00.898: Send S5F2(87).
00 01 05 02 00 00 00 00 00 57   21 01 00 
S5F2
<B[1] 0x00>
.
10:40:00.933: Receive S5F1(88).
00 01 85 01 00 00 00 00 00 58   01 03 21 01 00 B1 04 00 00 C3   
B8 41 1F 31 30 33 3A 4D 61 69   6E 20 43 6F 6E 76 65 79 6F 72   
20 50 43 42 20 4A 61 6D 20 45   72 72 6F 72 
S5F1 W
<L[3]
  <B[1] 0x00>
  <U4[1] 50104>
  <A[31] "103:Main Conveyor PCB Jam Error">
>
.
10:40:00.996: Send S5F2(88).
00 01 05 02 00 00 00 00 00 58   21 01 00 
S5F2
<B[1] 0x00>
.
10:40:01.029: Receive S6F11(89).
00 01 86 0B 00 00 00 00 00 59   01 03 B1 04 00 00 00 00 B1 04   
00 00 EA 62 01 01 01 02 B1 04   00 00 EA 62 01 02 41 0C 32 30   
30 35 30 39 31 30 34 30 32 30   A9 02 00 03 
S6F11 W
<L[3]
  <U4[1] 0>
  <U4[1] 60002>
  <L[1]
    <L[2]
      <U4[1] 60002>
      <L[2]
        <A[12] "200509104020">
        <U2[1] 3>
      >
    >
  >
>
.
10:40:01.159: Send S6F12(89).
00 01 06 0C 00 00 00 00 00 59   21 01 00 
S6F12
<B[1] 0x00>
.
10:43:35.447: Receive S5F1(94).
00 01 85 01 00 00 00 00 00 5E   01 03 21 01 80 B1 04 00 00 C3   
B8 41 1F 31 30 33 3A 4D 61 69   6E 20 43 6F 6E 76 65 79 6F 72   
20 50 43 42 20 4A 61 6D 20 45   72 72 6F 72 
S5F1 W
<L[3]
  <B[1] 0x80>
  <U4[1] 50104>
  <A[31] "103:Main Conveyor PCB Jam Error">
>
.
10:43:35.526: Send S5F2(94).
00 01 05 02 00 00 00 00 00 5E   21 01 00 
S5F2
<B[1] 0x00>
.
10:43:35.559: Receive S6F11(95).
00 01 86 0B 00 00 00 00 00 5F   01 03 B1 04 00 00 00 00 B1 04   
00 00 EA 62 01 01 01 02 B1 04   00 00 EA 62 01 02 41 0C 32 30   
30 35 30 39 31 30 34 33 35 35   A9 02 00 03 
S6F11 W
<L[3]
  <U4[1] 0>
  <U4[1] 60002>
  <L[1]
    <L[2]
      <U4[1] 60002>
      <L[2]
        <A[12] "200509104355">
        <U2[1] 3>
      >
    >
  >
>
.
10:43:35.692: Send S6F12(95).
00 01 06 0C 00 00 00 00 00 5F   21 01 00 
S6F12
<B[1] 0x00>
.
10:43:40.021: Receive S5F1(96).
00 01 85 01 00 00 00 00 00 60   01 03 21 01 00 B1 04 00 00 C3   
B8 41 1F 31 30 33 3A 4D 61 69   6E 20 43 6F 6E 76 65 79 6F 72   
20 50 43 42 20 4A 61 6D 20 45   72 72 6F 72 
S5F1 W
<L[3]
  <B[1] 0x00>
  <U4[1] 50104>
  <A[31] "103:Main Conveyor PCB Jam Error">
>
.
10:43:40.084: Send S5F2(96).
00 01 05 02 00 00 00 00 00 60   21 01 00 
S5F2
<B[1] 0x00>
.
10:43:40.117: Receive S6F11(97).
00 01 86 0B 00 00 00 00 00 61   01 03 B1 04 00 00 00 00 B1 04   
00 00 EA 62 01 01 01 02 B1 04   00 00 EA 62 01 02 41 0C 32 30   
30 35 30 39 31 30 34 33 35 39   A9 02 00 02 
S6F11 W
<L[3]
  <U4[1] 0>
  <U4[1] 60002>
  <L[1]
    <L[2]
      <U4[1] 60002>
      <L[2]
        <A[12] "200509104359">
        <U2[1] 2>
      >
    >
  >
>
.
10:43:40.235: Send S6F12(97).
00 01 06 0C 00 00 00 00 00 61   21 01 00 
S6F12
<B[1] 0x00>
.
10:53:43.614: Receive S6F11(108).
00 01 86 0B 00 00 00 00 00 6C   01 03 B1 04 00 00 00 00 B1 04   
00 00 EA 65 01 01 01 02 B1 04   00 00 EA 65 01 02 41 0C 32 30   
30 35 30 39 31 30 35 34 30 33   41 14 47 50 30 36 20 20 20 20   
20 20 20 20 20 20 20 20 20 20   20 20 
S6F11 W
<L[3]
  <U4[1] 0>
  <U4[1] 60005>
  <L[1]
    <L[2]
      <U4[1] 60005>
      <L[2]
        <A[12] "200509105403">
        <A[20] "GP06                ">
      >
    >
  >
>
.
10:53:43.729: Send S6F12(108).
00 01 06 0C 00 00 00 00 00 6C   21 01 00 
S6F12
<B[1] 0x00>
.
10:54:16.074: Send S7F19(155349878).
00 01 87 13 00 00 09 42 73 76 
S7F19 W
.
10:54:16.097: Receive S7F20(155349878).
00 01 07 14 00 00 09 42 73 76   01 05 41 14 47 50 30 31 20 20   
20 20 20 20 20 20 20 20 20 20   20 20 20 20 41 14 57 58 59 5A   
20 20 20 20 20 20 20 20 20 20   20 20 20 20 20 20 41 14 31 32   
33 34 35 36 37 20 20 20 20 20   20 20 20 20 20 20 20 20 41 14   
47 50 30 36 20 20 20 20 20 20   20 20 20 20 20 20 20 20 20 20   
41 0A 31 32 33 34 35 36 37 38   39 30 
S7F20
<L[5]
  <A[20] "GP01                ">
  <A[20] "WXYZ                ">
  <A[20] "1234567             ">
  <A[20] "GP06                ">
  <A[10] "1234567890">
>
.
10:57:40.280: Receive S6F11(113).
00 01 86 0B 00 00 00 00 00 71   01 03 B1 04 00 00 00 00 B1 04   
00 00 EA 62 01 01 01 02 B1 04   00 00 EA 62 01 02 41 0C 32 30   
30 35 30 39 31 30 35 38 30 30   A9 02 00 03 
S6F11 W
<L[3]
  <U4[1] 0>
  <U4[1] 60002>
  <L[1]
    <L[2]
      <U4[1] 60002>
      <L[2]
        <A[12] "200509105800">
        <U2[1] 3>
      >
    >
  >
>
.
10:57:40.399: Send S6F12(113).
00 01 06 0C 00 00 00 00 00 71   21 01 00 
S6F12
<B[1] 0x00>
.
11:20:37.686: Send S2F41(155349906).
00 01 82 29 00 00 09 42 73 92   01 02 41 09 50 50 5F 53 45 4C   
45 43 54 01 03 01 02 41 05 4C   4F 54 49 44 41 07 33 33 34 35   
36 37 38 01 02 41 04 50 50 49   44 41 05 31 32 20 33 34 01 02   
41 03 51 54 59 41 02 35 30 
S2F41 W
<L[2]
  <A[9] "PP_SELECT">
  <L[3]
    <L[2]
      <A[5] "LOTID">
      <A[7] "3345678">
    >
    <L[2]
      <A[4] "PPID">
      <A[5] "12 34">
    >
    <L[2]
      <A[3] "QTY">
      <A[2] "50">
    >
  >
>
.
11:20:38.209: Receive S6F11(137).
00 01 86 0B 00 00 00 00 00 89   01 03 B1 04 00 00 00 00 B1 04   
00 00 EA 64 01 01 01 02 B1 04   00 00 EA 64 01 02 41 0C 32 30   
30 35 30 39 31 31 32 30 35 38   41 05 31 32 20 33 34 
S6F11 W
<L[3]
  <U4[1] 0>
  <U4[1] 60004>
  <L[1]
    <L[2]
      <U4[1] 60004>
      <L[2]
        <A[12] "200509112058">
        <A[5] "12 34">
      >
    >
  >
>
.
11:20:38.353: Send S6F12(137).
00 01 06 0C 00 00 00 00 00 89   21 01 00 
S6F12
<B[1] 0x00>
.
11:20:38.390: Receive S6F11(138).
00 01 86 0B 00 00 00 00 00 8A   01 03 B1 04 00 00 00 00 B1 04   
00 00 EA 68 01 01 01 02 B1 04   00 00 EA 68 01 02 41 0C 32 30   
30 35 30 39 31 31 32 30 35 38   41 05 31 32 20 33 34 
S6F11 W
<L[3]
  <U4[1] 0>
  <U4[1] 60008>
  <L[1]
    <L[2]
      <U4[1] 60008>
      <L[2]
        <A[12] "200509112058">
        <A[5] "12 34">
      >
    >
  >
>
.
11:20:38.515: Send S6F12(138).
00 01 06 0C 00 00 00 00 00 8A   21 01 00 
S6F12
<B[1] 0x00>
.
11:20:38.547: Receive S6F11(139).
00 01 86 0B 00 00 00 00 00 8B   01 03 B1 04 00 00 00 00 B1 04   
00 00 EA 64 01 01 01 02 B1 04   00 00 EA 64 01 02 41 0C 32 30   
30 35 30 39 31 31 32 30 35 38   41 05 31 32 20 33 34 
S6F11 W
<L[3]
  <U4[1] 0>
  <U4[1] 60004>
  <L[1]
    <L[2]
      <U4[1] 60004>
      <L[2]
        <A[12] "200509112058">
        <A[5] "12 34">
      >
    >
  >
>
.
11:20:38.667: Send S6F12(139).
00 01 06 0C 00 00 00 00 00 8B   21 01 00 
S6F12
<B[1] 0x00>
.
11:20:38.697: Receive S6F11(140).
00 01 86 0B 00 00 00 00 00 8C   01 03 B1 04 00 00 00 00 B1 04   
00 00 EA 68 01 01 01 02 B1 04   00 00 EA 68 01 02 41 0C 32 30   
30 35 30 39 31 31 32 30 35 38   41 05 31 32 20 33 34 
S6F11 W
<L[3]
  <U4[1] 0>
  <U4[1] 60008>
  <L[1]
    <L[2]
      <U4[1] 60008>
      <L[2]
        <A[12] "200509112058">
        <A[5] "12 34">
      >
    >
  >
>
.
11:20:38.825: Send S6F12(140).
00 01 06 0C 00 00 00 00 00 8C   21 01 00 
S6F12
<B[1] 0x00>
.
11:20:38.853: Receive S6F11(141).
00 01 86 0B 00 00 00 00 00 8D   01 03 B1 04 00 00 00 00 B1 04   
00 00 EA 64 01 01 01 02 B1 04   00 00 EA 64 01 02 41 0C 32 30   
30 35 30 39 31 31 32 30 35 38   41 05 31 32 20 33 34 
S6F11 W
<L[3]
  <U4[1] 0>
  <U4[1] 60004>
  <L[1]
    <L[2]
      <U4[1] 60004>
      <L[2]
        <A[12] "200509112058">
        <A[5] "12 34">
      >
    >
  >
>
.
11:20:38.966: Send S6F12(141).
00 01 06 0C 00 00 00 00 00 8D   21 01 00 
S6F12
<B[1] 0x00>
.
11:20:38.999: Receive S6F11(142).
00 01 86 0B 00 00 00 00 00 8E   01 03 B1 04 00 00 00 00 B1 04   
00 00 EA 68 01 01 01 02 B1 04   00 00 EA 68 01 02 41 0C 32 30   
30 35 30 39 31 31 32 30 35 38   41 05 31 32 20 33 34 
S6F11 W
<L[3]
  <U4[1] 0>
  <U4[1] 60008>
  <L[1]
    <L[2]
      <U4[1] 60008>
      <L[2]
        <A[12] "200509112058">
        <A[5] "12 34">
      >
    >
  >
>
.
11:20:39.131: Send S6F12(142).
00 01 06 0C 00 00 00 00 00 8E   21 01 00 
S6F12
<B[1] 0x00>
.
11:20:39.165: Receive S6F11(143).
00 01 86 0B 00 00 00 00 00 8F   01 03 B1 04 00 00 00 00 B1 04   
00 00 EA 64 01 01 01 02 B1 04   00 00 EA 64 01 02 41 0C 32 30   
30 35 30 39 31 31 32 30 35 38   41 05 31 32 20 33 34 
S6F11 W
<L[3]
  <U4[1] 0>
  <U4[1] 60004>
  <L[1]
    <L[2]
      <U4[1] 60004>
      <L[2]
        <A[12] "200509112058">
        <A[5] "12 34">
      >
    >
  >
>
.
11:20:39.292: Send S6F12(143).
00 01 06 0C 00 00 00 00 00 8F   21 01 00 
S6F12
<B[1] 0x00>
.
11:20:39.323: Receive S6F11(144).
00 01 86 0B 00 00 00 00 00 90   01 03 B1 04 00 00 00 00 B1 04   
00 00 EA 68 01 01 01 02 B1 04   00 00 EA 68 01 02 41 0C 32 30   
30 35 30 39 31 31 32 30 35 39   41 05 31 32 20 33 34 
S6F11 W
<L[3]
  <U4[1] 0>
  <U4[1] 60008>
  <L[1]
    <L[2]
      <U4[1] 60008>
      <L[2]
        <A[12] "200509112059">
        <A[5] "12 34">
      >
    >
  >
>
.
11:20:39.432: Send S6F12(144).
00 01 06 0C 00 00 00 00 00 90   21 01 00 
S6F12
<B[1] 0x00>
.
11:20:39.465: Receive S6F11(145).
00 01 86 0B 00 00 00 00 00 91   01 03 B1 04 00 00 00 00 B1 04   
00 00 EA 64 01 01 01 02 B1 04   00 00 EA 64 01 02 41 0C 32 30   
30 35 30 39 31 31 32 30 35 39   41 05 31 32 20 33 34 
S6F11 W
<L[3]
  <U4[1] 0>
  <U4[1] 60004>
  <L[1]
    <L[2]
      <U4[1] 60004>
      <L[2]
        <A[12] "200509112059">
        <A[5] "12 34">
      >
    >
  >
>
.
11:20:39.587: Send S6F12(145).
00 01 06 0C 00 00 00 00 00 91   21 01 00 
S6F12
<B[1] 0x00>
.
11:20:39.620: Receive S6F11(146).
00 01 86 0B 00 00 00 00 00 92   01 03 B1 04 00 00 00 00 B1 04   
00 00 EA 68 01 01 01 02 B1 04   00 00 EA 68 01 02 41 0C 32 30   
30 35 30 39 31 31 32 30 35 39   41 05 31 32 20 33 34 
S6F11 W
<L[3]
  <U4[1] 0>
  <U4[1] 60008>
  <L[1]
    <L[2]
      <U4[1] 60008>
      <L[2]
        <A[12] "200509112059">
        <A[5] "12 34">
      >
    >
  >
>
.
11:20:39.737: Send S6F12(146).
00 01 06 0C 00 00 00 00 00 92   21 01 00 
S6F12
<B[1] 0x00>
.
11:20:39.769: Receive S6F11(147).
00 01 86 0B 00 00 00 00 00 93   01 03 B1 04 00 00 00 00 B1 04   
00 00 EA 64 01 01 01 02 B1 04   00 00 EA 64 01 02 41 0C 32 30   
30 35 30 39 31 31 32 30 35 39   41 05 31 32 20 33 34 
S6F11 W
<L[3]
  <U4[1] 0>
  <U4[1] 60004>
  <L[1]
    <L[2]
      <U4[1] 60004>
      <L[2]
        <A[12] "200509112059">
        <A[5] "12 34">
      >
    >
  >
>
.
11:20:39.879: Send S6F12(147).
00 01 06 0C 00 00 00 00 00 93   21 01 00 
S6F12
<B[1] 0x00>
.
11:20:39.911: Receive S6F11(148).
00 01 86 0B 00 00 00 00 00 94   01 03 B1 04 00 00 00 00 B1 04   
00 00 EA 68 01 01 01 02 B1 04   00 00 EA 68 01 02 41 0C 32 30   
30 35 30 39 31 31 32 30 35 39   41 05 31 32 20 33 34 
S6F11 W
<L[3]
  <U4[1] 0>
  <U4[1] 60008>
  <L[1]
    <L[2]
      <U4[1] 60008>
      <L[2]
        <A[12] "200509112059">
        <A[5] "12 34">
      >
    >
  >
>
.
11:20:40.017: Send S6F12(148).
00 01 06 0C 00 00 00 00 00 94   21 01 00 
S6F12
<B[1] 0x00>
.
11:20:40.047: Receive S6F11(149).
00 01 86 0B 00 00 00 00 00 95   01 03 B1 04 00 00 00 00 B1 04   
00 00 EA 64 01 01 01 02 B1 04   00 00 EA 64 01 02 41 0C 32 30   
30 35 30 39 31 31 32 30 35 39   41 05 31 32 20 33 34 
S6F11 W
<L[3]
  <U4[1] 0>
  <U4[1] 60004>
  <L[1]
    <L[2]
      <U4[1] 60004>
      <L[2]
        <A[12] "200509112059">
        <A[5] "12 34">
      >
    >
  >
>
.
11:20:40.152: Send S6F12(149).
00 01 06 0C 00 00 00 00 00 95   21 01 00 
S6F12
<B[1] 0x00>
.
11:20:40.182: Receive S6F11(150).
00 01 86 0B 00 00 00 00 00 96   01 03 B1 04 00 00 00 00 B1 04   
00 00 EA 68 01 01 01 02 B1 04   00 00 EA 68 01 02 41 0C 32 30   
30 35 30 39 31 31 32 30 35 39   41 05 31 32 20 33 34 
S6F11 W
<L[3]
  <U4[1] 0>
  <U4[1] 60008>
  <L[1]
    <L[2]
      <U4[1] 60008>
      <L[2]
        <A[12] "200509112059">
        <A[5] "12 34">
      >
    >
  >
>
.
11:20:40.288: Send S6F12(150).
00 01 06 0C 00 00 00 00 00 96   21 01 00 
S6F12
<B[1] 0x00>
.
11:20:40.320: Receive S6F11(151).
00 01 86 0B 00 00 00 00 00 97   01 03 B1 04 00 00 00 00 B1 04   
00 00 EA 64 01 01 01 02 B1 04   00 00 EA 64 01 02 41 0C 32 30   
30 35 30 39 31 31 32 31 30 30   41 05 31 32 20 33 34 
S6F11 W
<L[3]
  <U4[1] 0>
  <U4[1] 60004>
  <L[1]
    <L[2]
      <U4[1] 60004>
      <L[2]
        <A[12] "200509112100">
        <A[5] "12 34">
      >
    >
  >
>
.
11:20:40.435: Send S6F12(151).
00 01 06 0C 00 00 00 00 00 97   21 01 00 
S6F12
<B[1] 0x00>
.
11:20:40.465: Receive S6F11(152).
00 01 86 0B 00 00 00 00 00 98   01 03 B1 04 00 00 00 00 B1 04   
00 00 EA 68 01 01 01 02 B1 04   00 00 EA 68 01 02 41 0C 32 30   
30 35 30 39 31 31 32 31 30 30   41 05 31 32 20 33 34 
S6F11 W
<L[3]
  <U4[1] 0>
  <U4[1] 60008>
  <L[1]
    <L[2]
      <U4[1] 60008>
      <L[2]
        <A[12] "200509112100">
        <A[5] "12 34">
      >
    >
  >
>
.
11:20:40.573: Send S6F12(152).
00 01 06 0C 00 00 00 00 00 98   21 01 00 
S6F12
<B[1] 0x00>
.
11:20:40.608: Receive S6F11(153).
00 01 86 0B 00 00 00 00 00 99   01 03 B1 04 00 00 00 00 B1 04   
00 00 EA 64 01 01 01 02 B1 04   00 00 EA 64 01 02 41 0C 32 30   
30 35 30 39 31 31 32 31 30 30   41 05 31 32 20 33 34 
S6F11 W
<L[3]
  <U4[1] 0>
  <U4[1] 60004>
  <L[1]
    <L[2]
      <U4[1] 60004>
      <L[2]
        <A[12] "200509112100">
        <A[5] "12 34">
      >
    >
  >
>
.
11:20:40.723: Send S6F12(153).
00 01 06 0C 00 00 00 00 00 99   21 01 00 
S6F12
<B[1] 0x00>
.
11:20:40.759: Receive S6F11(154).
00 01 86 0B 00 00 00 00 00 9A   01 03 B1 04 00 00 00 00 B1 04   
00 00 EA 68 01 01 01 02 B1 04   00 00 EA 68 01 02 41 0C 32 30   
30 35 30 39 31 31 32 31 30 30   41 05 31 32 20 33 34 
S6F11 W
<L[3]
  <U4[1] 0>
  <U4[1] 60008>
  <L[1]
    <L[2]
      <U4[1] 60008>
      <L[2]
        <A[12] "200509112100">
        <A[5] "12 34">
      >
    >
  >
>
.
11:20:40.868: Send S6F12(154).
00 01 06 0C 00 00 00 00 00 9A   21 01 00 
S6F12
<B[1] 0x00>
.
11:20:40.899: Receive S6F11(155).
00 01 86 0B 00 00 00 00 00 9B   01 03 B1 04 00 00 00 00 B1 04   
00 00 EA 64 01 01 01 02 B1 04   00 00 EA 64 01 02 41 0C 32 30   
30 35 30 39 31 31 32 31 30 30   41 05 31 32 20 33 34 
S6F11 W
<L[3]
  <U4[1] 0>
  <U4[1] 60004>
  <L[1]
    <L[2]
      <U4[1] 60004>
      <L[2]
        <A[12] "200509112100">
        <A[5] "12 34">
      >
    >
  >
>
.
11:20:41.006: Send S6F12(155).
00 01 06 0C 00 00 00 00 00 9B   21 01 00 
S6F12
<B[1] 0x00>
.
11:20:41.034: Receive S6F11(156).
00 01 86 0B 00 00 00 00 00 9C   01 03 B1 04 00 00 00 00 B1 04   
00 00 EA 68 01 01 01 02 B1 04   00 00 EA 68 01 02 41 0C 32 30   
30 35 30 39 31 31 32 31 30 30   41 05 31 32 20 33 34 
S6F11 W
<L[3]
  <U4[1] 0>
  <U4[1] 60008>
  <L[1]
    <L[2]
      <U4[1] 60008>
      <L[2]
        <A[12] "200509112100">
        <A[5] "12 34">
      >
    >
  >
>
.
11:20:41.148: Send S6F12(156).
00 01 06 0C 00 00 00 00 00 9C   21 01 00 
S6F12
<B[1] 0x00>
.
11:20:41.181: Receive S6F11(157).
00 01 86 0B 00 00 00 00 00 9D   01 03 B1 04 00 00 00 00 B1 04   
00 00 EA 64 01 01 01 02 B1 04   00 00 EA 64 01 02 41 0C 32 30   
30 35 30 39 31 31 32 31 30 30   41 05 31 32 20 33 34 
S6F11 W
<L[3]
  <U4[1] 0>
  <U4[1] 60004>
  <L[1]
    <L[2]
      <U4[1] 60004>
      <L[2]
        <A[12] "200509112100">
        <A[5] "12 34">
      >
    >
  >
>
.
11:20:41.289: Send S6F12(157).
00 01 06 0C 00 00 00 00 00 9D   21 01 00 
S6F12
<B[1] 0x00>
.
11:20:42.201: Receive S2F42(155349906).
00 01 02 2A 00 00 09 42 73 92   01 01 21 01 03 
S2F42
<L[1]
  <B[1] 0x03>
>
.
11:24:08.174: Send S2F41(155349932).
00 01 82 29 00 00 09 42 73 AC   01 02 41 09 50 50 5F 53 45 4C   
45 43 54 01 03 01 02 41 05 4C   4F 54 49 44 41 07 33 33 34 35   
36 37 38 01 02 41 04 50 50 49   44 41 05 31 32 20 33 34 01 02   
41 03 51 54 59 41 02 35 30 
S2F41 W
<L[2]
  <A[9] "PP_SELECT">
  <L[3]
    <L[2]
      <A[5] "LOTID">
      <A[7] "3345678">
    >
    <L[2]
      <A[4] "PPID">
      <A[5] "12 34">
    >
    <L[2]
      <A[3] "QTY">
      <A[2] "50">
    >
  >
>
.
11:24:08.318: Receive S6F11(161).
00 01 86 0B 00 00 00 00 00 A1   01 03 B1 04 00 00 00 00 B1 04   
00 00 EA 64 01 01 01 02 B1 04   00 00 EA 64 01 02 41 0C 32 30   
30 35 30 39 31 31 32 34 32 38   41 05 31 32 20 33 34 
S6F11 W
<L[3]
  <U4[1] 0>
  <U4[1] 60004>
  <L[1]
    <L[2]
      <U4[1] 60004>
      <L[2]
        <A[12] "200509112428">
        <A[5] "12 34">
      >
    >
  >
>
.
11:24:08.435: Send S6F12(161).
00 01 06 0C 00 00 00 00 00 A1   21 01 00 
S6F12
<B[1] 0x00>
.
11:24:08.467: Receive S6F11(162).
00 01 86 0B 00 00 00 00 00 A2   01 03 B1 04 00 00 00 00 B1 04   
00 00 EA 68 01 01 01 02 B1 04   00 00 EA 68 01 02 41 0C 32 30   
30 35 30 39 31 31 32 34 32 38   41 05 31 32 20 33 34 
S6F11 W
<L[3]
  <U4[1] 0>
  <U4[1] 60008>
  <L[1]
    <L[2]
      <U4[1] 60008>
      <L[2]
        <A[12] "200509112428">
        <A[5] "12 34">
      >
    >
  >
>
.
11:24:08.579: Send S6F12(162).
00 01 06 0C 00 00 00 00 00 A2   21 01 00 
S6F12
<B[1] 0x00>
.
11:24:08.613: Receive S6F11(163).
00 01 86 0B 00 00 00 00 00 A3   01 03 B1 04 00 00 00 00 B1 04   
00 00 EA 64 01 01 01 02 B1 04   00 00 EA 64 01 02 41 0C 32 30   
30 35 30 39 31 31 32 34 32 38   41 05 31 32 20 33 34 
S6F11 W
<L[3]
  <U4[1] 0>
  <U4[1] 60004>
  <L[1]
    <L[2]
      <U4[1] 60004>
      <L[2]
        <A[12] "200509112428">
        <A[5] "12 34">
      >
    >
  >
>
.
11:24:08.727: Send S6F12(163).
00 01 06 0C 00 00 00 00 00 A3   21 01 00 
S6F12
<B[1] 0x00>
.
11:24:08.756: Receive S6F11(164).
00 01 86 0B 00 00 00 00 00 A4   01 03 B1 04 00 00 00 00 B1 04   
00 00 EA 68 01 01 01 02 B1 04   00 00 EA 68 01 02 41 0C 32 30   
30 35 30 39 31 31 32 34 32 38   41 05 31 32 20 33 34 
S6F11 W
<L[3]
  <U4[1] 0>
  <U4[1] 60008>
  <L[1]
    <L[2]
      <U4[1] 60008>
      <L[2]
        <A[12] "200509112428">
        <A[5] "12 34">
      >
    >
  >
>
.
11:24:08.865: Send S6F12(164).
00 01 06 0C 00 00 00 00 00 A4   21 01 00 
S6F12
<B[1] 0x00>
.
11:24:08.896: Receive S6F11(165).
00 01 86 0B 00 00 00 00 00 A5   01 03 B1 04 00 00 00 00 B1 04   
00 00 EA 64 01 01 01 02 B1 04   00 00 EA 64 01 02 41 0C 32 30   
30 35 30 39 31 31 32 34 32 38   41 05 31 32 20 33 34 
S6F11 W
<L[3]
  <U4[1] 0>
  <U4[1] 60004>
  <L[1]
    <L[2]
      <U4[1] 60004>
      <L[2]
        <A[12] "200509112428">
        <A[5] "12 34">
      >
    >
  >
>
.
11:24:09.005: Send S6F12(165).
00 01 06 0C 00 00 00 00 00 A5   21 01 00 
S6F12
<B[1] 0x00>
.
11:24:09.036: Receive S6F11(166).
00 01 86 0B 00 00 00 00 00 A6   01 03 B1 04 00 00 00 00 B1 04   
00 00 EA 68 01 01 01 02 B1 04   00 00 EA 68 01 02 41 0C 32 30   
30 35 30 39 31 31 32 34 32 38   41 05 31 32 20 33 34 
S6F11 W
<L[3]
  <U4[1] 0>
  <U4[1] 60008>
  <L[1]
    <L[2]
      <U4[1] 60008>
      <L[2]
        <A[12] "200509112428">
        <A[5] "12 34">
      >
    >
  >
>
.
11:24:09.146: Send S6F12(166).
00 01 06 0C 00 00 00 00 00 A6   21 01 00 
S6F12
<B[1] 0x00>
.
11:24:09.184: Receive S6F11(167).
00 01 86 0B 00 00 00 00 00 A7   01 03 B1 04 00 00 00 00 B1 04   
00 00 EA 64 01 01 01 02 B1 04   00 00 EA 64 01 02 41 0C 32 30   
30 35 30 39 31 31 32 34 32 38   41 05 31 32 20 33 34 
S6F11 W
<L[3]
  <U4[1] 0>
  <U4[1] 60004>
  <L[1]
    <L[2]
      <U4[1] 60004>
      <L[2]
        <A[12] "200509112428">
        <A[5] "12 34">
      >
    >
  >
>
.
11:24:09.287: Send S6F12(167).
00 01 06 0C 00 00 00 00 00 A7   21 01 00 
S6F12
<B[1] 0x00>
.
11:24:09.317: Receive S6F11(168).
00 01 86 0B 00 00 00 00 00 A8   01 03 B1 04 00 00 00 00 B1 04   
00 00 EA 68 01 01 01 02 B1 04   00 00 EA 68 01 02 41 0C 32 30   
30 35 30 39 31 31 32 34 32 39   41 05 31 32 20 33 34 
S6F11 W
<L[3]
  <U4[1] 0>
  <U4[1] 60008>
  <L[1]
    <L[2]
      <U4[1] 60008>
      <L[2]
        <A[12] "200509112429">
        <A[5] "12 34">
      >
    >
  >
>
.
11:24:09.433: Send S6F12(168).
00 01 06 0C 00 00 00 00 00 A8   21 01 00 
S6F12
<B[1] 0x00>
.
11:24:09.462: Receive S6F11(169).
00 01 86 0B 00 00 00 00 00 A9   01 03 B1 04 00 00 00 00 B1 04   
00 00 EA 64 01 01 01 02 B1 04   00 00 EA 64 01 02 41 0C 32 30   
30 35 30 39 31 31 32 34 32 39   41 05 31 32 20 33 34 
S6F11 W
<L[3]
  <U4[1] 0>
  <U4[1] 60004>
  <L[1]
    <L[2]
      <U4[1] 60004>
      <L[2]
        <A[12] "200509112429">
        <A[5] "12 34">
      >
    >
  >
>
.
11:24:09.571: Send S6F12(169).
00 01 06 0C 00 00 00 00 00 A9   21 01 00 
S6F12
<B[1] 0x00>
.
11:24:09.605: Receive S6F11(170).
00 01 86 0B 00 00 00 00 00 AA   01 03 B1 04 00 00 00 00 B1 04   
00 00 EA 68 01 01 01 02 B1 04   00 00 EA 68 01 02 41 0C 32 30   
30 35 30 39 31 31 32 34 32 39   41 05 31 32 20 33 34 
S6F11 W
<L[3]
  <U4[1] 0>
  <U4[1] 60008>
  <L[1]
    <L[2]
      <U4[1] 60008>
      <L[2]
        <A[12] "200509112429">
        <A[5] "12 34">
      >
    >
  >
>
.
11:24:09.714: Send S6F12(170).
00 01 06 0C 00 00 00 00 00 AA   21 01 00 
S6F12
<B[1] 0x00>
.
11:24:09.744: Receive S6F11(171).
00 01 86 0B 00 00 00 00 00 AB   01 03 B1 04 00 00 00 00 B1 04   
00 00 EA 64 01 01 01 02 B1 04   00 00 EA 64 01 02 41 0C 32 30   
30 35 30 39 31 31 32 34 32 39   41 05 31 32 20 33 34 
S6F11 W
<L[3]
  <U4[1] 0>
  <U4[1] 60004>
  <L[1]
    <L[2]
      <U4[1] 60004>
      <L[2]
        <A[12] "200509112429">
        <A[5] "12 34">
      >
    >
  >
>
.
11:24:09.849: Send S6F12(171).
00 01 06 0C 00 00 00 00 00 AB   21 01 00 
S6F12
<B[1] 0x00>
.
11:24:09.880: Receive S6F11(172).
00 01 86 0B 00 00 00 00 00 AC   01 03 B1 04 00 00 00 00 B1 04   
00 00 EA 68 01 01 01 02 B1 04   00 00 EA 68 01 02 41 0C 32 30   
30 35 30 39 31 31 32 34 32 39   41 05 31 32 20 33 34 
S6F11 W
<L[3]
  <U4[1] 0>
  <U4[1] 60008>
  <L[1]
    <L[2]
      <U4[1] 60008>
      <L[2]
        <A[12] "200509112429">
        <A[5] "12 34">
      >
    >
  >
>
.
11:24:09.994: Send S6F12(172).
00 01 06 0C 00 00 00 00 00 AC   21 01 00 
S6F12
<B[1] 0x00>
.
11:24:10.025: Receive S6F11(173).
00 01 86 0B 00 00 00 00 00 AD   01 03 B1 04 00 00 00 00 B1 04   
00 00 EA 64 01 01 01 02 B1 04   00 00 EA 64 01 02 41 0C 32 30   
30 35 30 39 31 31 32 34 32 39   41 05 31 32 20 33 34 
S6F11 W
<L[3]
  <U4[1] 0>
  <U4[1] 60004>
  <L[1]
    <L[2]
      <U4[1] 60004>
      <L[2]
        <A[12] "200509112429">
        <A[5] "12 34">
      >
    >
  >
>
.
11:24:10.137: Send S6F12(173).
00 01 06 0C 00 00 00 00 00 AD   21 01 00 
S6F12
<B[1] 0x00>
.
11:24:10.167: Receive S6F11(174).
00 01 86 0B 00 00 00 00 00 AE   01 03 B1 04 00 00 00 00 B1 04   
00 00 EA 68 01 01 01 02 B1 04   00 00 EA 68 01 02 41 0C 32 30   
30 35 30 39 31 31 32 34 32 39   41 05 31 32 20 33 34 
S6F11 W
<L[3]
  <U4[1] 0>
  <U4[1] 60008>
  <L[1]
    <L[2]
      <U4[1] 60008>
      <L[2]
        <A[12] "200509112429">
        <A[5] "12 34">
      >
    >
  >
>
.
11:24:10.280: Send S6F12(174).
00 01 06 0C 00 00 00 00 00 AE   21 01 00 
S6F12
<B[1] 0x00>
.
11:24:10.317: Receive S6F11(175).
00 01 86 0B 00 00 00 00 00 AF   01 03 B1 04 00 00 00 00 B1 04   
00 00 EA 64 01 01 01 02 B1 04   00 00 EA 64 01 02 41 0C 32 30   
30 35 30 39 31 31 32 34 33 30   41 05 31 32 20 33 34 
S6F11 W
<L[3]
  <U4[1] 0>
  <U4[1] 60004>
  <L[1]
    <L[2]
      <U4[1] 60004>
      <L[2]
        <A[12] "200509112430">
        <A[5] "12 34">
      >
    >
  >
>
.
11:24:10.436: Send S6F12(175).
00 01 06 0C 00 00 00 00 00 AF   21 01 00 
S6F12
<B[1] 0x00>
.
11:24:10.467: Receive S6F11(176).
00 01 86 0B 00 00 00 00 00 B0   01 03 B1 04 00 00 00 00 B1 04   
00 00 EA 68 01 01 01 02 B1 04   00 00 EA 68 01 02 41 0C 32 30   
30 35 30 39 31 31 32 34 33 30   41 05 31 32 20 33 34 
S6F11 W
<L[3]
  <U4[1] 0>
  <U4[1] 60008>
  <L[1]
    <L[2]
      <U4[1] 60008>
      <L[2]
        <A[12] "200509112430">
        <A[5] "12 34">
      >
    >
  >
>
.
11:24:10.577: Send S6F12(176).
00 01 06 0C 00 00 00 00 00 B0   21 01 00 
S6F12
<B[1] 0x00>
.
11:24:10.604: Receive S6F11(177).
00 01 86 0B 00 00 00 00 00 B1   01 03 B1 04 00 00 00 00 B1 04   
00 00 EA 64 01 01 01 02 B1 04   00 00 EA 64 01 02 41 0C 32 30   
30 35 30 39 31 31 32 34 33 30   41 05 31 32 20 33 34 
S6F11 W
<L[3]
  <U4[1] 0>
  <U4[1] 60004>
  <L[1]
    <L[2]
      <U4[1] 60004>
      <L[2]
        <A[12] "200509112430">
        <A[5] "12 34">
      >
    >
  >
>
.
11:24:10.726: Send S6F12(177).
00 01 06 0C 00 00 00 00 00 B1   21 01 00 
S6F12
<B[1] 0x00>
.
11:24:10.758: Receive S6F11(178).
00 01 86 0B 00 00 00 00 00 B2   01 03 B1 04 00 00 00 00 B1 04   
00 00 EA 68 01 01 01 02 B1 04   00 00 EA 68 01 02 41 0C 32 30   
30 35 30 39 31 31 32 34 33 30   41 05 31 32 20 33 34 
S6F11 W
<L[3]
  <U4[1] 0>
  <U4[1] 60008>
  <L[1]
    <L[2]
      <U4[1] 60008>
      <L[2]
        <A[12] "200509112430">
        <A[5] "12 34">
      >
    >
  >
>
.
11:24:10.864: Send S6F12(178).
00 01 06 0C 00 00 00 00 00 B2   21 01 00 
S6F12
<B[1] 0x00>
.
11:24:10.895: Receive S6F11(179).
00 01 86 0B 00 00 00 00 00 B3   01 03 B1 04 00 00 00 00 B1 04   
00 00 EA 64 01 01 01 02 B1 04   00 00 EA 64 01 02 41 0C 32 30   
30 35 30 39 31 31 32 34 33 30   41 05 31 32 20 33 34 
S6F11 W
<L[3]
  <U4[1] 0>
  <U4[1] 60004>
  <L[1]
    <L[2]
      <U4[1] 60004>
      <L[2]
        <A[12] "200509112430">
        <A[5] "12 34">
      >
    >
  >
>
.
11:24:11.008: Send S6F12(179).
00 01 06 0C 00 00 00 00 00 B3   21 01 00 
S6F12
<B[1] 0x00>
.
11:24:11.039: Receive S6F11(180).
00 01 86 0B 00 00 00 00 00 B4   01 03 B1 04 00 00 00 00 B1 04   
00 00 EA 68 01 01 01 02 B1 04   00 00 EA 68 01 02 41 0C 32 30   
30 35 30 39 31 31 32 34 33 30   41 05 31 32 20 33 34 
S6F11 W
<L[3]
  <U4[1] 0>
  <U4[1] 60008>
  <L[1]
    <L[2]
      <U4[1] 60008>
      <L[2]
        <A[12] "200509112430">
        <A[5] "12 34">
      >
    >
  >
>
.
11:24:11.154: Send S6F12(180).
00 01 06 0C 00 00 00 00 00 B4   21 01 00 
S6F12
<B[1] 0x00>
.
11:24:11.184: Receive S6F11(181).
00 01 86 0B 00 00 00 00 00 B5   01 03 B1 04 00 00 00 00 B1 04   
00 00 EA 64 01 01 01 02 B1 04   00 00 EA 64 01 02 41 0C 32 30   
30 35 30 39 31 31 32 34 33 30   41 05 31 32 20 33 34 
S6F11 W
<L[3]
  <U4[1] 0>
  <U4[1] 60004>
  <L[1]
    <L[2]
      <U4[1] 60004>
      <L[2]
        <A[12] "200509112430">
        <A[5] "12 34">
      >
    >
  >
>
.
11:24:11.287: Send S6F12(181).
00 01 06 0C 00 00 00 00 00 B5   21 01 00 
S6F12
<B[1] 0x00>
.
11:24:11.315: Receive S6F11(182).
00 01 86 0B 00 00 00 00 00 B6   01 03 B1 04 00 00 00 00 B1 04   
00 00 EA 68 01 01 01 02 B1 04   00 00 EA 68 01 02 41 0C 32 30   
30 35 30 39 31 31 32 34 33 31   41 05 31 32 20 33 34 
S6F11 W
<L[3]
  <U4[1] 0>
  <U4[1] 60008>
  <L[1]
    <L[2]
      <U4[1] 60008>
      <L[2]
        <A[12] "200509112431">
        <A[5] "12 34">
      >
    >
  >
>
.
11:24:11.431: Send S6F12(182).
00 01 06 0C 00 00 00 00 00 B6   21 01 00 
S6F12
<B[1] 0x00>
.
11:24:12.203: Receive S2F42(155349932).
00 01 02 2A 00 00 09 42 73 AC   01 01 21 01 03 
S2F42
<L[1]
  <B[1] 0x03>
>
.
11:26:49.104: Send S2F41(155349957).
00 01 82 29 00 00 09 42 73 C5   01 02 41 09 50 50 5F 53 45 4C   
45 43 54 01 03 01 02 41 05 4C   4F 54 49 44 41 07 33 33 34 35   
36 37 38 01 02 41 04 50 50 49   44 41 05 31 32 20 33 34 01 02   
41 03 51 54 59 41 02 35 30 
S2F41 W
<L[2]
  <A[9] "PP_SELECT">
  <L[3]
    <L[2]
      <A[5] "LOTID">
      <A[7] "3345678">
    >
    <L[2]
      <A[4] "PPID">
      <A[5] "12 34">
    >
    <L[2]
      <A[3] "QTY">
      <A[2] "50">
    >
  >
>
.
11:26:49.245: Receive S6F11(186).
00 01 86 0B 00 00 00 00 00 BA   01 03 B1 04 00 00 00 00 B1 04   
00 00 EA 68 01 01 01 02 B1 04   00 00 EA 68 01 02 41 0C 32 30   
30 35 30 39 31 31 32 37 30 39   41 05 31 32 20 33 34 
S6F11 W
<L[3]
  <U4[1] 0>
  <U4[1] 60008>
  <L[1]
    <L[2]
      <U4[1] 60008>
      <L[2]
        <A[12] "200509112709">
        <A[5] "12 34">
      >
    >
  >
>
.
11:26:49.357: Send S6F12(186).
00 01 06 0C 00 00 00 00 00 BA   21 01 00 
S6F12
<B[1] 0x00>
.
11:26:49.389: Receive S6F11(187).
00 01 86 0B 00 00 00 00 00 BB   01 03 B1 04 00 00 00 00 B1 04   
00 00 EA 68 01 01 01 02 B1 04   00 00 EA 68 01 02 41 0C 32 30   
30 35 30 39 31 31 32 37 30 39   41 05 31 32 20 33 34 
S6F11 W
<L[3]
  <U4[1] 0>
  <U4[1] 60008>
  <L[1]
    <L[2]
      <U4[1] 60008>
      <L[2]
        <A[12] "200509112709">
        <A[5] "12 34">
      >
    >
  >
>
.
11:26:49.503: Send S6F12(187).
00 01 06 0C 00 00 00 00 00 BB   21 01 00 
S6F12
<B[1] 0x00>
.
11:26:49.544: Receive S6F11(188).
00 01 86 0B 00 00 00 00 00 BC   01 03 B1 04 00 00 00 00 B1 04   
00 00 EA 68 01 01 01 02 B1 04   00 00 EA 68 01 02 41 0C 32 30   
30 35 30 39 31 31 32 37 30 39   41 05 31 32 20 33 34 
S6F11 W
<L[3]
  <U4[1] 0>
  <U4[1] 60008>
  <L[1]
    <L[2]
      <U4[1] 60008>
      <L[2]
        <A[12] "200509112709">
        <A[5] "12 34">
      >
    >
  >
>
.
11:26:49.650: Send S6F12(188).
00 01 06 0C 00 00 00 00 00 BC   21 01 00 
S6F12
<B[1] 0x00>
.
11:26:49.694: Receive S6F11(189).
00 01 86 0B 00 00 00 00 00 BD   01 03 B1 04 00 00 00 00 B1 04   
00 00 EA 68 01 01 01 02 B1 04   00 00 EA 68 01 02 41 0C 32 30   
30 35 30 39 31 31 32 37 30 39   41 05 31 32 20 33 34 
S6F11 W
<L[3]
  <U4[1] 0>
  <U4[1] 60008>
  <L[1]
    <L[2]
      <U4[1] 60008>
      <L[2]
        <A[12] "200509112709">
        <A[5] "12 34">
      >
    >
  >
>
.
11:26:49.798: Send S6F12(189).
00 01 06 0C 00 00 00 00 00 BD   21 01 00 
S6F12
<B[1] 0x00>
.
11:26:49.844: Receive S6F11(190).
00 01 86 0B 00 00 00 00 00 BE   01 03 B1 04 00 00 00 00 B1 04   
00 00 EA 68 01 01 01 02 B1 04   00 00 EA 68 01 02 41 0C 32 30   
30 35 30 39 31 31 32 37 30 39   41 05 31 32 20 33 34 
S6F11 W
<L[3]
  <U4[1] 0>
  <U4[1] 60008>
  <L[1]
    <L[2]
      <U4[1] 60008>
      <L[2]
        <A[12] "200509112709">
        <A[5] "12 34">
      >
    >
  >
>
.
11:26:49.951: Send S6F12(190).
00 01 06 0C 00 00 00 00 00 BE   21 01 00 
S6F12
<B[1] 0x00>
.
11:26:49.989: Receive S6F11(191).
00 01 86 0B 00 00 00 00 00 BF   01 03 B1 04 00 00 00 00 B1 04   
00 00 EA 68 01 01 01 02 B1 04   00 00 EA 68 01 02 41 0C 32 30   
30 35 30 39 31 31 32 37 30 39   41 05 31 32 20 33 34 
S6F11 W
<L[3]
  <U4[1] 0>
  <U4[1] 60008>
  <L[1]
    <L[2]
      <U4[1] 60008>
      <L[2]
        <A[12] "200509112709">
        <A[5] "12 34">
      >
    >
  >
>
.
11:26:50.104: Send S6F12(191).
00 01 06 0C 00 00 00 00 00 BF   21 01 00 
S6F12
<B[1] 0x00>
.
11:26:50.143: Receive S6F11(192).
00 01 86 0B 00 00 00 00 00 C0   01 03 B1 04 00 00 00 00 B1 04   
00 00 EA 68 01 01 01 02 B1 04   00 00 EA 68 01 02 41 0C 32 30   
30 35 30 39 31 31 32 37 31 30   41 05 31 32 20 33 34 
S6F11 W
<L[3]
  <U4[1] 0>
  <U4[1] 60008>
  <L[1]
    <L[2]
      <U4[1] 60008>
      <L[2]
        <A[12] "200509112710">
        <A[5] "12 34">
      >
    >
  >
>
.
11:26:50.249: Send S6F12(192).
00 01 06 0C 00 00 00 00 00 C0   21 01 00 
S6F12
<B[1] 0x00>
.
11:26:50.288: Receive S6F11(193).
00 01 86 0B 00 00 00 00 00 C1   01 03 B1 04 00 00 00 00 B1 04   
00 00 EA 68 01 01 01 02 B1 04   00 00 EA 68 01 02 41 0C 32 30   
30 35 30 39 31 31 32 37 31 30   41 05 31 32 20 33 34 
S6F11 W
<L[3]
  <U4[1] 0>
  <U4[1] 60008>
  <L[1]
    <L[2]
      <U4[1] 60008>
      <L[2]
        <A[12] "200509112710">
        <A[5] "12 34">
      >
    >
  >
>
.
11:26:50.403: Send S6F12(193).
00 01 06 0C 00 00 00 00 00 C1   21 01 00 
S6F12
<B[1] 0x00>
.
11:26:50.438: Receive S6F11(194).
00 01 86 0B 00 00 00 00 00 C2   01 03 B1 04 00 00 00 00 B1 04   
00 00 EA 68 01 01 01 02 B1 04   00 00 EA 68 01 02 41 0C 32 30   
30 35 30 39 31 31 32 37 31 30   41 05 31 32 20 33 34 
S6F11 W
<L[3]
  <U4[1] 0>
  <U4[1] 60008>
  <L[1]
    <L[2]
      <U4[1] 60008>
      <L[2]
        <A[12] "200509112710">
        <A[5] "12 34">
      >
    >
  >
>
.
11:26:50.556: Send S6F12(194).
00 01 06 0C 00 00 00 00 00 C2   21 01 00 
S6F12
<B[1] 0x00>
.
11:26:50.588: Receive S6F11(195).
00 01 86 0B 00 00 00 00 00 C3   01 03 B1 04 00 00 00 00 B1 04   
00 00 EA 68 01 01 01 02 B1 04   00 00 EA 68 01 02 41 0C 32 30   
30 35 30 39 31 31 32 37 31 30   41 05 31 32 20 33 34 
S6F11 W
<L[3]
  <U4[1] 0>
  <U4[1] 60008>
  <L[1]
    <L[2]
      <U4[1] 60008>
      <L[2]
        <A[12] "200509112710">
        <A[5] "12 34">
      >
    >
  >
>
.
11:26:50.703: Send S6F12(195).
00 01 06 0C 00 00 00 00 00 C3   21 01 00 
S6F12
<B[1] 0x00>
.
11:26:50.743: Receive S6F11(196).
00 01 86 0B 00 00 00 00 00 C4   01 03 B1 04 00 00 00 00 B1 04   
00 00 EA 68 01 01 01 02 B1 04   00 00 EA 68 01 02 41 0C 32 30   
30 35 30 39 31 31 32 37 31 30   41 05 31 32 20 33 34 
S6F11 W
<L[3]
  <U4[1] 0>
  <U4[1] 60008>
  <L[1]
    <L[2]
      <U4[1] 60008>
      <L[2]
        <A[12] "200509112710">
        <A[5] "12 34">
      >
    >
  >
>
.
11:26:50.856: Send S6F12(196).
00 01 06 0C 00 00 00 00 00 C4   21 01 00 
S6F12
<B[1] 0x00>
.
11:26:50.888: Receive S6F11(197).
00 01 86 0B 00 00 00 00 00 C5   01 03 B1 04 00 00 00 00 B1 04   
00 00 EA 68 01 01 01 02 B1 04   00 00 EA 68 01 02 41 0C 32 30   
30 35 30 39 31 31 32 37 31 30   41 05 31 32 20 33 34 
S6F11 W
<L[3]
  <U4[1] 0>
  <U4[1] 60008>
  <L[1]
    <L[2]
      <U4[1] 60008>
      <L[2]
        <A[12] "200509112710">
        <A[5] "12 34">
      >
    >
  >
>
.
11:26:51.003: Send S6F12(197).
00 01 06 0C 00 00 00 00 00 C5   21 01 00 
S6F12
<B[1] 0x00>
.
11:26:51.043: Receive S6F11(198).
00 01 86 0B 00 00 00 00 00 C6   01 03 B1 04 00 00 00 00 B1 04   
00 00 EA 68 01 01 01 02 B1 04   00 00 EA 68 01 02 41 0C 32 30   
30 35 30 39 31 31 32 37 31 30   41 05 31 32 20 33 34 
S6F11 W
<L[3]
  <U4[1] 0>
  <U4[1] 60008>
  <L[1]
    <L[2]
      <U4[1] 60008>
      <L[2]
        <A[12] "200509112710">
        <A[5] "12 34">
      >
    >
  >
>
.
11:26:51.155: Send S6F12(198).
00 01 06 0C 00 00 00 00 00 C6   21 01 00 
S6F12
<B[1] 0x00>
.
11:26:51.188: Receive S6F11(199).
00 01 86 0B 00 00 00 00 00 C7   01 03 B1 04 00 00 00 00 B1 04   
00 00 EA 68 01 01 01 02 B1 04   00 00 EA 68 01 02 41 0C 32 30   
30 35 30 39 31 31 32 37 31 31   41 05 31 32 20 33 34 
S6F11 W
<L[3]
  <U4[1] 0>
  <U4[1] 60008>
  <L[1]
    <L[2]
      <U4[1] 60008>
      <L[2]
        <A[12] "200509112711">
        <A[5] "12 34">
      >
    >
  >
>
.
11:26:51.299: Send S6F12(199).
00 01 06 0C 00 00 00 00 00 C7   21 01 00 
S6F12
<B[1] 0x00>
.
11:26:51.338: Receive S6F11(200).
00 01 86 0B 00 00 00 00 00 C8   01 03 B1 04 00 00 00 00 B1 04   
00 00 EA 68 01 01 01 02 B1 04   00 00 EA 68 01 02 41 0C 32 30   
30 35 30 39 31 31 32 37 31 31   41 05 31 32 20 33 34 
S6F11 W
<L[3]
  <U4[1] 0>
  <U4[1] 60008>
  <L[1]
    <L[2]
      <U4[1] 60008>
      <L[2]
        <A[12] "200509112711">
        <A[5] "12 34">
      >
    >
  >
>
.
11:26:51.451: Send S6F12(200).
00 01 06 0C 00 00 00 00 00 C8   21 01 00 
S6F12
<B[1] 0x00>
.
11:26:51.488: Receive S6F11(201).
00 01 86 0B 00 00 00 00 00 C9   01 03 B1 04 00 00 00 00 B1 04   
00 00 EA 68 01 01 01 02 B1 04   00 00 EA 68 01 02 41 0C 32 30   
30 35 30 39 31 31 32 37 31 31   41 05 31 32 20 33 34 
S6F11 W
<L[3]
  <U4[1] 0>
  <U4[1] 60008>
  <L[1]
    <L[2]
      <U4[1] 60008>
      <L[2]
        <A[12] "200509112711">
        <A[5] "12 34">
      >
    >
  >
>
.
11:26:51.599: Send S6F12(201).
00 01 06 0C 00 00 00 00 00 C9   21 01 00 
S6F12
<B[1] 0x00>
.
11:26:51.638: Receive S6F11(202).
00 01 86 0B 00 00 00 00 00 CA   01 03 B1 04 00 00 00 00 B1 04   
00 00 EA 68 01 01 01 02 B1 04   00 00 EA 68 01 02 41 0C 32 30   
30 35 30 39 31 31 32 37 31 31   41 05 31 32 20 33 34 
S6F11 W
<L[3]
  <U4[1] 0>
  <U4[1] 60008>
  <L[1]
    <L[2]
      <U4[1] 60008>
      <L[2]
        <A[12] "200509112711">
        <A[5] "12 34">
      >
    >
  >
>
.
11:26:51.753: Send S6F12(202).
00 01 06 0C 00 00 00 00 00 CA   21 01 00 
S6F12
<B[1] 0x00>
.
11:26:51.788: Receive S6F11(203).
00 01 86 0B 00 00 00 00 00 CB   01 03 B1 04 00 00 00 00 B1 04   
00 00 EA 68 01 01 01 02 B1 04   00 00 EA 68 01 02 41 0C 32 30   
30 35 30 39 31 31 32 37 31 31   41 05 31 32 20 33 34 
S6F11 W
<L[3]
  <U4[1] 0>
  <U4[1] 60008>
  <L[1]
    <L[2]
      <U4[1] 60008>
      <L[2]
        <A[12] "200509112711">
        <A[5] "12 34">
      >
    >
  >
>
.
11:26:51.896: Send S6F12(203).
00 01 06 0C 00 00 00 00 00 CB   21 01 00 
S6F12
<B[1] 0x00>
.
11:26:51.944: Receive S6F11(204).
00 01 86 0B 00 00 00 00 00 CC   01 03 B1 04 00 00 00 00 B1 04   
00 00 EA 68 01 01 01 02 B1 04   00 00 EA 68 01 02 41 0C 32 30   
30 35 30 39 31 31 32 37 31 31   41 05 31 32 20 33 34 
S6F11 W
<L[3]
  <U4[1] 0>
  <U4[1] 60008>
  <L[1]
    <L[2]
      <U4[1] 60008>
      <L[2]
        <A[12] "200509112711">
        <A[5] "12 34">
      >
    >
  >
>
.
11:26:52.055: Send S6F12(204).
00 01 06 0C 00 00 00 00 00 CC   21 01 00 
S6F12
<B[1] 0x00>
.
11:26:52.090: Receive S6F11(205).
00 01 86 0B 00 00 00 00 00 CD   01 03 B1 04 00 00 00 00 B1 04   
00 00 EA 68 01 01 01 02 B1 04   00 00 EA 68 01 02 41 0C 32 30   
30 35 30 39 31 31 32 37 31 32   41 05 31 32 20 33 34 
S6F11 W
<L[3]
  <U4[1] 0>
  <U4[1] 60008>
  <L[1]
    <L[2]
      <U4[1] 60008>
      <L[2]
        <A[12] "200509112712">
        <A[5] "12 34">
      >
    >
  >
>
.
11:26:52.200: Send S6F12(205).
00 01 06 0C 00 00 00 00 00 CD   21 01 00 
S6F12
<B[1] 0x00>
.
11:26:53.202: Receive S2F42(155349957).
00 01 02 2A 00 00 09 42 73 C5   01 01 21 01 03 
S2F42
<L[1]
  <B[1] 0x03>
>
.
11:28:47.210: Send S2F41(155349980).
00 01 82 29 00 00 09 42 73 DC   01 02 41 09 50 50 5F 53 45 4C   
45 43 54 01 03 01 02 41 05 4C   4F 54 49 44 41 07 33 33 34 35   
36 37 38 01 02 41 04 50 50 49   44 41 05 31 32 20 33 34 01 02   
41 03 51 54 59 41 02 35 30 
S2F41 W
<L[2]
  <A[9] "PP_SELECT">
  <L[3]
    <L[2]
      <A[5] "LOTID">
      <A[7] "3345678">
    >
    <L[2]
      <A[4] "PPID">
      <A[5] "12 34">
    >
    <L[2]
      <A[3] "QTY">
      <A[2] "50">
    >
  >
>
.
11:28:51.306: Receive S2F42(155349980).
00 01 02 2A 00 00 09 42 73 DC   01 01 21 01 03 
S2F42
<L[1]
  <B[1] 0x03>
>
.
11:29:29.036: Send S7F19(155349982).
00 01 87 13 00 00 09 42 73 DE 
S7F19 W
.
11:29:29.064: Receive S7F20(155349982).
00 01 07 14 00 00 09 42 73 DE   01 05 41 14 47 50 30 31 20 20   
20 20 20 20 20 20 20 20 20 20   20 20 20 20 41 14 57 58 59 5A   
20 20 20 20 20 20 20 20 20 20   20 20 20 20 20 20 41 14 31 32   
33 34 35 36 37 20 20 20 20 20   20 20 20 20 20 20 20 20 41 14   
47 50 30 36 20 20 20 20 20 20   20 20 20 20 20 20 20 20 20 20   
41 0A 31 32 33 34 35 36 37 38   39 30 
S7F20
<L[5]
  <A[20] "GP01                ">
  <A[20] "WXYZ                ">
  <A[20] "1234567             ">
  <A[20] "GP06                ">
  <A[10] "1234567890">
>
.
11:29:52.085: Send S2F41(155349983).
00 01 82 29 00 00 09 42 73 DF   01 02 41 09 50 50 5F 53 45 4C   
45 43 54 01 03 01 02 41 05 4C   4F 54 49 44 41 07 33 33 34 35   
36 37 38 01 02 41 04 50 50 49   44 41 0A 31 32 33 34 35 36 37   
38 39 30 01 02 41 03 51 54 59   41 02 35 30 
S2F41 W
<L[2]
  <A[9] "PP_SELECT">
  <L[3]
    <L[2]
      <A[5] "LOTID">
      <A[7] "3345678">
    >
    <L[2]
      <A[4] "PPID">
      <A[10] "1234567890">
    >
    <L[2]
      <A[3] "QTY">
      <A[2] "50">
    >
  >
>
.
11:29:52.226: Receive S6F11(209).
00 01 86 0B 00 00 00 00 00 D1   01 03 B1 04 00 00 00 00 B1 04   
00 00 EA 64 01 01 01 02 B1 04   00 00 EA 64 01 02 41 0C 32 30   
30 35 30 39 31 31 33 30 31 32   41 0A 31 32 33 34 35 36 37 38   
39 30 
S6F11 W
<L[3]
  <U4[1] 0>
  <U4[1] 60004>
  <L[1]
    <L[2]
      <U4[1] 60004>
      <L[2]
        <A[12] "200509113012">
        <A[10] "1234567890">
      >
    >
  >
>
.
11:29:52.337: Send S6F12(209).
00 01 06 0C 00 00 00 00 00 D1   21 01 00 
S6F12
<B[1] 0x00>
.
11:29:52.366: Receive S6F11(210).
00 01 86 0B 00 00 00 00 00 D2   01 03 B1 04 00 00 00 00 B1 04   
00 00 EA 68 01 01 01 02 B1 04   00 00 EA 68 01 02 41 0C 32 30   
30 35 30 39 31 31 33 30 31 32   41 0A 31 32 33 34 35 36 37 38   
39 30 
S6F11 W
<L[3]
  <U4[1] 0>
  <U4[1] 60008>
  <L[1]
    <L[2]
      <U4[1] 60008>
      <L[2]
        <A[12] "200509113012">
        <A[10] "1234567890">
      >
    >
  >
>
.
11:29:52.479: Send S6F12(210).
00 01 06 0C 00 00 00 00 00 D2   21 01 00 
S6F12
<B[1] 0x00>
.
11:29:52.513: Receive S6F11(211).
00 01 86 0B 00 00 00 00 00 D3   01 03 B1 04 00 00 00 00 B1 04   
00 00 EA 64 01 01 01 02 B1 04   00 00 EA 64 01 02 41 0C 32 30   
30 35 30 39 31 31 33 30 31 32   41 0A 31 32 33 34 35 36 37 38   
39 30 
S6F11 W
<L[3]
  <U4[1] 0>
  <U4[1] 60004>
  <L[1]
    <L[2]
      <U4[1] 60004>
      <L[2]
        <A[12] "200509113012">
        <A[10] "1234567890">
      >
    >
  >
>
.
11:29:52.622: Send S6F12(211).
00 01 06 0C 00 00 00 00 00 D3   21 01 00 
S6F12
<B[1] 0x00>
.
11:29:52.651: Receive S6F11(212).
00 01 86 0B 00 00 00 00 00 D4   01 03 B1 04 00 00 00 00 B1 04   
00 00 EA 68 01 01 01 02 B1 04   00 00 EA 68 01 02 41 0C 32 30   
30 35 30 39 31 31 33 30 31 32   41 0A 31 32 33 34 35 36 37 38   
39 30 
S6F11 W
<L[3]
  <U4[1] 0>
  <U4[1] 60008>
  <L[1]
    <L[2]
      <U4[1] 60008>
      <L[2]
        <A[12] "200509113012">
        <A[10] "1234567890">
      >
    >
  >
>
.
11:29:52.766: Send S6F12(212).
00 01 06 0C 00 00 00 00 00 D4   21 01 00 
S6F12
<B[1] 0x00>
.
11:29:52.797: Receive S6F11(213).
00 01 86 0B 00 00 00 00 00 D5   01 03 B1 04 00 00 00 00 B1 04   
00 00 EA 64 01 01 01 02 B1 04   00 00 EA 64 01 02 41 0C 32 30   
30 35 30 39 31 31 33 30 31 32   41 0A 31 32 33 34 35 36 37 38   
39 30 
S6F11 W
<L[3]
  <U4[1] 0>
  <U4[1] 60004>
  <L[1]
    <L[2]
      <U4[1] 60004>
      <L[2]
        <A[12] "200509113012">
        <A[10] "1234567890">
      >
    >
  >
>
.
11:29:52.902: Send S6F12(213).
00 01 06 0C 00 00 00 00 00 D5   21 01 00 
S6F12
<B[1] 0x00>
.
11:29:52.933: Receive S6F11(214).
00 01 86 0B 00 00 00 00 00 D6   01 03 B1 04 00 00 00 00 B1 04   
00 00 EA 68 01 01 01 02 B1 04   00 00 EA 68 01 02 41 0C 32 30   
30 35 30 39 31 31 33 30 31 32   41 0A 31 32 33 34 35 36 37 38   
39 30 
S6F11 W
<L[3]
  <U4[1] 0>
  <U4[1] 60008>
  <L[1]
    <L[2]
      <U4[1] 60008>
      <L[2]
        <A[12] "200509113012">
        <A[10] "1234567890">
      >
    >
  >
>
.
11:29:53.060: Send S6F12(214).
00 01 06 0C 00 00 00 00 00 D6   21 01 00 
S6F12
<B[1] 0x00>
.
11:29:53.091: Receive S6F11(215).
00 01 86 0B 00 00 00 00 00 D7   01 03 B1 04 00 00 00 00 B1 04   
00 00 EA 64 01 01 01 02 B1 04   00 00 EA 64 01 02 41 0C 32 30   
30 35 30 39 31 31 33 30 31 32   41 0A 31 32 33 34 35 36 37 38   
39 30 
S6F11 W
<L[3]
  <U4[1] 0>
  <U4[1] 60004>
  <L[1]
    <L[2]
      <U4[1] 60004>
      <L[2]
        <A[12] "200509113012">
        <A[10] "1234567890">
      >
    >
  >
>
.
11:29:53.221: Send S6F12(215).
00 01 06 0C 00 00 00 00 00 D7   21 01 00 
S6F12
<B[1] 0x00>
.
11:29:53.249: Receive S6F11(216).
00 01 86 0B 00 00 00 00 00 D8   01 03 B1 04 00 00 00 00 B1 04   
00 00 EA 68 01 01 01 02 B1 04   00 00 EA 68 01 02 41 0C 32 30   
30 35 30 39 31 31 33 30 31 33   41 0A 31 32 33 34 35 36 37 38   
39 30 
S6F11 W
<L[3]
  <U4[1] 0>
  <U4[1] 60008>
  <L[1]
    <L[2]
      <U4[1] 60008>
      <L[2]
        <A[12] "200509113013">
        <A[10] "1234567890">
      >
    >
  >
>
.
11:29:53.361: Send S6F12(216).
00 01 06 0C 00 00 00 00 00 D8   21 01 00 
S6F12
<B[1] 0x00>
.
11:29:53.393: Receive S6F11(217).
00 01 86 0B 00 00 00 00 00 D9   01 03 B1 04 00 00 00 00 B1 04   
00 00 EA 64 01 01 01 02 B1 04   00 00 EA 64 01 02 41 0C 32 30   
30 35 30 39 31 31 33 30 31 33   41 0A 31 32 33 34 35 36 37 38   
39 30 
S6F11 W
<L[3]
  <U4[1] 0>
  <U4[1] 60004>
  <L[1]
    <L[2]
      <U4[1] 60004>
      <L[2]
        <A[12] "200509113013">
        <A[10] "1234567890">
      >
    >
  >
>
.
11:29:53.510: Send S6F12(217).
00 01 06 0C 00 00 00 00 00 D9   21 01 00 
S6F12
<B[1] 0x00>
.
11:29:53.540: Receive S6F11(218).
00 01 86 0B 00 00 00 00 00 DA   01 03 B1 04 00 00 00 00 B1 04   
00 00 EA 68 01 01 01 02 B1 04   00 00 EA 68 01 02 41 0C 32 30   
30 35 30 39 31 31 33 30 31 33   41 0A 31 32 33 34 35 36 37 38   
39 30 
S6F11 W
<L[3]
  <U4[1] 0>
  <U4[1] 60008>
  <L[1]
    <L[2]
      <U4[1] 60008>
      <L[2]
        <A[12] "200509113013">
        <A[10] "1234567890">
      >
    >
  >
>
.
11:29:53.663: Send S6F12(218).
00 01 06 0C 00 00 00 00 00 DA   21 01 00 
S6F12
<B[1] 0x00>
.
11:29:53.694: Receive S6F11(219).
00 01 86 0B 00 00 00 00 00 DB   01 03 B1 04 00 00 00 00 B1 04   
00 00 EA 64 01 01 01 02 B1 04   00 00 EA 64 01 02 41 0C 32 30   
30 35 30 39 31 31 33 30 31 33   41 0A 31 32 33 34 35 36 37 38   
39 30 
S6F11 W
<L[3]
  <U4[1] 0>
  <U4[1] 60004>
  <L[1]
    <L[2]
      <U4[1] 60004>
      <L[2]
        <A[12] "200509113013">
        <A[10] "1234567890">
      >
    >
  >
>
.
11:29:53.809: Send S6F12(219).
00 01 06 0C 00 00 00 00 00 DB   21 01 00 
S6F12
<B[1] 0x00>
.
11:29:53.840: Receive S6F11(220).
00 01 86 0B 00 00 00 00 00 DC   01 03 B1 04 00 00 00 00 B1 04   
00 00 EA 68 01 01 01 02 B1 04   00 00 EA 68 01 02 41 0C 32 30   
30 35 30 39 31 31 33 30 31 33   41 0A 31 32 33 34 35 36 37 38   
39 30 
S6F11 W
<L[3]
  <U4[1] 0>
  <U4[1] 60008>
  <L[1]
    <L[2]
      <U4[1] 60008>
      <L[2]
        <A[12] "200509113013">
        <A[10] "1234567890">
      >
    >
  >
>
.
11:29:53.957: Send S6F12(220).
00 01 06 0C 00 00 00 00 00 DC   21 01 00 
S6F12
<B[1] 0x00>
.
11:29:53.990: Receive S6F11(221).
00 01 86 0B 00 00 00 00 00 DD   01 03 B1 04 00 00 00 00 B1 04   
00 00 EA 64 01 01 01 02 B1 04   00 00 EA 64 01 02 41 0C 32 30   
30 35 30 39 31 31 33 30 31 33   41 0A 31 32 33 34 35 36 37 38   
39 30 
S6F11 W
<L[3]
  <U4[1] 0>
  <U4[1] 60004>
  <L[1]
    <L[2]
      <U4[1] 60004>
      <L[2]
        <A[12] "200509113013">
        <A[10] "1234567890">
      >
    >
  >
>
.
11:29:54.111: Send S6F12(221).
00 01 06 0C 00 00 00 00 00 DD   21 01 00 
S6F12
<B[1] 0x00>
.
11:29:54.141: Receive S6F11(222).
00 01 86 0B 00 00 00 00 00 DE   01 03 B1 04 00 00 00 00 B1 04   
00 00 EA 68 01 01 01 02 B1 04   00 00 EA 68 01 02 41 0C 32 30   
30 35 30 39 31 31 33 30 31 33   41 0A 31 32 33 34 35 36 37 38   
39 30 
S6F11 W
<L[3]
  <U4[1] 0>
  <U4[1] 60008>
  <L[1]
    <L[2]
      <U4[1] 60008>
      <L[2]
        <A[12] "200509113013">
        <A[10] "1234567890">
      >
    >
  >
>
.
11:29:54.251: Send S6F12(222).
00 01 06 0C 00 00 00 00 00 DE   21 01 00 
S6F12
<B[1] 0x00>
.
11:29:54.284: Receive S6F11(223).
00 01 86 0B 00 00 00 00 00 DF   01 03 B1 04 00 00 00 00 B1 04   
00 00 EA 64 01 01 01 02 B1 04   00 00 EA 64 01 02 41 0C 32 30   
30 35 30 39 31 31 33 30 31 34   41 0A 31 32 33 34 35 36 37 38   
39 30 
S6F11 W
<L[3]
  <U4[1] 0>
  <U4[1] 60004>
  <L[1]
    <L[2]
      <U4[1] 60004>
      <L[2]
        <A[12] "200509113014">
        <A[10] "1234567890">
      >
    >
  >
>
.
11:29:54.406: Send S6F12(223).
00 01 06 0C 00 00 00 00 00 DF   21 01 00 
S6F12
<B[1] 0x00>
.
11:29:54.436: Receive S6F11(224).
00 01 86 0B 00 00 00 00 00 E0   01 03 B1 04 00 00 00 00 B1 04   
00 00 EA 68 01 01 01 02 B1 04   00 00 EA 68 01 02 41 0C 32 30   
30 35 30 39 31 31 33 30 31 34   41 0A 31 32 33 34 35 36 37 38   
39 30 
S6F11 W
<L[3]
  <U4[1] 0>
  <U4[1] 60008>
  <L[1]
    <L[2]
      <U4[1] 60008>
      <L[2]
        <A[12] "200509113014">
        <A[10] "1234567890">
      >
    >
  >
>
.
11:29:54.548: Send S6F12(224).
00 01 06 0C 00 00 00 00 00 E0   21 01 00 
S6F12
<B[1] 0x00>
.
11:29:54.583: Receive S6F11(225).
00 01 86 0B 00 00 00 00 00 E1   01 03 B1 04 00 00 00 00 B1 04   
00 00 EA 64 01 01 01 02 B1 04   00 00 EA 64 01 02 41 0C 32 30   
30 35 30 39 31 31 33 30 31 34   41 0A 31 32 33 34 35 36 37 38   
39 30 
S6F11 W
<L[3]
  <U4[1] 0>
  <U4[1] 60004>
  <L[1]
    <L[2]
      <U4[1] 60004>
      <L[2]
        <A[12] "200509113014">
        <A[10] "1234567890">
      >
    >
  >
>
.
11:29:54.697: Send S6F12(225).
00 01 06 0C 00 00 00 00 00 E1   21 01 00 
S6F12
<B[1] 0x00>
.
11:29:54.727: Receive S6F11(226).
00 01 86 0B 00 00 00 00 00 E2   01 03 B1 04 00 00 00 00 B1 04   
00 00 EA 68 01 01 01 02 B1 04   00 00 EA 68 01 02 41 0C 32 30   
30 35 30 39 31 31 33 30 31 34   41 0A 31 32 33 34 35 36 37 38   
39 30 
S6F11 W
<L[3]
  <U4[1] 0>
  <U4[1] 60008>
  <L[1]
    <L[2]
      <U4[1] 60008>
      <L[2]
        <A[12] "200509113014">
        <A[10] "1234567890">
      >
    >
  >
>
.
11:29:54.837: Send S6F12(226).
00 01 06 0C 00 00 00 00 00 E2   21 01 00 
S6F12
<B[1] 0x00>
.
11:29:54.866: Receive S6F11(227).
00 01 86 0B 00 00 00 00 00 E3   01 03 B1 04 00 00 00 00 B1 04   
00 00 EA 64 01 01 01 02 B1 04   00 00 EA 64 01 02 41 0C 32 30   
30 35 30 39 31 31 33 30 31 34   41 0A 31 32 33 34 35 36 37 38   
39 30 
S6F11 W
<L[3]
  <U4[1] 0>
  <U4[1] 60004>
  <L[1]
    <L[2]
      <U4[1] 60004>
      <L[2]
        <A[12] "200509113014">
        <A[10] "1234567890">
      >
    >
  >
>
.
11:29:54.975: Send S6F12(227).
00 01 06 0C 00 00 00 00 00 E3   21 01 00 
S6F12
<B[1] 0x00>
.
11:29:55.007: Receive S6F11(228).
00 01 86 0B 00 00 00 00 00 E4   01 03 B1 04 00 00 00 00 B1 04   
00 00 EA 68 01 01 01 02 B1 04   00 00 EA 68 01 02 41 0C 32 30   
30 35 30 39 31 31 33 30 31 34   41 0A 31 32 33 34 35 36 37 38   
39 30 
S6F11 W
<L[3]
  <U4[1] 0>
  <U4[1] 60008>
  <L[1]
    <L[2]
      <U4[1] 60008>
      <L[2]
        <A[12] "200509113014">
        <A[10] "1234567890">
      >
    >
  >
>
.
11:29:55.117: Send S6F12(228).
00 01 06 0C 00 00 00 00 00 E4   21 01 00 
S6F12
<B[1] 0x00>
.
11:29:55.153: Receive S6F11(229).
00 01 86 0B 00 00 00 00 00 E5   01 03 B1 04 00 00 00 00 B1 04   
00 00 EA 64 01 01 01 02 B1 04   00 00 EA 64 01 02 41 0C 32 30   
30 35 30 39 31 31 33 30 31 34   41 0A 31 32 33 34 35 36 37 38   
39 30 
S6F11 W
<L[3]
  <U4[1] 0>
  <U4[1] 60004>
  <L[1]
    <L[2]
      <U4[1] 60004>
      <L[2]
        <A[12] "200509113014">
        <A[10] "1234567890">
      >
    >
  >
>
.
11:29:55.268: Send S6F12(229).
00 01 06 0C 00 00 00 00 00 E5   21 01 00 
S6F12
<B[1] 0x00>
.
11:29:56.106: Receive S2F42(155349983).
00 01 02 2A 00 00 09 42 73 DF   01 01 21 01 00 
S2F42
<L[1]
  <B[1] 0x00>
>
.
11:30:27.973: Send S2F41(155350006).
00 01 82 29 00 00 09 42 73 F6   01 02 41 09 50 50 5F 53 45 4C   
45 43 54 01 03 01 02 41 05 4C   4F 54 49 44 41 07 33 33 34 35   
36 37 38 01 02 41 04 50 50 49   44 41 0A 31 32 33 34 35 36 37   
38 39 30 01 02 41 03 51 54 59   41 02 35 30 
S2F41 W
<L[2]
  <A[9] "PP_SELECT">
  <L[3]
    <L[2]
      <A[5] "LOTID">
      <A[7] "3345678">
    >
    <L[2]
      <A[4] "PPID">
      <A[10] "1234567890">
    >
    <L[2]
      <A[3] "QTY">
      <A[2] "50">
    >
  >
>
.
11:30:28.116: Receive S6F11(231).
00 01 86 0B 00 00 00 00 00 E7   01 03 B1 04 00 00 00 00 B1 04   
00 00 EA 64 01 01 01 02 B1 04   00 00 EA 64 01 02 41 0C 32 30   
30 35 30 39 31 31 33 30 34 38   41 0A 31 32 33 34 35 36 37 38   
39 30 
S6F11 W
<L[3]
  <U4[1] 0>
  <U4[1] 60004>
  <L[1]
    <L[2]
      <U4[1] 60004>
      <L[2]
        <A[12] "200509113048">
        <A[10] "1234567890">
      >
    >
  >
>
.
11:30:28.225: Send S6F12(231).
00 01 06 0C 00 00 00 00 00 E7   21 01 00 
S6F12
<B[1] 0x00>
.
11:30:28.256: Receive S6F11(232).
00 01 86 0B 00 00 00 00 00 E8   01 03 B1 04 00 00 00 00 B1 04   
00 00 EA 68 01 01 01 02 B1 04   00 00 EA 68 01 02 41 0C 32 30   
30 35 30 39 31 31 33 30 34 38   41 0A 31 32 33 34 35 36 37 38   
39 30 
S6F11 W
<L[3]
  <U4[1] 0>
  <U4[1] 60008>
  <L[1]
    <L[2]
      <U4[1] 60008>
      <L[2]
        <A[12] "200509113048">
        <A[10] "1234567890">
      >
    >
  >
>
.
11:30:28.376: Send S6F12(232).
00 01 06 0C 00 00 00 00 00 E8   21 01 00 
S6F12
<B[1] 0x00>
.
11:30:32.004: Receive S2F42(155350006).
00 01 02 2A 00 00 09 42 73 F6   01 01 21 01 00 
S2F42
<L[1]
  <B[1] 0x00>
>
.
11:34:52.005: Send S7F25(155350013).
00 01 87 19 00 00 09 42 73 FD   41 0A 31 32 33 34 35 36 37 38   
39 30 
S7F25 W
<A[10] "1234567890">
.
11:34:52.251: Receive S7F26(155350013).
00 01 07 1A 00 00 09 42 73 FD   01 04 41 0A 31 32 33 34 35 36   
37 38 39 30 41 0A 47 43 50 2D   37 31 32 43 52 42 41 05 31 2E   
32 36 43 01 01 01 02 A9 02 03   E9 01 10 A9 02 00 09 91 04 42   
B6 00 00 91 04 42 B8 00 00 91   04 42 BA 00 00 91 04 42 BC 00   
00 91 04 42 BE 00 00 91 04 42   C0 00 00 91 04 42 C2 00 00 91   
04 42 C4 00 00 91 04 42 C6 00   00 91 04 42 C8 00 00 91 04 42   
CA 00 00 91 04 42 CC 00 00 91   04 40 00 00 00 91 04 41 A0 00   
00 91 04 44 22 80 00 
S7F26
<L[4]
  <A[10] "1234567890">
  <A[10] "GCP-712CRB">
  <A[5] "1.26C">
  <L[1]
    <L[2]
      <U2[1] 1001>
      <L[16]
        <U2[1] 9>
        <F4[1] 91>
        <F4[1] 92>
        <F4[1] 93>
        <F4[1] 94>
        <F4[1] 95>
        <F4[1] 96>
        <F4[1] 97>
        <F4[1] 98>
        <F4[1] 99>
        <F4[1] 100>
        <F4[1] 101>
        <F4[1] 102>
        <F4[1] 2>
        <F4[1] 20>
        <F4[1] 650>
      >
    >
  >
>
.
11:36:59.138: Send S5F5(155350016).
00 01 85 05 00 00 09 42 74 00   B1 0C 00 00 23 29 00 00 23 2A   
00 00 23 2B 
S5F5 W
<U4[3] 9001 9002 9003>
.
11:36:59.169: Receive S5F6(155350016).
00 01 05 06 00 00 09 42 74 00   01 00 
S5F6
<L[0]
>
.
11:37:11.576: Send S5F5(155350018).
00 01 85 05 00 00 09 42 74 02   B1 00 
S5F5 W
<U4[0] >
.
11:37:11.616: Receive S5F6(155350018).
00 01 05 06 00 00 09 42 74 02   01 A9 01 03 21 01 00 B1 04 00   
00 C3 51 41 1E 30 30 3A 4E 6F   2E 31 20 54 65 6D 70 65 72 61   
74 75 72 65 20 48 69 67 68 20   41 6C 61 72 6D 01 03 21 01 00   
B1 04 00 00 C3 52 41 1E 30 31   3A 4E 6F 2E 32 20 54 65 6D 70   
65 72 61 74 75 72 65 20 48 69   67 68 20 41 6C 61 72 6D 01 03   
21 01 00 B1 04 00 00 C3 53 41   1E 30 32 3A 4E 6F 2E 33 20 54   
65 6D 70 65 72 61 74 75 72 65   20 48 69 67 68 20 41 6C 61 72   
6D 01 03 21 01 00 B1 04 00 00   C3 54 41 1E 30 33 3A 4E 6F 2E   
34 20 54 65 6D 70 65 72 61 74   75 72 65 20 48 69 67 68 20 41   
6C 61 72 6D 01 03 21 01 00 B1   04 00 00 C3 55 41 1E 30 34 3A   
4E 6F 2E 35 20 54 65 6D 70 65   72 61 74 75 72 65 20 48 69 67   
68 20 41 6C 61 72 6D 01 03 21   01 00 B1 04 00 00 C3 56 41 1E   
30 35 3A 4E 6F 2E 36 20 54 65   6D 70 65 72 61 74 75 72 65 20   
48 69 67 68 20 41 6C 61 72 6D   01 03 21 01 00 B1 04 00 00 C3   
57 41 1E 30 36 3A 4E 6F 2E 37   20 54 65 6D 70 65 72 61 74 75   
72 65 20 48 69 67 68 20 41 6C   61 72 6D 01 03 21 01 00 B1 04   
00 00 C3 58 41 1E 30 37 3A 4E   6F 2E 38 20 54 65 6D 70 65 72   
61 74 75 72 65 20 48 69 67 68   20 41 6C 61 72 6D 01 03 21 01   
00 B1 04 00 00 C3 59 41 1E 30   38 3A 4E 6F 2E 39 20 54 65 6D   
70 65 72 61 74 75 72 65 20 48   69 67 68 20 41 6C 61 72 6D 01   
03 21 01 00 B1 04 00 00 C3 5A   41 1F 30 39 3A 4E 6F 2E 31 30   
20 54 65 6D 70 65 72 61 74 75   72 65 20 48 69 67 68 20 41 6C   
61 72 6D 01 03 21 01 00 B1 04   00 00 C3 5B 41 1F 31 30 3A 4E   
6F 2E 31 31 20 54 65 6D 70 65   72 61 74 75 72 65 20 48 69 67   
68 20 41 6C 61 72 6D 01 03 21   01 00 B1 04 00 00 C3 5C 41 1F   
31 31 3A 4E 6F 2E 31 32 20 54   65 6D 70 65 72 61 74 75 72 65   
20 48 69 67 68 20 41 6C 61 72   6D 01 03 21 01 00 B1 04 00 00   
C3 5D 41 08 31 32 3A 53 70 61   72 65 01 03 21 01 00 B1 04 00   
00 C3 5E 41 08 31 33 3A 53 70   61 72 65 01 03 21 01 00 B1 04   
00 00 C3 5F 41 08 31 34 3A 53   70 61 72 65 01 03 21 01 00 B1   
04 00 00 C3 60 41 08 31 35 3A   53 70 61 72 65 01 03 21 01 00   
B1 04 00 00 C3 61 41 1C 31 36   3A 4E 6F 2E 31 20 4F 54 50 20   
4F 76 65 72 20 54 65 6D 70 65   72 61 74 75 72 65 01 03 21 01   
00 B1 04 00 00 C3 62 41 1C 31   37 3A 4E 6F 2E 32 20 4F 54 50   
20 4F 76 65 72 20 54 65 6D 70   65 72 61 74 75 72 65 01 03 21   
01 00 B1 04 00 00 C3 63 41 1C   31 38 3A 4E 6F 2E 33 20 4F 54   
50 20 4F 76 65 72 20 54 65 6D   70 65 72 61 74 75 72 65 01 03   
21 01 00 B1 04 00 00 C3 64 41   1C 31 39 3A 4E 6F 2E 34 20 4F   
54 50 20 4F 76 65 72 20 54 65   6D 70 65 72 61 74 75 72 65 01   
03 21 01 00 B1 04 00 00 C3 65   41 1C 32 30 3A 4E 6F 2E 35 20   
4F 54 50 20 4F 76 65 72 20 54   65 6D 70 65 72 61 74 75 72 65   
01 03 21 01 00 B1 04 00 00 C3   66 41 1C 32 31 3A 4E 6F 2E 36   
20 4F 54 50 20 4F 76 65 72 20   54 65 6D 70 65 72 61 74 75 72   
65 01 03 21 01 00 B1 04 00 00   C3 67 41 1C 32 32 3A 4E 6F 2E   
37 20 4F 54 50 20 4F 76 65 72   20 54 65 6D 70 65 72 61 74 75   
72 65 01 03 21 01 00 B1 04 00   00 C3 68 41 1C 32 33 3A 4E 6F   
2E 38 20 4F 54 50 20 4F 76 65   72 20 54 65 6D 70 65 72 61 74   
75 72 65 01 03 21 01 00 B1 04   00 00 C3 69 41 1C 32 34 3A 4E   
6F 2E 39 20 4F 54 50 20 4F 76   65 72 20 54 65 6D 70 65 72 61   
74 75 72 65 01 03 21 01 00 B1   04 00 00 C3 6A 41 1D 32 35 3A   
4E 6F 2E 31 30 20 4F 54 50 20   4F 76 65 72 20 54 65 6D 70 65   
72 61 74 75 72 65 01 03 21 01   00 B1 04 00 00 C3 6B 41 1D 32   
36 3A 4E 6F 2E 31 31 20 4F 54   50 20 4F 76 65 72 20 54 65 6D   
70 65 72 61 74 75 72 65 01 03   21 01 00 B1 04 00 00 C3 6C 41   
1D 32 37 3A 4E 6F 2E 31 32 20   4F 54 50 20 4F 76 65 72 20 54   
65 6D 70 65 72 61 74 75 72 65   01 03 21 01 00 B1 04 00 00 C3   
6D 41 08 32 38 3A 53 70 61 72   65 01 03 21 01 00 B1 04 00 00   
C3 6E 41 08 32 39 3A 53 70 61   72 65 01 03 21 01 00 B1 04 00   
00 C3 6F 41 08 33 30 3A 53 70   61 72 65 01 03 21 01 00 B1 04   
00 00 C3 70 41 08 33 31 3A 53   70 61 72 65 01 03 21 01 00 B1   
04 00 00 C3 71 41 17 33 32 3A   4E 6F 2E 31 20 42 6C 6F 77 65   
72 20 4F 76 65 72 6C 6F 61 64   01 03 21 01 00 B1 04 00 00 C3   
72 41 17 33 33 3A 4E 6F 2E 32   20 42 6C 6F 77 65 72 20 4F 76   
65 72 6C 6F 61 64 01 03 21 01   00 B1 04 00 00 C3 73 41 17 33   
34 3A 4E 6F 2E 33 20 42 6C 6F   77 65 72 20 4F 76 65 72 6C 6F   
61 64 01 03 21 01 00 B1 04 00   00 C3 74 41 17 33 35 3A 4E 6F   
2E 34 20 42 6C 6F 77 65 72 20   4F 76 65 72 6C 6F 61 64 01 03   
21 01 00 B1 04 00 00 C3 75 41   17 33 36 3A 4E 6F 2E 35 20 42   
6C 6F 77 65 72 20 4F 76 65 72   6C 6F 61 64 01 03 21 01 00 B1   
04 00 00 C3 76 41 17 33 37 3A   4E 6F 2E 36 20 42 6C 6F 77 65   
72 20 4F 76 65 72 6C 6F 61 64   01 03 21 01 00 B1 04 00 00 C3   
77 41 17 33 38 3A 4E 6F 2E 37   20 42 6C 6F 77 65 72 20 4F 76   
65 72 6C 6F 61 64 01 03 21 01   00 B1 04 00 00 C3 78 41 17 33   
39 3A 4E 6F 2E 38 20 42 6C 6F   77 65 72 20 4F 76 65 72 6C 6F   
61 64 01 03 21 01 00 B1 04 00   00 C3 79 41 17 34 30 3A 4E 6F   
2E 39 20 42 6C 6F 77 65 72 20   4F 76 65 72 6C 6F 61 64 01 03   
21 01 00 B1 04 00 00 C3 7A 41   18 34 31 3A 4E 6F 2E 31 30 20   
42 6C 6F 77 65 72 20 4F 76 65   72 6C 6F 61 64 01 03 21 01 00   
B1 04 00 00 C3 7B 41 18 34 32   3A 4E 6F 2E 31 31 20 42 6C 6F   
77 65 72 20 4F 76 65 72 6C 6F   61 64 01 03 21 01 00 B1 04 00   
00 C3 7C 41 18 34 33 3A 4E 6F   2E 31 32 20 42 6C 6F 77 65 72   
20 4F 76 65 72 6C 6F 61 64 01   03 21 01 00 B1 04 00 00 C3 7D   
41 08 34 34 3A 53 70 61 72 65   01 03 21 01 00 B1 04 00 00 C3   
7E 41 08 34 35 3A 53 70 61 72   65 01 03 21 01 00 B1 04 00 00   
C3 7F 41 08 34 36 3A 53 70 61   72 65 01 03 21 01 00 B1 04 00   
00 C3 80 41 08 34 37 3A 53 70   61 72 65 01 03 21 01 00 B1 04   
00 00 C3 81 41 1D 34 38 3A 4E   6F 2E 31 20 54 65 6D 70 65 72   
61 74 75 72 65 20 4C 6F 77 20   41 6C 61 72 6D 01 03 21 01 00   
B1 04 00 00 C3 82 41 1D 34 39   3A 4E 6F 2E 32 20 54 65 6D 70   
65 72 61 74 75 72 65 20 4C 6F   77 20 41 6C 61 72 6D 01 03 21   
01 00 B1 04 00 00 C3 83 41 1D   35 30 3A 4E 6F 2E 33 20 54 65   
6D 70 65 72 61 74 75 72 65 20   4C 6F 77 20 41 6C 61 72 6D 01   
03 21 01 00 B1 04 00 00 C3 84   41 1D 35 31 3A 4E 6F 2E 34 20   
54 65 6D 70 65 72 61 74 75 72   65 20 4C 6F 77 20 41 6C 61 72   
6D 01 03 21 01 00 B1 04 00 00   C3 85 41 1D 35 32 3A 4E 6F 2E   
35 20 54 65 6D 70 65 72 61 74   75 72 65 20 4C 6F 77 20 41 6C   
61 72 6D 01 03 21 01 00 B1 04   00 00 C3 86 41 1D 35 33 3A 4E   
6F 2E 36 20 54 65 6D 70 65 72   61 74 75 72 65 20 4C 6F 77 20   
41 6C 61 72 6D 01 03 21 01 00   B1 04 00 00 C3 87 41 1D 35 34   
3A 4E 6F 2E 37 20 54 65 6D 70   65 72 61 74 75 72 65 20 4C 6F   
77 20 41 6C 61 72 6D 01 03 21   01 00 B1 04 00 00 C3 88 41 1D   
35 35 3A 4E 6F 2E 38 20 54 65   6D 70 65 72 61 74 75 72 65 20   
4C 6F 77 20 41 6C 61 72 6D 01   03 21 01 00 B1 04 00 00 C3 89   
41 1D 35 36 3A 4E 6F 2E 39 20   54 65 6D 70 65 72 61 74 75 72   
65 20 4C 6F 77 20 41 6C 61 72   6D 01 03 21 01 00 B1 04 00 00   
C3 8A 41 1E 35 37 3A 4E 6F 2E   31 30 20 54 65 6D 70 65 72 61   
74 75 72 65 20 4C 6F 77 20 41   6C 61 72 6D 01 03 21 01 00 B1   
04 00 00 C3 8B 41 1E 35 38 3A   4E 6F 2E 31 31 20 54 65 6D 70   
65 72 61 74 75 72 65 20 4C 6F   77 20 41 6C 61 72 6D 01 03 21   
01 00 B1 04 00 00 C3 8C 41 1E   35 39 3A 4E 6F 2E 31 32 20 54   
65 6D 70 65 72 61 74 75 72 65   20 4C 6F 77 20 41 6C 61 72 6D   
01 03 21 01 00 B1 04 00 00 C3   8D 41 08 36 30 3A 53 70 61 72   
65 01 03 21 01 00 B1 04 00 00   C3 8E 41 08 36 31 3A 53 70 61   
72 65 01 03 21 01 00 B1 04 00   00 C3 8F 41 08 36 32 3A 53 70   
61 72 65 01 03 21 01 00 B1 04   00 00 C3 90 41 08 36 33 3A 53   
70 61 72 65 01 03 21 01 00 B1   04 00 00 C3 91 41 1E 36 34 3A   
55 6E 6C 6F 61 64 69 6E 67 20   42 6C 6F 77 65 72 20 31 20 4F   
76 65 72 6C 6F 61 64 01 03 21   01 00 B1 04 00 00 C3 92 41 1E   
36 35 3A 55 6E 6C 6F 61 64 69   6E 67 20 42 6C 6F 77 65 72 20   
32 20 4F 76 65 72 6C 6F 61 64   01 03 21 01 00 B1 04 00 00 C3   
93 41 1A 36 36 3A 4C 6F 61 64   69 6E 67 20 42 6C 6F 77 65 72   
20 4F 76 65 72 6C 6F 61 64 01   03 21 01 00 B1 04 00 00 C3 94   
41 08 36 37 3A 53 70 61 72 65   01 03 21 01 00 B1 04 00 00 C3   
95 41 24 36 38 3A 55 6E 6C 6F   61 64 69 6E 67 20 43 6F 6E 76   
65 79 6F 72 20 49 6E 76 65 72   74 65 72 20 45 72 72 6F 72 01   
03 21 01 00 B1 04 00 00 C3 96   41 20 36 39 3A 55 6E 6C 6F 61   
64 69 6E 67 20 4D 6F 76 65 20   49 6E 76 65 72 74 65 72 20 45   
72 72 6F 72 01 03 21 01 00 B1   04 00 00 C3 97 41 26 37 30 3A   
54 65 6E 73 69 6F 6E 20 20 4F   69 6C 20 50 72 65 73 73 75 70   
65 20 50 75 6D 70 20 4F 76 65   72 6C 6F 61 64 01 03 21 01 00   
B1 04 00 00 C3 98 41 22 37 31   3A 43 68 61 69 6E 20 46 65 65   
64 69 6E 67 20 4F 69 6C 20 50   75 6D 70 20 4F 76 65 72 6C 6F   
61 64 01 03 21 01 00 B1 04 00   00 C3 99 41 1F 37 32 3A 4D 61   
69 6E 20 43 6F 6E 76 65 79 6F   72 20 49 6E 76 65 72 74 65 72   
20 45 72 72 6F 72 01 03 21 01   00 B1 04 00 00 C3 9A 41 25 37   
33 3A 55 6E 6C 6F 61 64 69 6E   67 20 4D 6F 76 65 20 46 6F 72   
77 61 72 64 20 4C 69 6D 69 74   20 45 72 72 6F 72 01 03 21 01   
00 B1 04 00 00 C3 9B 41 26 37   34 3A 55 6E 6C 6F 61 64 69 6E   
67 20 4D 6F 76 65 20 42 61 63   6B 77 61 72 64 20 4C 69 6D 69   
74 20 45 72 72 6F 72 01 03 21   01 00 B1 04 00 00 C3 9C 41 20   
37 35 3A 43 68 61 69 6E 20 46   65 65 64 69 6E 67 20 4F 69 6C   
20 4C 65 76 65 6C 20 45 72 72   6F 72 01 03 21 01 00 B1 04 00   
00 C3 9D 41 20 37 36 3A 55 6E   6C 6F 61 64 69 6E 67 20 4D 6F   
76 65 20 50 6F 73 69 74 69 6F   6E 20 45 72 72 6F 72 01 03 21   
01 00 B1 04 00 00 C3 9E 41 08   37 37 3A 53 70 61 72 65 01 03   
21 01 00 B1 04 00 00 C3 9F 41   23 37 38 3A 4C 6F 61 64 69 6E   
67 20 52 6F 62 6F 74 20 53 65   72 76 6F 20 44 72 69 76 65 72   
20 45 72 72 6F 72 01 03 21 01   00 B1 04 00 00 C3 A0 41 26 37   
39 3A 55 6E 6C 6F 61 64 69 6E   67 20 52 6F 74 61 74 65 20 41   
72 6D 20 49 6E 76 65 72 74 65   72 20 45 72 72 6F 72 01 03 21   
01 00 B1 04 00 00 C3 A1 41 26   38 30 3A 4C 6F 61 64 69 6E 67   
20 52 6F 62 6F 74 20 46 72 6F   6E 74 20 43 6C 69 70 20 4F 70   
65 6E 20 45 72 72 6F 72 01 03   21 01 00 B1 04 00 00 C3 A2 41   
27 38 31 3A 4C 6F 61 64 69 6E   67 20 52 6F 62 6F 74 20 46 72   
6F 6E 74 20 43 6C 69 70 20 43   6C 6F 73 65 20 45 72 72 6F 72   
01 03 21 01 00 B1 04 00 00 C3   A3 41 27 38 32 3A 4C 6F 61 64   
69 6E 67 20 52 6F 62 6F 74 20   4D 69 64 64 6C 65 20 43 6C 69   
70 20 4F 70 65 6E 20 45 72 72   6F 72 01 03 21 01 00 B1 04 00   
00 C3 A4 41 28 38 33 3A 4C 6F   61 64 69 6E 67 20 52 6F 62 6F   
74 20 4D 69 64 64 6C 65 20 43   6C 69 70 20 43 6C 6F 73 65 20   
45 72 72 6F 72 01 03 21 01 00   B1 04 00 00 C3 A5 41 25 38 34   
3A 4C 6F 61 64 69 6E 67 20 52   6F 62 6F 74 20 42 61 63 6B 20   
43 6C 69 70 20 4F 70 65 6E 20   45 72 72 6F 72 01 03 21 01 00   
B1 04 00 00 C3 A6 41 26 38 35   3A 4C 6F 61 64 69 6E 67 20 52   
6F 62 6F 74 20 42 61 63 6B 20   43 6C 69 70 20 43 6C 6F 73 65   
20 45 72 72 6F 72 01 03 21 01   00 B1 04 00 00 C3 A7 41 28 38   
36 3A 4F 70 65 6E 20 46 6F 72   6B 20 42 65 66 6F 72 65 20 53   
77 69 74 63 68 69 6E 67 20 52   6F 62 6F 74 20 41 75 74 6F 01   
03 21 01 00 B1 04 00 00 C3 A8   41 08 38 37 3A 53 70 61 72 65   
01 03 21 01 00 B1 04 00 00 C3   A9 41 1F 38 38 3A 55 6E 6C 6F   
61 64 69 6E 67 20 41 72 6D 20   56 65 72 74 69 63 61 6C 20 45   
72 72 6F 72 01 03 21 01 00 B1   04 00 00 C3 AA 41 21 38 39 3A   
55 6E 6C 6F 61 64 69 6E 67 20   41 72 6D 20 48 6F 72 69 7A 6F   
6E 74 61 6C 20 45 72 72 6F 72   01 03 21 01 00 B1 04 00 00 C3   
AB 41 1E 39 30 3A 55 6E 6C 6F   61 64 69 6E 67 20 41 72 6D 20   
4C 6F 6E 67 20 55 70 20 45 72   72 6F 72 01 03 21 01 00 B1 04   
00 00 C3 AC 41 20 39 31 3A 55   6E 6C 6F 61 64 69 6E 67 20 41   
72 6D 20 4C 6F 6E 67 20 44 6F   77 6E 20 45 72 72 6F 72 01 03   
21 01 00 B1 04 00 00 C3 AD 41   1F 39 32 3A 55 6E 6C 6F 61 64   
69 6E 67 20 41 72 6D 20 53 68   6F 72 74 20 55 70 20 45 72 72   
6F 72 01 03 21 01 00 B1 04 00   00 C3 AE 41 21 39 33 3A 55 6E   
6C 6F 61 64 69 6E 67 20 41 72   6D 20 53 68 6F 72 74 20 44 6F   
77 6E 20 45 72 72 6F 72 01 03   21 01 00 B1 04 00 00 C3 AF 41   
08 39 34 3A 53 70 61 72 65 01   03 21 01 00 B1 04 00 00 C3 B0   
41 08 39 35 3A 53 70 61 72 65   01 03 21 01 00 B1 04 00 00 C3   
B1 41 23 39 36 3A 4C 6F 61 64   69 6E 67 20 43 6C 69 70 20 4F   
70 65 6E 20 50 6F 73 69 74 69   6F 6E 20 45 72 72 6F 72 01 03   
21 01 00 B1 04 00 00 C3 B2 41   24 39 37 3A 4C 6F 61 64 69 6E   
67 20 43 6C 69 70 20 43 6C 6F   73 65 20 50 6F 73 69 74 69 6F   
6E 20 45 72 72 6F 72 01 03 21   01 00 B1 04 00 00 C3 B3 41 25   
39 38 3A 55 6E 6C 6F 61 64 69   6E 67 20 43 6C 69 70 20 4F 70   
65 6E 20 50 6F 73 69 74 69 6F   6E 20 45 72 72 6F 72 01 03 21   
01 00 B1 04 00 00 C3 B4 41 26   39 39 3A 55 6E 6C 6F 61 64 69   
6E 67 20 43 6C 69 70 20 43 6C   6F 73 65 20 50 6F 73 69 74 69   
6F 6E 20 45 72 72 6F 72 01 03   21 01 00 B1 04 00 00 C3 B5 41   
25 31 30 30 3A 4D 61 69 6E 20   43 6F 6E 76 65 79 6F 72 20 53   
74 65 70 20 50 6F 73 69 74 69   6F 6E 20 45 72 72 6F 72 01 03   
21 01 00 B1 04 00 00 C3 B6 41   25 31 30 31 3A 4D 61 69 6E 20   
43 6F 6E 76 65 79 6F 72 20 53   74 65 70 20 4F 76 65 72 74 69   
6D 65 20 45 72 72 6F 72 01 03   21 01 00 B1 04 00 00 C3 B7 41   
25 31 30 32 3A 4D 61 69 6E 20   43 6F 6E 76 65 79 6F 72 20 4E   
6F 20 52 75 6E 6E 69 6E 67 20   4F 76 65 72 74 69 6D 65 01 03   
21 01 00 B1 04 00 00 C3 B8 41   1F 31 30 33 3A 4D 61 69 6E 20   
43 6F 6E 76 65 79 6F 72 20 50   43 42 20 4A 61 6D 20 45 72 72   
6F 72 01 03 21 01 00 B1 04 00   00 C3 B9 41 27 31 30 34 3A 4D   
61 69 6E 20 43 6F 6E 76 65 79   6F 72 20 46 6F 72 63 65 20 52   
75 6E 6E 69 6E 67 20 57 61 72   6E 69 6E 67 01 03 21 01 00 B1   
04 00 00 C3 BA 41 20 31 30 35   3A 43 68 61 69 6E 20 54 65 6E   
73 69 6F 6E 20 4E 6F 20 54 69   67 68 74 20 45 72 72 6F 72 01   
03 21 01 00 B1 04 00 00 C3 BB   41 09 31 30 36 3A 53 70 61 72   
65 01 03 21 01 00 B1 04 00 00   C3 BC 41 09 31 30 37 3A 53 70   
61 72 65 01 03 21 01 00 B1 04   00 00 C3 BD 41 09 31 30 38 3A   
53 70 61 72 65 01 03 21 01 00   B1 04 00 00 C3 BE 41 09 31 30   
39 3A 53 70 61 72 65 01 03 21   01 00 B1 04 00 00 C3 BF 41 09   
31 31 30 3A 53 70 61 72 65 01   03 21 01 00 B1 04 00 00 C3 C0   
41 09 31 31 31 3A 53 70 61 72   65 01 03 21 01 00 B1 04 00 00   
C3 C1 41 09 31 31 32 3A 53 70   61 72 65 01 03 21 01 00 B1 04   
00 00 C3 C2 41 25 31 31 33 3A   4C 6F 61 64 69 6E 67 20 52 6F   
62 6F 74 20 43 6C 69 70 20 53   65 72 76 6F 20 4F 76 65 72 74   
69 6D 65 01 03 21 01 00 B1 04   00 00 C3 C3 41 1F 31 31 34 3A   
4C 6F 61 64 69 6E 67 20 52 6F   62 6F 74 20 43 43 2D 4C 69 6E   
6B 20 45 72 72 6F 72 01 03 21   01 00 B1 04 00 00 C3 C4 41 1F   
31 31 35 3A 55 70 73 74 72 65   61 6D 20 50 72 69 6E 74 65 72   
20 4C 69 6E 6B 20 45 72 72 6F   72 01 03 21 01 00 B1 04 00 00   
C3 C5 41 27 31 31 36 3A 4C 6F   61 64 69 6E 67 20 52 6F 62 6F   
43 6C 69 70 20 53 65 72 76 6F   20 49 6E 73 69 64 65 20 4C 69   
6D 69 74 01 03 21 01 00 B1 04   00 00 C3 C6 41 28 31 31 37 3A   
4C 6F 61 64 69 6E 67 20 52 6F   62 6F 43 6C 69 70 20 53 65 72   
76 6F 20 4F 75 74 73 69 64 65   20 4C 69 6D 69 74 01 03 21 01   
00 B1 04 00 00 C3 C7 41 22 31   31 38 3A 4C 6F 61 64 69 6E 67   
20 52 6F 62 6F 74 20 48 61 76   65 20 50 43 42 20 57 61 72 6E   
69 6E 67 01 03 21 01 00 B1 04   00 00 C3 C8 41 24 31 31 39 3A   
55 6E 6C 6F 61 64 69 6E 67 20   43 6F 6E 76 65 79 6F 72 20 50   
43 42 20 4A 61 6D 20 45 72 72   6F 72 01 03 21 01 00 B1 04 00   
00 C3 C9 41 1C 31 32 30 3A 55   6E 6C 6F 61 64 69 6E 67 20 50   
43 42 20 44 72 6F 70 20 45 72   72 6F 72 01 03 21 01 00 B1 04   
00 00 C3 CA 41 27 31 32 31 3A   55 6E 6C 6F 61 64 69 6E 67 20   
43 6F 6E 76 65 79 6F 72 20 48   61 76 65 20 50 43 42 20 57 61   
72 6E 69 6E 67 01 03 21 01 00   B1 04 00 00 C3 CB 41 21 31 32   
32 3A 55 6E 6C 6F 61 64 69 6E   67 20 4D 6F 76 65 20 4D 61 6E   
75 61 6C 20 57 61 72 6E 69 6E   67 01 03 21 01 00 B1 04 00 00   
C3 CC 41 14 31 32 33 3A 4E 6F   74 20 4F 72 69 67 69 6E 20 45   
72 72 6F 72 01 03 21 01 00 B1   04 00 00 C3 CD 41 24 31 32 34   
3A 4C 6F 61 64 69 6E 67 20 53   61 66 65 74 79 20 44 6F 6F 72   
20 53 65 6E 73 6F 72 20 45 72   72 6F 72 01 03 21 01 00 B1 04   
00 00 C3 CE 41 26 31 32 35 3A   55 6E 6C 6F 61 64 69 6E 67 20   
53 61 66 65 74 79 20 44 6F 6F   72 20 53 65 6E 73 6F 72 20 45   
72 72 6F 72 01 03 21 01 00 B1   04 00 00 C3 CF 41 17 31 32 36   
3A 52 4F 42 4F 54 20 4F 6E 20   54 65 61 63 68 20 4D 6F 64 65   
01 03 21 01 00 B1 04 00 00 C3   D0 41 18 31 32 37 3A 4D 61 69   
6E 20 50 6F 77 65 72 20 4F 66   66 20 45 72 72 6F 72 01 03 21   
01 00 B1 04 00 00 C3 D1 41 1F   31 32 38 3A 45 6D 65 72 67 65   
6E 63 79 20 53 74 6F 70 20 53   77 69 74 63 68 20 45 72 72 6F   
72 01 03 21 01 00 B1 04 00 00   C3 D2 41 1E 31 32 39 3A 50 6F   
77 65 72 20 50 68 61 73 65 20   53 65 71 75 65 6E 63 65 20 45   
72 72 6F 72 01 03 21 01 00 B1   04 00 00 C3 D3 41 24 31 33 30   
3A 55 6E 6C 6F 61 64 69 6E 67   20 41 69 72 20 50 72 65 73 73   
75 72 65 20 4C 6F 77 20 45 72   72 6F 72 01 03 21 01 00 B1 04   
00 00 C3 D4 41 19 31 33 31 3A   55 74 69 6C 69 74 79 20 45 78   
68 61 75 73 74 20 45 72 72 6F   72 01 03 21 01 00 B1 04 00 00   
C3 D5 41 24 31 33 32 3A 55 6E   6C 6F 61 64 69 6E 67 20 49 6E   
74 65 72 6C 6F 63 6B 20 53 69   67 6E 61 6C 20 45 72 72 6F 72   
01 03 21 01 00 B1 04 00 00 C3   D6 41 19 31 33 33 3A 50 4C 43   
20 42 61 74 74 65 72 79 20 4C   6F 77 20 45 72 72 6F 72 01 03   
21 01 00 B1 04 00 00 C3 D7 41   1C 31 33 34 3A 4D 6F 6E 74 68   
20 4D 61 69 6E 74 65 6E 61 6E   63 65 20 4E 6F 74 69 66 79 01   
03 21 01 00 B1 04 00 00 C3 D8   41 1D 31 33 35 3A 53 65 61 73   
6F 6E 20 4D 61 69 6E 74 65 6E   61 6E 63 65 20 4E 6F 74 69 66   
79 01 03 21 01 00 B1 04 00 00   C3 D9 41 1B 31 33 36 3A 59 65   
61 72 20 4D 61 69 6E 74 65 6E   61 6E 63 65 20 4E 6F 74 69 66   
79 01 03 21 01 00 B1 04 00 00   C3 DA 41 1B 31 33 37 3A 52 4F   
42 4F 54 20 42 61 74 74 65 72   79 20 4C 6F 77 20 45 72 72 6F   
72 01 03 21 01 00 B1 04 00 00   C3 DB 41 24 31 33 38 3A 52 4F   
42 4F 54 45 6D 65 72 67 65 6E   63 79 20 53 74 6F 70 20 53 77   
69 74 63 68 20 45 72 72 6F 72   01 03 21 01 00 B1 04 00 00 C3   
DC 41 0F 31 33 39 3A 52 4F 42   4F 54 20 45 72 72 6F 72 01 03   
21 01 00 B1 04 00 00 C3 DD 41   27 31 34 30 3A 4C 6F 61 64 69   
6E 67 20 52 6F 62 6F 74 20 46   72 6F 6E 74 20 4C 65 66 74 20   
53 65 6E 73 6F 72 20 45 72 72   01 03 21 01 00 B1 04 00 00 C3   
DE 41 28 31 34 31 3A 4C 6F 61   64 69 6E 67 20 52 6F 62 6F 74   
20 46 72 6F 6E 74 20 52 69 67   68 74 20 53 65 6E 73 6F 72 20   
45 72 72 01 03 21 01 00 B1 04   00 00 C3 DF 41 25 31 34 32 3A   
4C 6F 61 64 69 6E 67 20 52 6F   62 6F 74 20 4D 69 64 20 4C 65   
66 74 20 53 65 6E 73 6F 72 20   45 72 72 01 03 21 01 00 B1 04   
00 00 C3 E0 41 26 31 34 33 3A   4C 6F 61 64 69 6E 67 20 52 6F   
62 6F 74 20 4D 69 64 20 52 69   67 68 74 20 53 65 6E 73 6F 72   
20 45 72 72 01 03 21 01 00 B1   04 00 00 C3 E1 41 1C 32 38 30   
3A 4E 6F 2E 30 31 20 42 72 61   6E 63 68 20 53 77 69 74 63 68   
20 54 72 69 70 01 03 21 01 00   B1 04 00 00 C3 E2 41 1C 32 38   
31 3A 4E 6F 2E 30 32 20 42 72   61 6E 63 68 20 53 77 69 74 63   
68 20 54 72 69 70 01 03 21 01   00 B1 04 00 00 C3 E3 41 1C 32   
38 32 3A 4E 6F 2E 30 33 20 42   72 61 6E 63 68 20 53 77 69 74   
63 68 20 54 72 69 70 01 03 21   01 00 B1 04 00 00 C3 E4 41 1C   
32 38 33 3A 4E 6F 2E 30 34 20   42 72 61 6E 63 68 20 53 77 69   
74 63 68 20 54 72 69 70 01 03   21 01 00 B1 04 00 00 C3 E5 41   
1C 32 38 34 3A 4E 6F 2E 30 35   20 42 72 61 6E 63 68 20 53 77   
69 74 63 68 20 54 72 69 70 01   03 21 01 00 B1 04 00 00 C3 E6   
41 1C 32 38 35 3A 4E 6F 2E 30   36 20 42 72 61 6E 63 68 20 53   
77 69 74 63 68 20 54 72 69 70   01 03 21 01 00 B1 04 00 00 C3   
E7 41 1C 32 38 36 3A 4E 6F 2E   30 37 20 42 72 61 6E 63 68 20   
53 77 69 74 63 68 20 54 72 69   70 01 03 21 01 00 B1 04 00 00   
C3 E8 41 1C 32 38 37 3A 4E 6F   2E 30 38 20 42 72 61 6E 63 68   
20 53 77 69 74 63 68 20 54 72   69 70 01 03 21 01 00 B1 04 00   
00 C3 E9 41 1C 32 38 38 3A 4E   6F 2E 30 39 20 42 72 61 6E 63   
68 20 53 77 69 74 63 68 20 54   72 69 70 01 03 21 01 00 B1 04   
00 00 C3 EA 41 1C 32 38 39 3A   4E 6F 2E 31 30 20 42 72 61 6E   
63 68 20 53 77 69 74 63 68 20   54 72 69 70 01 03 21 01 00 B1   
04 00 00 C3 EB 41 1C 32 39 30   3A 4E 6F 2E 31 31 20 42 72 61   
6E 63 68 20 53 77 69 74 63 68   20 54 72 69 70 01 03 21 01 00   
B1 04 00 00 C3 EC 41 1C 32 39   31 3A 4E 6F 2E 31 32 20 42 72   
61 6E 63 68 20 53 77 69 74 63   68 20 54 72 69 70 01 03 21 01   
00 B1 04 00 00 C3 ED 41 09 32   39 32 3A 53 70 61 72 65 01 03   
21 01 00 B1 04 00 00 C3 EE 41   09 32 39 33 3A 53 70 61 72 65   
01 03 21 01 00 B1 04 00 00 C3   EF 41 09 32 39 34 3A 53 70 61   
72 65 01 03 21 01 00 B1 04 00   00 C3 F0 41 09 32 39 35 3A 53   
70 61 72 65 01 03 21 01 00 B1   04 00 00 C3 F1 41 09 32 39 36   
3A 53 70 61 72 65 01 03 21 01   00 B1 04 00 00 C3 F2 41 09 32   
39 37 3A 53 70 61 72 65 01 03   21 01 00 B1 04 00 00 C3 F3 41   
09 32 39 38 3A 53 70 61 72 65   01 03 21 01 00 B1 04 00 00 C3   
F4 41 09 32 39 39 3A 53 70 61   72 65 01 03 21 01 00 B1 04 00   
00 C3 F5 41 09 33 30 30 3A 53   70 61 72 65 01 03 21 01 00 B1   
04 00 00 C3 F6 41 1B 33 30 31   3A 42 75 66 66 65 72 20 48 61   
73 20 50 61 6E 65 6C 20 53 74   72 75 63 6B 01 03 21 01 00 B1   
04 00 00 C3 F7 41 27 33 30 32   3A 43 65 6E 74 65 72 20 43 61   
6C 69 62 72 61 2E 20 53 65 72   76 65 72 20 49 6E 73 69 64 65   
20 4C 69 6D 69 74 01 03 21 01   00 B1 04 00 00 C3 F8 41 28 33   
30 33 3A 43 65 6E 74 65 72 20   43 61 6C 69 62 72 61 2E 20 53   
65 72 76 65 72 20 4F 75 74 73   69 64 65 20 4C 69 6D 69 74 01   
03 21 01 00 B1 04 00 00 C3 F9   41 23 33 30 34 3A 43 65 6E 74   
65 72 20 43 61 6C 69 62 72 61   74 69 6F 6E 20 53 65 72 76 65   
72 20 45 72 72 6F 72 
S5F6
<L[169]
  <L[3]
    <B[1] 0x00>
    <U4[1] 50001>
    <A[30] "00:No.1 Temperature High Alarm">
  >
  <L[3]
    <B[1] 0x00>
    <U4[1] 50002>
    <A[30] "01:No.2 Temperature High Alarm">
  >
  <L[3]
    <B[1] 0x00>
    <U4[1] 50003>
    <A[30] "02:No.3 Temperature High Alarm">
  >
  <L[3]
    <B[1] 0x00>
    <U4[1] 50004>
    <A[30] "03:No.4 Temperature High Alarm">
  >
  <L[3]
    <B[1] 0x00>
    <U4[1] 50005>
    <A[30] "04:No.5 Temperature High Alarm">
  >
  <L[3]
    <B[1] 0x00>
    <U4[1] 50006>
    <A[30] "05:No.6 Temperature High Alarm">
  >
  <L[3]
    <B[1] 0x00>
    <U4[1] 50007>
    <A[30] "06:No.7 Temperature High Alarm">
  >
  <L[3]
    <B[1] 0x00>
    <U4[1] 50008>
    <A[30] "07:No.8 Temperature High Alarm">
  >
  <L[3]
    <B[1] 0x00>
    <U4[1] 50009>
    <A[30] "08:No.9 Temperature High Alarm">
  >
  <L[3]
    <B[1] 0x00>
    <U4[1] 50010>
    <A[31] "09:No.10 Temperature High Alarm">
  >
  <L[3]
    <B[1] 0x00>
    <U4[1] 50011>
    <A[31] "10:No.11 Temperature High Alarm">
  >
  <L[3]
    <B[1] 0x00>
    <U4[1] 50012>
    <A[31] "11:No.12 Temperature High Alarm">
  >
  <L[3]
    <B[1] 0x00>
    <U4[1] 50013>
    <A[8] "12:Spare">
  >
  <L[3]
    <B[1] 0x00>
    <U4[1] 50014>
    <A[8] "13:Spare">
  >
  <L[3]
    <B[1] 0x00>
    <U4[1] 50015>
    <A[8] "14:Spare">
  >
  <L[3]
    <B[1] 0x00>
    <U4[1] 50016>
    <A[8] "15:Spare">
  >
  <L[3]
    <B[1] 0x00>
    <U4[1] 50017>
    <A[28] "16:No.1 OTP Over Temperature">
  >
  <L[3]
    <B[1] 0x00>
    <U4[1] 50018>
    <A[28] "17:No.2 OTP Over Temperature">
  >
  <L[3]
    <B[1] 0x00>
    <U4[1] 50019>
    <A[28] "18:No.3 OTP Over Temperature">
  >
  <L[3]
    <B[1] 0x00>
    <U4[1] 50020>
    <A[28] "19:No.4 OTP Over Temperature">
  >
  <L[3]
    <B[1] 0x00>
    <U4[1] 50021>
    <A[28] "20:No.5 OTP Over Temperature">
  >
  <L[3]
    <B[1] 0x00>
    <U4[1] 50022>
    <A[28] "21:No.6 OTP Over Temperature">
  >
  <L[3]
    <B[1] 0x00>
    <U4[1] 50023>
    <A[28] "22:No.7 OTP Over Temperature">
  >
  <L[3]
    <B[1] 0x00>
    <U4[1] 50024>
    <A[28] "23:No.8 OTP Over Temperature">
  >
  <L[3]
    <B[1] 0x00>
    <U4[1] 50025>
    <A[28] "24:No.9 OTP Over Temperature">
  >
  <L[3]
    <B[1] 0x00>
    <U4[1] 50026>
    <A[29] "25:No.10 OTP Over Temperature">
  >
  <L[3]
    <B[1] 0x00>
    <U4[1] 50027>
    <A[29] "26:No.11 OTP Over Temperature">
  >
  <L[3]
    <B[1] 0x00>
    <U4[1] 50028>
    <A[29] "27:No.12 OTP Over Temperature">
  >
  <L[3]
    <B[1] 0x00>
    <U4[1] 50029>
    <A[8] "28:Spare">
  >
  <L[3]
    <B[1] 0x00>
    <U4[1] 50030>
    <A[8] "29:Spare">
  >
  <L[3]
    <B[1] 0x00>
    <U4[1] 50031>
    <A[8] "30:Spare">
  >
  <L[3]
    <B[1] 0x00>
    <U4[1] 50032>
    <A[8] "31:Spare">
  >
  <L[3]
    <B[1] 0x00>
    <U4[1] 50033>
    <A[23] "32:No.1 Blower Overload">
  >
  <L[3]
    <B[1] 0x00>
    <U4[1] 50034>
    <A[23] "33:No.2 Blower Overload">
  >
  <L[3]
    <B[1] 0x00>
    <U4[1] 50035>
    <A[23] "34:No.3 Blower Overload">
  >
  <L[3]
    <B[1] 0x00>
    <U4[1] 50036>
    <A[23] "35:No.4 Blower Overload">
  >
  <L[3]
    <B[1] 0x00>
    <U4[1] 50037>
    <A[23] "36:No.5 Blower Overload">
  >
  <L[3]
    <B[1] 0x00>
    <U4[1] 50038>
    <A[23] "37:No.6 Blower Overload">
  >
  <L[3]
    <B[1] 0x00>
    <U4[1] 50039>
    <A[23] "38:No.7 Blower Overload">
  >
  <L[3]
    <B[1] 0x00>
    <U4[1] 50040>
    <A[23] "39:No.8 Blower Overload">
  >
  <L[3]
    <B[1] 0x00>
    <U4[1] 50041>
    <A[23] "40:No.9 Blower Overload">
  >
  <L[3]
    <B[1] 0x00>
    <U4[1] 50042>
    <A[24] "41:No.10 Blower Overload">
  >
  <L[3]
    <B[1] 0x00>
    <U4[1] 50043>
    <A[24] "42:No.11 Blower Overload">
  >
  <L[3]
    <B[1] 0x00>
    <U4[1] 50044>
    <A[24] "43:No.12 Blower Overload">
  >
  <L[3]
    <B[1] 0x00>
    <U4[1] 50045>
    <A[8] "44:Spare">
  >
  <L[3]
    <B[1] 0x00>
    <U4[1] 50046>
    <A[8] "45:Spare">
  >
  <L[3]
    <B[1] 0x00>
    <U4[1] 50047>
    <A[8] "46:Spare">
  >
  <L[3]
    <B[1] 0x00>
    <U4[1] 50048>
    <A[8] "47:Spare">
  >
  <L[3]
    <B[1] 0x00>
    <U4[1] 50049>
    <A[29] "48:No.1 Temperature Low Alarm">
  >
  <L[3]
    <B[1] 0x00>
    <U4[1] 50050>
    <A[29] "49:No.2 Temperature Low Alarm">
  >
  <L[3]
    <B[1] 0x00>
    <U4[1] 50051>
    <A[29] "50:No.3 Temperature Low Alarm">
  >
  <L[3]
    <B[1] 0x00>
    <U4[1] 50052>
    <A[29] "51:No.4 Temperature Low Alarm">
  >
  <L[3]
    <B[1] 0x00>
    <U4[1] 50053>
    <A[29] "52:No.5 Temperature Low Alarm">
  >
  <L[3]
    <B[1] 0x00>
    <U4[1] 50054>
    <A[29] "53:No.6 Temperature Low Alarm">
  >
  <L[3]
    <B[1] 0x00>
    <U4[1] 50055>
    <A[29] "54:No.7 Temperature Low Alarm">
  >
  <L[3]
    <B[1] 0x00>
    <U4[1] 50056>
    <A[29] "55:No.8 Temperature Low Alarm">
  >
  <L[3]
    <B[1] 0x00>
    <U4[1] 50057>
    <A[29] "56:No.9 Temperature Low Alarm">
  >
  <L[3]
    <B[1] 0x00>
    <U4[1] 50058>
    <A[30] "57:No.10 Temperature Low Alarm">
  >
  <L[3]
    <B[1] 0x00>
    <U4[1] 50059>
    <A[30] "58:No.11 Temperature Low Alarm">
  >
  <L[3]
    <B[1] 0x00>
    <U4[1] 50060>
    <A[30] "59:No.12 Temperature Low Alarm">
  >
  <L[3]
    <B[1] 0x00>
    <U4[1] 50061>
    <A[8] "60:Spare">
  >
  <L[3]
    <B[1] 0x00>
    <U4[1] 50062>
    <A[8] "61:Spare">
  >
  <L[3]
    <B[1] 0x00>
    <U4[1] 50063>
    <A[8] "62:Spare">
  >
  <L[3]
    <B[1] 0x00>
    <U4[1] 50064>
    <A[8] "63:Spare">
  >
  <L[3]
    <B[1] 0x00>
    <U4[1] 50065>
    <A[30] "64:Unloading Blower 1 Overload">
  >
  <L[3]
    <B[1] 0x00>
    <U4[1] 50066>
    <A[30] "65:Unloading Blower 2 Overload">
  >
  <L[3]
    <B[1] 0x00>
    <U4[1] 50067>
    <A[26] "66:Loading Blower Overload">
  >
  <L[3]
    <B[1] 0x00>
    <U4[1] 50068>
    <A[8] "67:Spare">
  >
  <L[3]
    <B[1] 0x00>
    <U4[1] 50069>
    <A[36] "68:Unloading Conveyor Inverter Error">
  >
  <L[3]
    <B[1] 0x00>
    <U4[1] 50070>
    <A[32] "69:Unloading Move Inverter Error">
  >
  <L[3]
    <B[1] 0x00>
    <U4[1] 50071>
    <A[38] "70:Tension  Oil Pressupe Pump Overload">
  >
  <L[3]
    <B[1] 0x00>
    <U4[1] 50072>
    <A[34] "71:Chain Feeding Oil Pump Overload">
  >
  <L[3]
    <B[1] 0x00>
    <U4[1] 50073>
    <A[31] "72:Main Conveyor Inverter Error">
  >
  <L[3]
    <B[1] 0x00>
    <U4[1] 50074>
    <A[37] "73:Unloading Move Forward Limit Error">
  >
  <L[3]
    <B[1] 0x00>
    <U4[1] 50075>
    <A[38] "74:Unloading Move Backward Limit Error">
  >
  <L[3]
    <B[1] 0x00>
    <U4[1] 50076>
    <A[32] "75:Chain Feeding Oil Level Error">
  >
  <L[3]
    <B[1] 0x00>
    <U4[1] 50077>
    <A[32] "76:Unloading Move Position Error">
  >
  <L[3]
    <B[1] 0x00>
    <U4[1] 50078>
    <A[8] "77:Spare">
  >
  <L[3]
    <B[1] 0x00>
    <U4[1] 50079>
    <A[35] "78:Loading Robot Servo Driver Error">
  >
  <L[3]
    <B[1] 0x00>
    <U4[1] 50080>
    <A[38] "79:Unloading Rotate Arm Inverter Error">
  >
  <L[3]
    <B[1] 0x00>
    <U4[1] 50081>
    <A[38] "80:Loading Robot Front Clip Open Error">
  >
  <L[3]
    <B[1] 0x00>
    <U4[1] 50082>
    <A[39] "81:Loading Robot Front Clip Close Error">
  >
  <L[3]
    <B[1] 0x00>
    <U4[1] 50083>
    <A[39] "82:Loading Robot Middle Clip Open Error">
  >
  <L[3]
    <B[1] 0x00>
    <U4[1] 50084>
    <A[40] "83:Loading Robot Middle Clip Close Error">
  >
  <L[3]
    <B[1] 0x00>
    <U4[1] 50085>
    <A[37] "84:Loading Robot Back Clip Open Error">
  >
  <L[3]
    <B[1] 0x00>
    <U4[1] 50086>
    <A[38] "85:Loading Robot Back Clip Close Error">
  >
  <L[3]
    <B[1] 0x00>
    <U4[1] 50087>
    <A[40] "86:Open Fork Before Switching Robot Auto">
  >
  <L[3]
    <B[1] 0x00>
    <U4[1] 50088>
    <A[8] "87:Spare">
  >
  <L[3]
    <B[1] 0x00>
    <U4[1] 50089>
    <A[31] "88:Unloading Arm Vertical Error">
  >
  <L[3]
    <B[1] 0x00>
    <U4[1] 50090>
    <A[33] "89:Unloading Arm Horizontal Error">
  >
  <L[3]
    <B[1] 0x00>
    <U4[1] 50091>
    <A[30] "90:Unloading Arm Long Up Error">
  >
  <L[3]
    <B[1] 0x00>
    <U4[1] 50092>
    <A[32] "91:Unloading Arm Long Down Error">
  >
  <L[3]
    <B[1] 0x00>
    <U4[1] 50093>
    <A[31] "92:Unloading Arm Short Up Error">
  >
  <L[3]
    <B[1] 0x00>
    <U4[1] 50094>
    <A[33] "93:Unloading Arm Short Down Error">
  >
  <L[3]
    <B[1] 0x00>
    <U4[1] 50095>
    <A[8] "94:Spare">
  >
  <L[3]
    <B[1] 0x00>
    <U4[1] 50096>
    <A[8] "95:Spare">
  >
  <L[3]
    <B[1] 0x00>
    <U4[1] 50097>
    <A[35] "96:Loading Clip Open Position Error">
  >
  <L[3]
    <B[1] 0x00>
    <U4[1] 50098>
    <A[36] "97:Loading Clip Close Position Error">
  >
  <L[3]
    <B[1] 0x00>
    <U4[1] 50099>
    <A[37] "98:Unloading Clip Open Position Error">
  >
  <L[3]
    <B[1] 0x00>
    <U4[1] 50100>
    <A[38] "99:Unloading Clip Close Position Error">
  >
  <L[3]
    <B[1] 0x00>
    <U4[1] 50101>
    <A[37] "100:Main Conveyor Step Position Error">
  >
  <L[3]
    <B[1] 0x00>
    <U4[1] 50102>
    <A[37] "101:Main Conveyor Step Overtime Error">
  >
  <L[3]
    <B[1] 0x00>
    <U4[1] 50103>
    <A[37] "102:Main Conveyor No Running Overtime">
  >
  <L[3]
    <B[1] 0x00>
    <U4[1] 50104>
    <A[31] "103:Main Conveyor PCB Jam Error">
  >
  <L[3]
    <B[1] 0x00>
    <U4[1] 50105>
    <A[39] "104:Main Conveyor Force Running Warning">
  >
  <L[3]
    <B[1] 0x00>
    <U4[1] 50106>
    <A[32] "105:Chain Tension No Tight Error">
  >
  <L[3]
    <B[1] 0x00>
    <U4[1] 50107>
    <A[9] "106:Spare">
  >
  <L[3]
    <B[1] 0x00>
    <U4[1] 50108>
    <A[9] "107:Spare">
  >
  <L[3]
    <B[1] 0x00>
    <U4[1] 50109>
    <A[9] "108:Spare">
  >
  <L[3]
    <B[1] 0x00>
    <U4[1] 50110>
    <A[9] "109:Spare">
  >
  <L[3]
    <B[1] 0x00>
    <U4[1] 50111>
    <A[9] "110:Spare">
  >
  <L[3]
    <B[1] 0x00>
    <U4[1] 50112>
    <A[9] "111:Spare">
  >
  <L[3]
    <B[1] 0x00>
    <U4[1] 50113>
    <A[9] "112:Spare">
  >
  <L[3]
    <B[1] 0x00>
    <U4[1] 50114>
    <A[37] "113:Loading Robot Clip Servo Overtime">
  >
  <L[3]
    <B[1] 0x00>
    <U4[1] 50115>
    <A[31] "114:Loading Robot CC-Link Error">
  >
  <L[3]
    <B[1] 0x00>
    <U4[1] 50116>
    <A[31] "115:Upstream Printer Link Error">
  >
  <L[3]
    <B[1] 0x00>
    <U4[1] 50117>
    <A[39] "116:Loading RoboClip Servo Inside Limit">
  >
  <L[3]
    <B[1] 0x00>
    <U4[1] 50118>
    <A[40] "117:Loading RoboClip Servo Outside Limit">
  >
  <L[3]
    <B[1] 0x00>
    <U4[1] 50119>
    <A[34] "118:Loading Robot Have PCB Warning">
  >
  <L[3]
    <B[1] 0x00>
    <U4[1] 50120>
    <A[36] "119:Unloading Conveyor PCB Jam Error">
  >
  <L[3]
    <B[1] 0x00>
    <U4[1] 50121>
    <A[28] "120:Unloading PCB Drop Error">
  >
  <L[3]
    <B[1] 0x00>
    <U4[1] 50122>
    <A[39] "121:Unloading Conveyor Have PCB Warning">
  >
  <L[3]
    <B[1] 0x00>
    <U4[1] 50123>
    <A[33] "122:Unloading Move Manual Warning">
  >
  <L[3]
    <B[1] 0x00>
    <U4[1] 50124>
    <A[20] "123:Not Origin Error">
  >
  <L[3]
    <B[1] 0x00>
    <U4[1] 50125>
    <A[36] "124:Loading Safety Door Sensor Error">
  >
  <L[3]
    <B[1] 0x00>
    <U4[1] 50126>
    <A[38] "125:Unloading Safety Door Sensor Error">
  >
  <L[3]
    <B[1] 0x00>
    <U4[1] 50127>
    <A[23] "126:ROBOT On Teach Mode">
  >
  <L[3]
    <B[1] 0x00>
    <U4[1] 50128>
    <A[24] "127:Main Power Off Error">
  >
  <L[3]
    <B[1] 0x00>
    <U4[1] 50129>
    <A[31] "128:Emergency Stop Switch Error">
  >
  <L[3]
    <B[1] 0x00>
    <U4[1] 50130>
    <A[30] "129:Power Phase Sequence Error">
  >
  <L[3]
    <B[1] 0x00>
    <U4[1] 50131>
    <A[36] "130:Unloading Air Pressure Low Error">
  >
  <L[3]
    <B[1] 0x00>
    <U4[1] 50132>
    <A[25] "131:Utility Exhaust Error">
  >
  <L[3]
    <B[1] 0x00>
    <U4[1] 50133>
    <A[36] "132:Unloading Interlock Signal Error">
  >
  <L[3]
    <B[1] 0x00>
    <U4[1] 50134>
    <A[25] "133:PLC Battery Low Error">
  >
  <L[3]
    <B[1] 0x00>
    <U4[1] 50135>
    <A[28] "134:Month Maintenance Notify">
  >
  <L[3]
    <B[1] 0x00>
    <U4[1] 50136>
    <A[29] "135:Season Maintenance Notify">
  >
  <L[3]
    <B[1] 0x00>
    <U4[1] 50137>
    <A[27] "136:Year Maintenance Notify">
  >
  <L[3]
    <B[1] 0x00>
    <U4[1] 50138>
    <A[27] "137:ROBOT Battery Low Error">
  >
  <L[3]
    <B[1] 0x00>
    <U4[1] 50139>
    <A[36] "138:ROBOTEmergency Stop Switch Error">
  >
  <L[3]
    <B[1] 0x00>
    <U4[1] 50140>
    <A[15] "139:ROBOT Error">
  >
  <L[3]
    <B[1] 0x00>
    <U4[1] 50141>
    <A[39] "140:Loading Robot Front Left Sensor Err">
  >
  <L[3]
    <B[1] 0x00>
    <U4[1] 50142>
    <A[40] "141:Loading Robot Front Right Sensor Err">
  >
  <L[3]
    <B[1] 0x00>
    <U4[1] 50143>
    <A[37] "142:Loading Robot Mid Left Sensor Err">
  >
  <L[3]
    <B[1] 0x00>
    <U4[1] 50144>
    <A[38] "143:Loading Robot Mid Right Sensor Err">
  >
  <L[3]
    <B[1] 0x00>
    <U4[1] 50145>
    <A[28] "280:No.01 Branch Switch Trip">
  >
  <L[3]
    <B[1] 0x00>
    <U4[1] 50146>
    <A[28] "281:No.02 Branch Switch Trip">
  >
  <L[3]
    <B[1] 0x00>
    <U4[1] 50147>
    <A[28] "282:No.03 Branch Switch Trip">
  >
  <L[3]
    <B[1] 0x00>
    <U4[1] 50148>
    <A[28] "283:No.04 Branch Switch Trip">
  >
  <L[3]
    <B[1] 0x00>
    <U4[1] 50149>
    <A[28] "284:No.05 Branch Switch Trip">
  >
  <L[3]
    <B[1] 0x00>
    <U4[1] 50150>
    <A[28] "285:No.06 Branch Switch Trip">
  >
  <L[3]
    <B[1] 0x00>
    <U4[1] 50151>
    <A[28] "286:No.07 Branch Switch Trip">
  >
  <L[3]
    <B[1] 0x00>
    <U4[1] 50152>
    <A[28] "287:No.08 Branch Switch Trip">
  >
  <L[3]
    <B[1] 0x00>
    <U4[1] 50153>
    <A[28] "288:No.09 Branch Switch Trip">
  >
  <L[3]
    <B[1] 0x00>
    <U4[1] 50154>
    <A[28] "289:No.10 Branch Switch Trip">
  >
  <L[3]
    <B[1] 0x00>
    <U4[1] 50155>
    <A[28] "290:No.11 Branch Switch Trip">
  >
  <L[3]
    <B[1] 0x00>
    <U4[1] 50156>
    <A[28] "291:No.12 Branch Switch Trip">
  >
  <L[3]
    <B[1] 0x00>
    <U4[1] 50157>
    <A[9] "292:Spare">
  >
  <L[3]
    <B[1] 0x00>
    <U4[1] 50158>
    <A[9] "293:Spare">
  >
  <L[3]
    <B[1] 0x00>
    <U4[1] 50159>
    <A[9] "294:Spare">
  >
  <L[3]
    <B[1] 0x00>
    <U4[1] 50160>
    <A[9] "295:Spare">
  >
  <L[3]
    <B[1] 0x00>
    <U4[1] 50161>
    <A[9] "296:Spare">
  >
  <L[3]
    <B[1] 0x00>
    <U4[1] 50162>
    <A[9] "297:Spare">
  >
  <L[3]
    <B[1] 0x00>
    <U4[1] 50163>
    <A[9] "298:Spare">
  >
  <L[3]
    <B[1] 0x00>
    <U4[1] 50164>
    <A[9] "299:Spare">
  >
  <L[3]
    <B[1] 0x00>
    <U4[1] 50165>
    <A[9] "300:Spare">
  >
  <L[3]
    <B[1] 0x00>
    <U4[1] 50166>
    <A[27] "301:Buffer Has Panel Struck">
  >
  <L[3]
    <B[1] 0x00>
    <U4[1] 50167>
    <A[39] "302:Center Calibra. Server Inside Limit">
  >
  <L[3]
    <B[1] 0x00>
    <U4[1] 50168>
    <A[40] "303:Center Calibra. Server Outside Limit">
  >
  <L[3]
    <B[1] 0x00>
    <U4[1] 50169>
    <A[35] "304:Center Calibration Server Error">
  >
>
.
11:40:05.511: Send S2F17(155350022).
00 01 82 11 00 00 09 42 74 06 
S2F17 W
.
11:40:05.537: Receive S2F18(155350022).
00 01 02 12 00 00 09 42 74 06   41 0C 32 30 30 35 30 39 31 31   
34 30 32 35 
S2F18
<A[12] "200509114025">
.
HSMS Communication Disconnected!
