SECS Emulator v1.5  2001/09/05
HSMS Communication Started!
09:45:41.786: Receive S1F13(0).
00 01 81 0D 00 00 00 00 00 00   01 02 41 0A 47 43 50 2D 37 31   
32 43 52 42 41 05 31 2E 32 36   43 
S1F13 W
<L[2]
  <A[10] "GCP-712CRB">
  <A[5] "1.26C">
>
.
09:45:41.791: Send S1F14(0).
00 01 01 0E 00 00 00 00 00 00   01 02 21 01 00 01 00 
S1F14
<L[2]
  <B[1] 0x00>
  <L[0]
  >
>
.
09:45:41.806: Send S1F17(128486).
00 01 81 11 00 00 00 01 F5 E6 
S1F17 W
.
09:45:41.824: Receive S1F1(1).
00 01 81 01 00 00 00 00 00 01 
S1F1 W
.
09:45:41.835: Send S1F2(1).
00 01 01 02 00 00 00 00 00 01   01 00 
S1F2
<L[0]
>
.
09:45:41.866: Receive S1F18(128486).
00 01 01 12 00 00 00 01 F5 E6   21 01 01 
S1F18
<B[1] 0x01>
.
09:45:41.886: Receive S6F11(2).
00 01 86 0B 00 00 00 00 00 02   01 03 B1 04 00 00 00 00 B1 04   
00 00 EA 61 01 01 01 02 B1 04   00 00 EA 61 01 02 41 0C 32 30   
30 35 31 33 30 39 34 34 30 39   A9 02 00 05 
S6F11 W
<L[3]
  <U4[1] 0>
  <U4[1] 60001>
  <L[1]
    <L[2]
      <U4[1] 60001>
      <L[2]
        <A[12] "200513094409">
        <U2[1] 5>
      >
    >
  >
>
.
09:45:42.054: Send S6F12(2).
00 01 06 0C 00 00 00 00 00 02   21 01 00 
S6F12
<B[1] 0x00>
.
10:03:34.343: Receive Linktest.req.
HSMS Communication Disconnected!
SECS Emulator v1.5  2001/09/05
HSMS Communication Started!
HSMS Communication Disconnected!
SECS Emulator v1.5  2001/09/05
HSMS Communication Started!
HSMS Communication Disconnected!
SECS Emulator v1.5  2001/09/05
HSMS Communication Started!
HSMS Communication Disconnected!
SECS Emulator v1.5  2001/09/05
HSMS Communication Started!
HSMS Communication Disconnected!
SECS Emulator v1.5  2001/09/05
HSMS Communication Started!
10:48:27.299: Receive S1F13(0).
00 01 81 0D 00 00 00 00 00 00   01 02 41 0A 47 43 50 2D 37 31   
32 43 52 42 41 05 31 2E 32 36   43 
S1F13 W
<L[2]
  <A[10] "GCP-712CRB">
  <A[5] "1.26C">
>
.
10:48:27.305: Send S1F14(0).
00 01 01 0E 00 00 00 00 00 00   01 02 21 01 00 01 00 
S1F14
<L[2]
  <B[1] 0x00>
  <L[0]
  >
>
.
10:48:27.311: Send S1F17(3903095).
00 01 81 11 00 00 00 3B 8E 77 
S1F17 W
.
10:48:27.332: Receive S1F18(3903095).
00 01 01 12 00 00 00 3B 8E 77   21 01 02 
S1F18
<B[1] 0x02>
.
10:48:27.341: Receive S6F11(1).
00 01 86 0B 00 00 00 00 00 01   01 03 B1 04 00 00 00 00 B1 04   
00 00 EA 61 01 01 01 02 B1 04   00 00 EA 61 01 02 41 0C 32 30   
30 35 31 33 31 30 34 36 35 32   A9 02 00 04 
S6F11 W
<L[3]
  <U4[1] 0>
  <U4[1] 60001>
  <L[1]
    <L[2]
      <U4[1] 60001>
      <L[2]
        <A[12] "200513104652">
        <U2[1] 4>
      >
    >
  >
>
.
10:48:27.357: Send S6F12(1).
00 01 06 0C 00 00 00 00 00 01   21 01 00 
S6F12
<B[1] 0x00>
.
10:48:27.386: Receive S6F11(2).
00 01 86 0B 00 00 00 00 00 02   01 03 B1 04 00 00 00 00 B1 04   
00 00 EA 63 01 01 01 02 B1 04   00 00 EA 63 01 02 41 0C 32 30   
30 35 31 33 31 30 34 36 35 32   A9 02 00 01 
S6F11 W
<L[3]
  <U4[1] 0>
  <U4[1] 60003>
  <L[1]
    <L[2]
      <U4[1] 60003>
      <L[2]
        <A[12] "200513104652">
        <U2[1] 1>
      >
    >
  >
>
.
10:48:27.412: Send S6F12(2).
00 01 06 0C 00 00 00 00 00 02   21 01 00 
S6F12
<B[1] 0x00>
.
10:48:35.865: Send S2F41(3903098).
00 01 82 29 00 00 00 3B 8E 7A   01 02 41 05 4C 4F 43 41 4C 01   
00 
S2F41 W
<L[2]
  <A[5] "LOCAL">
  <L[0]
  >
>
.
10:48:40.257: Receive S2F42(3903098).
00 01 02 2A 00 00 00 3B 8E 7A   01 02 21 01 02 01 00 
S2F42
<L[2]
  <B[1] 0x02>
  <L[0]
  >
>
.
10:48:49.418: Send S2F41(3903099).
00 01 82 29 00 00 00 3B 8E 7B   01 02 41 06 52 45 4D 4F 54 45   
01 00 
S2F41 W
<L[2]
  <A[6] "REMOTE">
  <L[0]
  >
>
.
10:48:49.472: Receive S6F11(3).
00 01 86 0B 00 00 00 00 00 03   01 03 B1 04 00 00 00 00 B1 04   
00 00 EA 61 01 01 01 02 B1 04   00 00 EA 61 01 02 41 0C 32 30   
30 35 31 33 31 30 34 37 31 34   A9 02 00 05 
S6F11 W
<L[3]
  <U4[1] 0>
  <U4[1] 60001>
  <L[1]
    <L[2]
      <U4[1] 60001>
      <L[2]
        <A[12] "200513104714">
        <U2[1] 5>
      >
    >
  >
>
.
10:48:49.493: Send S6F12(3).
00 01 06 0C 00 00 00 00 00 03   21 01 00 
S6F12
<B[1] 0x00>
.
10:48:53.461: Receive S2F42(3903099).
00 01 02 2A 00 00 00 3B 8E 7B   01 02 21 01 00 01 00 
S2F42
<L[2]
  <B[1] 0x00>
  <L[0]
  >
>
.
HSMS Communication Disconnected!
