SECS Emulator v1.5  2001/09/05
HSMS Communication Started!
HSMS Communication Disconnected!
SECS Emulator v1.5  2001/09/05
HSMS Communication Started!
08:56:47.139: Receive S1F13(0).
00 01 81 0D 00 00 00 00 00 00   01 02 41 0A 47 43 50 2D 37 31   
32 43 52 42 41 05 31 2E 32 36   43 
S1F13 W
<L[2]
  <A[10] "GCP-712CRB">
  <A[5] "1.26C">
>
.
08:56:47.147: Send S1F14(0).
00 01 01 0E 00 00 00 00 00 00   01 02 21 01 00 01 00 
S1F14
<L[2]
  <B[1] 0x00>
  <L[0]
  >
>
.
08:56:47.153: Send S1F17(412131017).
00 01 81 11 00 00 18 90 9E C9 
S1F17 W
.
08:56:47.182: Receive S1F18(412131017).
00 01 01 12 00 00 18 90 9E C9   21 01 02 
S1F18
<B[1] 0x02>
.
08:56:47.190: Receive S6F11(1).
00 01 86 0B 00 00 00 00 00 01   01 03 B1 04 00 00 00 00 B1 04   
00 00 EA 63 01 01 01 02 B1 04   00 00 EA 63 01 02 41 0C 32 30   
30 35 31 32 30 38 35 35 31 37   A9 02 00 01 
S6F11 W
<L[3]
  <U4[1] 0>
  <U4[1] 60003>
  <L[1]
    <L[2]
      <U4[1] 60003>
      <L[2]
        <A[12] "200512085517">
        <U2[1] 1>
      >
    >
  >
>
.
08:56:47.220: Send S6F12(1).
00 01 06 0C 00 00 00 00 00 01   21 01 00 
S6F12
<B[1] 0x00>
.
08:57:27.272: Receive S1F1(2).
00 01 81 01 00 00 00 00 00 02 
S1F1 W
.
08:57:27.278: Send S1F2(2).
00 01 01 02 00 00 00 00 00 02   01 00 
S1F2
<L[0]
>
.
08:57:27.323: Receive S6F11(3).
00 01 86 0B 00 00 00 00 00 03   01 03 B1 04 00 00 00 00 B1 04   
00 00 EA 61 01 01 01 02 B1 04   00 00 EA 61 01 02 41 0C 32 30   
30 35 31 32 30 38 35 35 35 37   A9 02 00 05 
S6F11 W
<L[3]
  <U4[1] 0>
  <U4[1] 60001>
  <L[1]
    <L[2]
      <U4[1] 60001>
      <L[2]
        <A[12] "200512085557">
        <U2[1] 5>
      >
    >
  >
>
.
08:57:27.351: Send S6F12(3).
00 01 06 0C 00 00 00 00 00 03   21 01 00 
S6F12
<B[1] 0x00>
.
09:12:50.800: Receive S6F11(20).
00 01 86 0B 00 00 00 00 00 14   01 03 B1 04 00 00 00 00 B1 04   
00 00 EA 61 01 01 01 02 B1 04   00 00 EA 61 01 02 41 0C 32 30   
30 35 31 32 30 39 31 31 32 31   A9 02 00 01 
S6F11 W
<L[3]
  <U4[1] 0>
  <U4[1] 60001>
  <L[1]
    <L[2]
      <U4[1] 60001>
      <L[2]
        <A[12] "200512091121">
        <U2[1] 1>
      >
    >
  >
>
.
09:12:50.811: Send S6F12(20).
00 01 06 0C 00 00 00 00 00 14   21 01 00 
S6F12
<B[1] 0x00>
.
09:15:09.627: Receive S1F1(23).
00 01 81 01 00 00 00 00 00 17 
S1F1 W
.
09:15:09.634: Send S1F2(23).
00 01 01 02 00 00 00 00 00 17   01 00 
S1F2
<L[0]
>
.
09:15:09.677: Receive S6F11(24).
00 01 86 0B 00 00 00 00 00 18   01 03 B1 04 00 00 00 00 B1 04   
00 00 EA 61 01 01 01 02 B1 04   00 00 EA 61 01 02 41 0C 32 30   
30 35 31 32 30 39 31 33 34 30   A9 02 00 05 
S6F11 W
<L[3]
  <U4[1] 0>
  <U4[1] 60001>
  <L[1]
    <L[2]
      <U4[1] 60001>
      <L[2]
        <A[12] "200512091340">
        <U2[1] 5>
      >
    >
  >
>
.
09:15:09.708: Send S6F12(24).
00 01 06 0C 00 00 00 00 00 18   21 01 00 
S6F12
<B[1] 0x00>
.
09:15:17.671: Receive S6F11(25).
00 01 86 0B 00 00 00 00 00 19   01 03 B1 04 00 00 00 00 B1 04   
00 00 EA 61 01 01 01 02 B1 04   00 00 EA 61 01 02 41 0C 32 30   
30 35 31 32 30 39 31 33 34 38   A9 02 00 01 
S6F11 W
<L[3]
  <U4[1] 0>
  <U4[1] 60001>
  <L[1]
    <L[2]
      <U4[1] 60001>
      <L[2]
        <A[12] "200512091348">
        <U2[1] 1>
      >
    >
  >
>
.
09:15:17.796: Send S6F12(25).
00 01 06 0C 00 00 00 00 00 19   21 01 00 
S6F12
<B[1] 0x00>
.
09:15:23.624: Receive S1F1(26).
00 01 81 01 00 00 00 00 00 1A 
S1F1 W
.
09:15:23.653: Send S1F2(26).
00 01 01 02 00 00 00 00 00 1A   01 00 
S1F2
<L[0]
>
.
09:15:23.689: Receive S6F11(27).
00 01 86 0B 00 00 00 00 00 1B   01 03 B1 04 00 00 00 00 B1 04   
00 00 EA 61 01 01 01 02 B1 04   00 00 EA 61 01 02 41 0C 32 30   
30 35 31 32 30 39 31 33 35 34   A9 02 00 05 
S6F11 W
<L[3]
  <U4[1] 0>
  <U4[1] 60001>
  <L[1]
    <L[2]
      <U4[1] 60001>
      <L[2]
        <A[12] "200512091354">
        <U2[1] 5>
      >
    >
  >
>
.
09:15:23.796: Send S6F12(27).
00 01 06 0C 00 00 00 00 00 1B   21 01 00 
S6F12
<B[1] 0x00>
.
09:15:53.969: Send S1F15(412131046).
00 01 81 0F 00 00 18 90 9E E6 
S1F15 W
.
09:15:53.991: Receive S1F16(412131046).
00 01 01 10 00 00 18 90 9E E6   21 01 00 
S1F16
<B[1] 0x00>
.
09:15:57.995: Send S1F17(412131047).
00 01 81 11 00 00 18 90 9E E7 
S1F17 W
.
09:15:58.016: Receive S1F18(412131047).
00 01 01 12 00 00 18 90 9E E7   21 01 00 
S1F18
<B[1] 0x00>
.
09:15:58.041: Receive S6F11(29).
00 01 86 0B 00 00 00 00 00 1D   01 03 B1 04 00 00 00 00 B1 04   
00 00 EA 61 01 01 01 02 B1 04   00 00 EA 61 01 02 41 0C 32 30   
30 35 31 32 30 39 31 34 32 38   A9 02 00 05 
S6F11 W
<L[3]
  <U4[1] 0>
  <U4[1] 60001>
  <L[1]
    <L[2]
      <U4[1] 60001>
      <L[2]
        <A[12] "200512091428">
        <U2[1] 5>
      >
    >
  >
>
.
09:15:58.141: Send S6F12(29).
00 01 06 0C 00 00 00 00 00 1D   21 01 00 
S6F12
<B[1] 0x00>
.
09:16:02.657: Receive S6F11(30).
00 01 86 0B 00 00 00 00 00 1E   01 03 B1 04 00 00 00 00 B1 04   
00 00 EA 61 01 01 01 02 B1 04   00 00 EA 61 01 02 41 0C 32 30   
30 35 31 32 30 39 31 34 33 33   A9 02 00 01 
S6F11 W
<L[3]
  <U4[1] 0>
  <U4[1] 60001>
  <L[1]
    <L[2]
      <U4[1] 60001>
      <L[2]
        <A[12] "200512091433">
        <U2[1] 1>
      >
    >
  >
>
.
09:16:02.765: Send S6F12(30).
00 01 06 0C 00 00 00 00 00 1E   21 01 00 
S6F12
<B[1] 0x00>
.
09:16:05.952: Receive S1F1(31).
00 01 81 01 00 00 00 00 00 1F 
S1F1 W
.
09:16:05.981: Send S1F2(31).
00 01 01 02 00 00 00 00 00 1F   01 00 
S1F2
<L[0]
>
.
09:16:06.019: Receive S6F11(32).
00 01 86 0B 00 00 00 00 00 20   01 03 B1 04 00 00 00 00 B1 04   
00 00 EA 61 01 01 01 02 B1 04   00 00 EA 61 01 02 41 0C 32 30   
30 35 31 32 30 39 31 34 33 36   A9 02 00 05 
S6F11 W
<L[3]
  <U4[1] 0>
  <U4[1] 60001>
  <L[1]
    <L[2]
      <U4[1] 60001>
      <L[2]
        <A[12] "200512091436">
        <U2[1] 5>
      >
    >
  >
>
.
09:16:06.114: Send S6F12(32).
00 01 06 0C 00 00 00 00 00 20   21 01 00 
S6F12
<B[1] 0x00>
.
09:16:09.522: Receive S6F11(33).
00 01 86 0B 00 00 00 00 00 21   01 03 B1 04 00 00 00 00 B1 04   
00 00 EA 61 01 01 01 02 B1 04   00 00 EA 61 01 02 41 0C 32 30   
30 35 31 32 30 39 31 34 33 39   A9 02 00 01 
S6F11 W
<L[3]
  <U4[1] 0>
  <U4[1] 60001>
  <L[1]
    <L[2]
      <U4[1] 60001>
      <L[2]
        <A[12] "200512091439">
        <U2[1] 1>
      >
    >
  >
>
.
09:16:09.641: Send S6F12(33).
00 01 06 0C 00 00 00 00 00 21   21 01 00 
S6F12
<B[1] 0x00>
.
09:16:12.212: Receive S1F1(34).
00 01 81 01 00 00 00 00 00 22 
S1F1 W
.
09:16:12.243: Send S1F2(34).
00 01 01 02 00 00 00 00 00 22   01 00 
S1F2
<L[0]
>
.
09:16:12.277: Receive S6F11(35).
00 01 86 0B 00 00 00 00 00 23   01 03 B1 04 00 00 00 00 B1 04   
00 00 EA 61 01 01 01 02 B1 04   00 00 EA 61 01 02 41 0C 32 30   
30 35 31 32 30 39 31 34 34 32   A9 02 00 05 
S6F11 W
<L[3]
  <U4[1] 0>
  <U4[1] 60001>
  <L[1]
    <L[2]
      <U4[1] 60001>
      <L[2]
        <A[12] "200512091442">
        <U2[1] 5>
      >
    >
  >
>
.
09:16:12.380: Send S6F12(35).
00 01 06 0C 00 00 00 00 00 23   21 01 00 
S6F12
<B[1] 0x00>
.
09:16:13.911: Receive S6F11(36).
00 01 86 0B 00 00 00 00 00 24   01 03 B1 04 00 00 00 00 B1 04   
00 00 EA 61 01 01 01 02 B1 04   00 00 EA 61 01 02 41 0C 32 30   
30 35 31 32 30 39 31 34 34 34   A9 02 00 01 
S6F11 W
<L[3]
  <U4[1] 0>
  <U4[1] 60001>
  <L[1]
    <L[2]
      <U4[1] 60001>
      <L[2]
        <A[12] "200512091444">
        <U2[1] 1>
      >
    >
  >
>
.
09:16:14.016: Send S6F12(36).
00 01 06 0C 00 00 00 00 00 24   21 01 00 
S6F12
<B[1] 0x00>
.
09:16:15.462: Receive S1F1(37).
00 01 81 01 00 00 00 00 00 25 
S1F1 W
.
09:16:15.492: Send S1F2(37).
00 01 01 02 00 00 00 00 00 25   01 00 
S1F2
<L[0]
>
.
09:16:15.524: Receive S6F11(38).
00 01 86 0B 00 00 00 00 00 26   01 03 B1 04 00 00 00 00 B1 04   
00 00 EA 61 01 01 01 02 B1 04   00 00 EA 61 01 02 41 0C 32 30   
30 35 31 32 30 39 31 34 34 35   A9 02 00 05 
S6F11 W
<L[3]
  <U4[1] 0>
  <U4[1] 60001>
  <L[1]
    <L[2]
      <U4[1] 60001>
      <L[2]
        <A[12] "200512091445">
        <U2[1] 5>
      >
    >
  >
>
.
09:16:15.626: Send S6F12(38).
00 01 06 0C 00 00 00 00 00 26   21 01 00 
S6F12
<B[1] 0x00>
.
09:16:17.047: Receive S6F11(39).
00 01 86 0B 00 00 00 00 00 27   01 03 B1 04 00 00 00 00 B1 04   
00 00 EA 61 01 01 01 02 B1 04   00 00 EA 61 01 02 41 0C 32 30   
30 35 31 32 30 39 31 34 34 37   A9 02 00 01 
S6F11 W
<L[3]
  <U4[1] 0>
  <U4[1] 60001>
  <L[1]
    <L[2]
      <U4[1] 60001>
      <L[2]
        <A[12] "200512091447">
        <U2[1] 1>
      >
    >
  >
>
.
09:16:17.150: Send S6F12(39).
00 01 06 0C 00 00 00 00 00 27   21 01 00 
S6F12
<B[1] 0x00>
.
09:16:18.702: Receive S1F1(40).
00 01 81 01 00 00 00 00 00 28 
S1F1 W
.
09:16:18.725: Send S1F2(40).
00 01 01 02 00 00 00 00 00 28   01 00 
S1F2
<L[0]
>
.
09:16:18.762: Receive S6F11(41).
00 01 86 0B 00 00 00 00 00 29   01 03 B1 04 00 00 00 00 B1 04   
00 00 EA 61 01 01 01 02 B1 04   00 00 EA 61 01 02 41 0C 32 30   
30 35 31 32 30 39 31 34 34 39   A9 02 00 05 
S6F11 W
<L[3]
  <U4[1] 0>
  <U4[1] 60001>
  <L[1]
    <L[2]
      <U4[1] 60001>
      <L[2]
        <A[12] "200512091449">
        <U2[1] 5>
      >
    >
  >
>
.
09:16:18.857: Send S6F12(41).
00 01 06 0C 00 00 00 00 00 29   21 01 00 
S6F12
<B[1] 0x00>
.
09:16:26.532: Receive S6F11(42).
00 01 86 0B 00 00 00 00 00 2A   01 03 B1 04 00 00 00 00 B1 04   
00 00 EA 61 01 01 01 02 B1 04   00 00 EA 61 01 02 41 0C 32 30   
30 35 31 32 30 39 31 34 35 36   A9 02 00 04 
S6F11 W
<L[3]
  <U4[1] 0>
  <U4[1] 60001>
  <L[1]
    <L[2]
      <U4[1] 60001>
      <L[2]
        <A[12] "200512091456">
        <U2[1] 4>
      >
    >
  >
>
.
09:16:26.630: Send S6F12(42).
00 01 06 0C 00 00 00 00 00 2A   21 01 00 
S6F12
<B[1] 0x00>
.
09:16:29.550: Receive S6F11(43).
00 01 86 0B 00 00 00 00 00 2B   01 03 B1 04 00 00 00 00 B1 04   
00 00 EA 61 01 01 01 02 B1 04   00 00 EA 61 01 02 41 0C 32 30   
30 35 31 32 30 39 31 34 35 39   A9 02 00 05 
S6F11 W
<L[3]
  <U4[1] 0>
  <U4[1] 60001>
  <L[1]
    <L[2]
      <U4[1] 60001>
      <L[2]
        <A[12] "200512091459">
        <U2[1] 5>
      >
    >
  >
>
.
09:16:29.647: Send S6F12(43).
00 01 06 0C 00 00 00 00 00 2B   21 01 00 
S6F12
<B[1] 0x00>
.
HSMS Communication Disconnected!
SECS Emulator v1.5  2001/09/05
HSMS Communication Started!
09:16:44.985: Receive S1F13(0).
00 01 81 0D 00 00 00 00 00 00   01 02 41 0A 47 43 50 2D 37 31   
32 43 52 42 41 05 31 2E 32 36   43 
S1F13 W
<L[2]
  <A[10] "GCP-712CRB">
  <A[5] "1.26C">
>
.
09:16:45.035: Send S1F14(0).
00 01 01 0E 00 00 00 00 00 00   01 02 21 01 00 01 00 
S1F14
<L[2]
  <B[1] 0x00>
  <L[0]
  >
>
.
09:16:45.092: Send S1F17(413325252).
00 01 81 11 00 00 18 A2 D7 C4 
S1F17 W
.
09:16:45.113: Receive S6F11(1).
00 01 86 0B 00 00 00 00 00 01   01 03 B1 04 00 00 00 00 B1 04   
00 00 EA 63 01 01 01 02 B1 04   00 00 EA 63 01 02 41 0C 32 30   
30 35 31 32 30 39 31 35 31 35   A9 02 00 01 
S6F11 W
<L[3]
  <U4[1] 0>
  <U4[1] 60003>
  <L[1]
    <L[2]
      <U4[1] 60003>
      <L[2]
        <A[12] "200512091515">
        <U2[1] 1>
      >
    >
  >
>
.
09:16:45.226: Send S6F12(1).
00 01 06 0C 00 00 00 00 00 01   21 01 00 
S6F12
<B[1] 0x00>
.
09:16:45.254: Receive S1F18(413325252).
00 01 01 12 00 00 18 A2 D7 C4   21 01 02 
S1F18
<B[1] 0x02>
.
09:18:28.033: Send S1F3(413325255).
00 01 81 03 00 00 18 A2 D7 C7   01 10 B1 04 00 00 27 17 B1 04   
00 00 27 18 B1 04 00 00 27 19   B1 04 00 00 27 1A B1 04 00 00   
27 1B B1 04 00 00 27 1C B1 04   00 00 27 1D B1 04 00 00 27 1E   
B1 04 00 00 27 1F B1 04 00 00   27 20 B1 04 00 00 27 21 B1 04   
00 00 27 22 B1 04 00 00 EA 61   B1 04 00 00 EA 62 B1 04 00 00   
EA 63 B1 04 00 00 EA 64 
S1F3 W
<L[16]
  <U4[1] 10007>
  <U4[1] 10008>
  <U4[1] 10009>
  <U4[1] 10010>
  <U4[1] 10011>
  <U4[1] 10012>
  <U4[1] 10013>
  <U4[1] 10014>
  <U4[1] 10015>
  <U4[1] 10016>
  <U4[1] 10017>
  <U4[1] 10018>
  <U4[1] 60001>
  <U4[1] 60002>
  <U4[1] 60003>
  <U4[1] 60004>
>
.
09:18:28.159: Receive S1F4(413325255).
00 01 01 04 00 00 18 A2 D7 C7   01 10 91 04 42 C8 00 00 91 04   
43 02 00 00 91 04 43 16 00 00   91 04 43 16 00 00 91 04 43 16   
00 00 91 04 43 16 00 00 91 04   43 16 00 00 91 04 43 16 00 00   
91 04 43 16 00 00 91 04 43 16   00 00 91 04 43 16 00 00 91 04   
43 16 00 00 41 0C 32 30 30 35   31 32 30 39 31 36 35 38 A9 02   
00 05 A9 02 00 02 A9 02 00 01 
S1F4
<L[16]
  <F4[1] 100>
  <F4[1] 130>
  <F4[1] 150>
  <F4[1] 150>
  <F4[1] 150>
  <F4[1] 150>
  <F4[1] 150>
  <F4[1] 150>
  <F4[1] 150>
  <F4[1] 150>
  <F4[1] 150>
  <F4[1] 150>
  <A[12] "200512091658">
  <U2[1] 5>
  <U2[1] 2>
  <U2[1] 1>
>
.
09:19:41.739: Receive S6F11(5).
00 01 86 0B 00 00 00 00 00 05   01 03 B1 04 00 00 00 00 B1 04   
00 00 EA 61 01 01 01 02 B1 04   00 00 EA 61 01 02 41 0C 32 30   
30 35 31 32 30 39 31 38 31 32   A9 02 00 01 
S6F11 W
<L[3]
  <U4[1] 0>
  <U4[1] 60001>
  <L[1]
    <L[2]
      <U4[1] 60001>
      <L[2]
        <A[12] "200512091812">
        <U2[1] 1>
      >
    >
  >
>
.
09:19:41.843: Send S6F12(5).
00 01 06 0C 00 00 00 00 00 05   21 01 00 
S6F12
<B[1] 0x00>
.
09:19:43.319: Receive S1F1(6).
00 01 81 01 00 00 00 00 00 06 
S1F1 W
.
09:19:43.345: Send S1F2(6).
00 01 01 02 00 00 00 00 00 06   01 00 
S1F2
<L[0]
>
.
09:19:43.378: Receive S6F11(7).
00 01 86 0B 00 00 00 00 00 07   01 03 B1 04 00 00 00 00 B1 04   
00 00 EA 61 01 01 01 02 B1 04   00 00 EA 61 01 02 41 0C 32 30   
30 35 31 32 30 39 31 38 31 33   A9 02 00 05 
S6F11 W
<L[3]
  <U4[1] 0>
  <U4[1] 60001>
  <L[1]
    <L[2]
      <U4[1] 60001>
      <L[2]
        <A[12] "200512091813">
        <U2[1] 5>
      >
    >
  >
>
.
09:19:43.476: Send S6F12(7).
00 01 06 0C 00 00 00 00 00 07   21 01 00 
S6F12
<B[1] 0x00>
.
09:19:44.649: Receive S6F11(8).
00 01 86 0B 00 00 00 00 00 08   01 03 B1 04 00 00 00 00 B1 04   
00 00 EA 61 01 01 01 02 B1 04   00 00 EA 61 01 02 41 0C 32 30   
30 35 31 32 30 39 31 38 31 35   A9 02 00 01 
S6F11 W
<L[3]
  <U4[1] 0>
  <U4[1] 60001>
  <L[1]
    <L[2]
      <U4[1] 60001>
      <L[2]
        <A[12] "200512091815">
        <U2[1] 1>
      >
    >
  >
>
.
09:19:44.755: Send S6F12(8).
00 01 06 0C 00 00 00 00 00 08   21 01 00 
S6F12
<B[1] 0x00>
.
09:19:46.189: Receive S1F1(9).
00 01 81 01 00 00 00 00 00 09 
S1F1 W
.
09:19:46.213: Send S1F2(9).
00 01 01 02 00 00 00 00 00 09   01 00 
S1F2
<L[0]
>
.
09:19:46.254: Receive S6F11(10).
00 01 86 0B 00 00 00 00 00 0A   01 03 B1 04 00 00 00 00 B1 04   
00 00 EA 61 01 01 01 02 B1 04   00 00 EA 61 01 02 41 0C 32 30   
30 35 31 32 30 39 31 38 31 36   A9 02 00 05 
S6F11 W
<L[3]
  <U4[1] 0>
  <U4[1] 60001>
  <L[1]
    <L[2]
      <U4[1] 60001>
      <L[2]
        <A[12] "200512091816">
        <U2[1] 5>
      >
    >
  >
>
.
09:19:46.352: Send S6F12(10).
00 01 06 0C 00 00 00 00 00 0A   21 01 00 
S6F12
<B[1] 0x00>
.
HSMS Communication Disconnected!
SECS Emulator v1.5  2001/09/05
HSMS Communication Started!
09:24:48.274: Receive S1F13(0).
00 01 81 0D 00 00 00 00 00 00   01 02 41 0A 47 43 50 2D 37 31   
32 43 52 42 41 05 31 2E 32 36   43 
S1F13 W
<L[2]
  <A[10] "GCP-712CRB">
  <A[5] "1.26C">
>
.
09:24:48.329: Send S1F14(0).
00 01 01 0E 00 00 00 00 00 00   01 02 21 01 00 01 00 
S1F14
<L[2]
  <B[1] 0x00>
  <L[0]
  >
>
.
09:24:48.376: Send S1F17(413810330).
00 01 81 11 00 00 18 AA 3E 9A 
S1F17 W
.
09:24:48.394: Receive S6F11(1).
00 01 86 0B 00 00 00 00 00 01   01 03 B1 04 00 00 00 00 B1 04   
00 00 EA 63 01 01 01 02 B1 04   00 00 EA 63 01 02 41 0C 32 30   
30 35 31 32 30 39 32 33 31 38   A9 02 00 01 
S6F11 W
<L[3]
  <U4[1] 0>
  <U4[1] 60003>
  <L[1]
    <L[2]
      <U4[1] 60003>
      <L[2]
        <A[12] "200512092318">
        <U2[1] 1>
      >
    >
  >
>
.
09:24:48.503: Send S6F12(1).
00 01 06 0C 00 00 00 00 00 01   21 01 00 
S6F12
<B[1] 0x00>
.
09:24:48.526: Receive S1F18(413810330).
00 01 01 12 00 00 18 AA 3E 9A   21 01 02 
S1F18
<B[1] 0x02>
.
HSMS Communication Disconnected!
SECS Emulator v1.5  2001/09/05
HSMS Communication Started!
09:27:35.179: Receive S1F13(0).
00 01 81 0D 00 00 00 00 00 00   01 02 41 0A 47 43 50 2D 37 31   
32 43 52 42 41 05 31 2E 32 36   43 
S1F13 W
<L[2]
  <A[10] "GCP-712CRB">
  <A[5] "1.26C">
>
.
09:27:35.228: Send S1F14(0).
00 01 01 0E 00 00 00 00 00 00   01 02 21 01 00 01 00 
S1F14
<L[2]
  <B[1] 0x00>
  <L[0]
  >
>
.
09:27:35.276: Send S1F17(413981298).
00 01 81 11 00 00 18 AC DA 72 
S1F17 W
.
09:27:35.294: Receive S6F11(1).
00 01 86 0B 00 00 00 00 00 01   01 03 B1 04 00 00 00 00 B1 04   
00 00 EA 61 01 01 01 02 B1 04   00 00 EA 61 01 02 41 0C 32 30   
30 35 31 32 30 39 32 36 30 35   A9 02 00 05 
S6F11 W
<L[3]
  <U4[1] 0>
  <U4[1] 60001>
  <L[1]
    <L[2]
      <U4[1] 60001>
      <L[2]
        <A[12] "200512092605">
        <U2[1] 5>
      >
    >
  >
>
.
09:27:35.387: Send S6F12(1).
00 01 06 0C 00 00 00 00 00 01   21 01 00 
S6F12
<B[1] 0x00>
.
09:27:35.412: Receive S1F18(413981298).
00 01 01 12 00 00 18 AC DA 72   21 01 02 
S1F18
<B[1] 0x02>
.
09:27:35.435: Receive S6F11(2).
00 01 86 0B 00 00 00 00 00 02   01 03 B1 04 00 00 00 00 B1 04   
00 00 EA 63 01 01 01 02 B1 04   00 00 EA 63 01 02 41 0C 32 30   
30 35 31 32 30 39 32 36 30 35   A9 02 00 01 
S6F11 W
<L[3]
  <U4[1] 0>
  <U4[1] 60003>
  <L[1]
    <L[2]
      <U4[1] 60003>
      <L[2]
        <A[12] "200512092605">
        <U2[1] 1>
      >
    >
  >
>
.
09:27:35.539: Send S6F12(2).
00 01 06 0C 00 00 00 00 00 02   21 01 00 
S6F12
<B[1] 0x00>
.
HSMS Communication Disconnected!
SECS Emulator v1.5  2001/09/05
HSMS Communication Started!
09:27:55.987: Receive S1F13(0).
00 01 81 0D 00 00 00 00 00 00   01 02 41 0A 47 43 50 2D 37 31   
32 43 52 42 41 05 31 2E 32 36   43 
S1F13 W
<L[2]
  <A[10] "GCP-712CRB">
  <A[5] "1.26C">
>
.
09:27:56.041: Send S1F14(0).
00 01 01 0E 00 00 00 00 00 00   01 02 21 01 00 01 00 
S1F14
<L[2]
  <B[1] 0x00>
  <L[0]
  >
>
.
09:27:56.093: Send S1F17(414000189).
00 01 81 11 00 00 18 AD 24 3D 
S1F17 W
.
09:27:56.111: Receive S6F11(1).
00 01 86 0B 00 00 00 00 00 01   01 03 B1 04 00 00 00 00 B1 04   
00 00 EA 61 01 01 01 02 B1 04   00 00 EA 61 01 02 41 0C 32 30   
30 35 31 32 30 39 32 36 32 36   A9 02 00 05 
S6F11 W
<L[3]
  <U4[1] 0>
  <U4[1] 60001>
  <L[1]
    <L[2]
      <U4[1] 60001>
      <L[2]
        <A[12] "200512092626">
        <U2[1] 5>
      >
    >
  >
>
.
09:27:56.208: Send S6F12(1).
00 01 06 0C 00 00 00 00 00 01   21 01 00 
S6F12
<B[1] 0x00>
.
09:27:56.235: Receive S1F18(414000189).
00 01 01 12 00 00 18 AD 24 3D   21 01 02 
S1F18
<B[1] 0x02>
.
09:27:56.259: Receive S6F11(2).
00 01 86 0B 00 00 00 00 00 02   01 03 B1 04 00 00 00 00 B1 04   
00 00 EA 63 01 01 01 02 B1 04   00 00 EA 63 01 02 41 0C 32 30   
30 35 31 32 30 39 32 36 32 36   A9 02 00 01 
S6F11 W
<L[3]
  <U4[1] 0>
  <U4[1] 60003>
  <L[1]
    <L[2]
      <U4[1] 60003>
      <L[2]
        <A[12] "200512092626">
        <U2[1] 1>
      >
    >
  >
>
.
09:27:56.360: Send S6F12(2).
00 01 06 0C 00 00 00 00 00 02   21 01 00 
S6F12
<B[1] 0x00>
.
09:28:08.397: Receive S6F11(3).
00 01 86 0B 00 00 00 00 00 03   01 03 B1 04 00 00 00 00 B1 04   
00 00 EA 61 01 01 01 02 B1 04   00 00 EA 61 01 02 41 0C 32 30   
30 35 31 32 30 39 32 36 33 38   A9 02 00 01 
S6F11 W
<L[3]
  <U4[1] 0>
  <U4[1] 60001>
  <L[1]
    <L[2]
      <U4[1] 60001>
      <L[2]
        <A[12] "200512092638">
        <U2[1] 1>
      >
    >
  >
>
.
09:28:08.510: Send S6F12(3).
00 01 06 0C 00 00 00 00 00 03   21 01 00 
S6F12
<B[1] 0x00>
.
09:28:17.528: Receive S1F1(4).
00 01 81 01 00 00 00 00 00 04 
S1F1 W
.
09:28:17.550: Send S1F2(4).
00 01 01 02 00 00 00 00 00 04   01 00 
S1F2
<L[0]
>
.
09:28:17.582: Receive S6F11(5).
00 01 86 0B 00 00 00 00 00 05   01 03 B1 04 00 00 00 00 B1 04   
00 00 EA 61 01 01 01 02 B1 04   00 00 EA 61 01 02 41 0C 32 30   
30 35 31 32 30 39 32 36 34 37   A9 02 00 05 
S6F11 W
<L[3]
  <U4[1] 0>
  <U4[1] 60001>
  <L[1]
    <L[2]
      <U4[1] 60001>
      <L[2]
        <A[12] "200512092647">
        <U2[1] 5>
      >
    >
  >
>
.
09:28:17.687: Send S6F12(5).
00 01 06 0C 00 00 00 00 00 05   21 01 00 
S6F12
<B[1] 0x00>
.
HSMS Communication Disconnected!
SECS Emulator v1.5  2001/09/05
HSMS Communication Started!
09:48:24.902: Receive S1F13(0).
00 01 81 0D 00 00 00 00 00 00   01 02 41 0A 47 43 50 2D 37 31   
32 43 52 42 41 05 31 2E 32 36   43 
S1F13 W
<L[2]
  <A[10] "GCP-712CRB">
  <A[5] "1.26C">
>
.
09:48:24.955: Send S1F14(0).
00 01 01 0E 00 00 00 00 00 00   01 02 21 01 00 01 00 
S1F14
<L[2]
  <B[1] 0x00>
  <L[0]
  >
>
.
09:48:25.007: Send S1F17(415230189).
00 01 81 11 00 00 18 BF E8 ED 
S1F17 W
.
09:48:25.026: Receive S6F11(1).
00 01 86 0B 00 00 00 00 00 01   01 03 B1 04 00 00 00 00 B1 04   
00 00 EA 61 01 01 01 02 B1 04   00 00 EA 61 01 02 41 0C 32 30   
30 35 31 32 30 39 34 36 35 35   A9 02 00 05 
S6F11 W
<L[3]
  <U4[1] 0>
  <U4[1] 60001>
  <L[1]
    <L[2]
      <U4[1] 60001>
      <L[2]
        <A[12] "200512094655">
        <U2[1] 5>
      >
    >
  >
>
.
09:48:25.120: Send S6F12(1).
00 01 06 0C 00 00 00 00 00 01   21 01 00 
S6F12
<B[1] 0x00>
.
09:48:25.142: Receive S1F18(415230189).
00 01 01 12 00 00 18 BF E8 ED   21 01 02 
S1F18
<B[1] 0x02>
.
09:48:35.653: Send S2F41(415230191).
00 01 82 29 00 00 18 BF E8 EF   01 02 41 09 50 50 5F 53 45 4C   
45 43 54 01 03 01 02 41 05 4C   4F 54 49 44 41 07 33 33 34 35   
36 37 38 01 02 41 04 50 50 49   44 41 02 4F 4B 01 02 41 03 51   
54 59 41 03 31 30 33 
S2F41 W
<L[2]
  <A[9] "PP_SELECT">
  <L[3]
    <L[2]
      <A[5] "LOTID">
      <A[7] "3345678">
    >
    <L[2]
      <A[4] "PPID">
      <A[2] "OK">
    >
    <L[2]
      <A[3] "QTY">
      <A[3] "103">
    >
  >
>
.
09:48:35.770: Receive S6F11(2).
00 01 86 0B 00 00 00 00 00 02   01 03 B1 04 00 00 00 00 B1 04   
00 00 EA 64 01 01 01 02 B1 04   00 00 EA 64 01 02 41 0C 32 30   
30 35 31 32 30 39 34 37 30 36   41 02 4F 4B 
S6F11 W
<L[3]
  <U4[1] 0>
  <U4[1] 60004>
  <L[1]
    <L[2]
      <U4[1] 60004>
      <L[2]
        <A[12] "200512094706">
        <A[2] "OK">
      >
    >
  >
>
.
09:48:35.874: Send S6F12(2).
00 01 06 0C 00 00 00 00 00 02   21 01 00 
S6F12
<B[1] 0x00>
.
09:48:35.906: Receive S6F11(3).
00 01 86 0B 00 00 00 00 00 03   01 03 B1 04 00 00 00 00 B1 04   
00 00 EA 6D 01 01 01 02 B1 04   00 00 EA 6D 01 04 41 0C 32 30   
30 35 31 32 30 39 34 37 30 36   A9 02 00 02 A9 02 00 01 41 02   
4F 4B 
S6F11 W
<L[3]
  <U4[1] 0>
  <U4[1] 60013>
  <L[1]
    <L[2]
      <U4[1] 60013>
      <L[4]
        <A[12] "200512094706">
        <U2[1] 2>
        <U2[1] 1>
        <A[2] "OK">
      >
    >
  >
>
.
09:48:36.011: Send S6F12(3).
00 01 06 0C 00 00 00 00 00 03   21 01 00 
S6F12
<B[1] 0x00>
.
09:48:39.694: Receive S2F42(415230191).
00 01 02 2A 00 00 18 BF E8 EF   01 01 21 01 00 
S2F42
<L[1]
  <B[1] 0x00>
>
.
09:48:40.666: Receive S6F11(4).
00 01 86 0B 00 00 00 00 00 04   01 03 B1 04 00 00 00 00 B1 04   
00 00 EA 68 01 01 01 02 B1 04   00 00 EA 68 01 02 41 0C 32 30   
30 35 31 32 30 39 34 37 31 31   41 02 4F 4B 
S6F11 W
<L[3]
  <U4[1] 0>
  <U4[1] 60008>
  <L[1]
    <L[2]
      <U4[1] 60008>
      <L[2]
        <A[12] "200512094711">
        <A[2] "OK">
      >
    >
  >
>
.
09:48:40.765: Send S6F12(4).
00 01 06 0C 00 00 00 00 00 04   21 01 00 
S6F12
<B[1] 0x00>
.
09:48:40.797: Receive S6F11(5).
00 01 86 0B 00 00 00 00 00 05   01 03 B1 04 00 00 00 00 B1 04   
00 00 EA 6E 01 01 01 02 B1 04   00 00 EA 6E 01 04 41 0C 32 30   
30 35 31 32 30 39 34 37 31 31   A9 02 00 02 A9 02 00 01 41 02   
4F 4B 
S6F11 W
<L[3]
  <U4[1] 0>
  <U4[1] 60014>
  <L[1]
    <L[2]
      <U4[1] 60014>
      <L[4]
        <A[12] "200512094711">
        <U2[1] 2>
        <U2[1] 1>
        <A[2] "OK">
      >
    >
  >
>
.
09:48:40.898: Send S6F12(5).
00 01 06 0C 00 00 00 00 00 05   21 01 00 
S6F12
<B[1] 0x00>
.
09:49:25.138: Send S1F3(415230197).
00 01 81 03 00 00 18 BF E8 F5   01 10 B1 04 00 00 27 17 B1 04   
00 00 27 18 B1 04 00 00 27 19   B1 04 00 00 27 1A B1 04 00 00   
27 1B B1 04 00 00 27 1C B1 04   00 00 27 1D B1 04 00 00 27 1E   
B1 04 00 00 27 1F B1 04 00 00   27 20 B1 04 00 00 27 21 B1 04   
00 00 27 22 B1 04 00 00 EA 61   B1 04 00 00 EA 62 B1 04 00 00   
EA 63 B1 04 00 00 EA 64 
S1F3 W
<L[16]
  <U4[1] 10007>
  <U4[1] 10008>
  <U4[1] 10009>
  <U4[1] 10010>
  <U4[1] 10011>
  <U4[1] 10012>
  <U4[1] 10013>
  <U4[1] 10014>
  <U4[1] 10015>
  <U4[1] 10016>
  <U4[1] 10017>
  <U4[1] 10018>
  <U4[1] 60001>
  <U4[1] 60002>
  <U4[1] 60003>
  <U4[1] 60004>
>
.
09:49:25.259: Receive S1F4(415230197).
00 01 01 04 00 00 18 BF E8 F5   01 10 91 04 42 C8 00 00 91 04   
43 02 00 00 91 04 43 16 00 00   91 04 43 16 00 00 91 04 43 16   
00 00 91 04 43 16 00 00 91 04   43 16 00 00 91 04 43 16 00 00   
91 04 43 16 00 00 91 04 43 16   00 00 91 04 43 16 00 00 91 04   
43 16 00 00 41 0C 32 30 30 35   31 32 30 39 34 37 35 35 A9 02   
00 05 A9 02 00 02 A9 02 00 01 
S1F4
<L[16]
  <F4[1] 100>
  <F4[1] 130>
  <F4[1] 150>
  <F4[1] 150>
  <F4[1] 150>
  <F4[1] 150>
  <F4[1] 150>
  <F4[1] 150>
  <F4[1] 150>
  <F4[1] 150>
  <F4[1] 150>
  <F4[1] 150>
  <A[12] "200512094755">
  <U2[1] 5>
  <U2[1] 2>
  <U2[1] 1>
>
.
09:50:05.763: Send S1F3(415230198).
00 01 81 03 00 00 18 BF E8 F6   01 11 B1 04 00 00 27 17 B1 04   
00 00 27 18 B1 04 00 00 27 19   B1 04 00 00 27 1A B1 04 00 00   
27 1B B1 04 00 00 27 1C B1 04   00 00 27 1D B1 04 00 00 27 1E   
B1 04 00 00 27 1F B1 04 00 00   27 20 B1 04 00 00 27 21 B1 04   
00 00 27 22 B1 04 00 00 EA 61   B1 04 00 00 EA 62 B1 04 00 00   
EA 63 B1 04 00 00 EA 64 B1 04   00 00 27 11 
S1F3 W
<L[17]
  <U4[1] 10007>
  <U4[1] 10008>
  <U4[1] 10009>
  <U4[1] 10010>
  <U4[1] 10011>
  <U4[1] 10012>
  <U4[1] 10013>
  <U4[1] 10014>
  <U4[1] 10015>
  <U4[1] 10016>
  <U4[1] 10017>
  <U4[1] 10018>
  <U4[1] 60001>
  <U4[1] 60002>
  <U4[1] 60003>
  <U4[1] 60004>
  <U4[1] 10001>
>
.
09:50:05.910: Receive S1F4(415230198).
00 01 01 04 00 00 18 BF E8 F6   01 11 91 04 42 C8 00 00 91 04   
43 02 00 00 91 04 43 16 00 00   91 04 43 16 00 00 91 04 43 16   
00 00 91 04 43 16 00 00 91 04   43 16 00 00 91 04 43 16 00 00   
91 04 43 16 00 00 91 04 43 16   00 00 91 04 43 16 00 00 91 04   
43 16 00 00 41 0C 32 30 30 35   31 32 30 39 34 38 33 36 A9 02   
00 05 A9 02 00 02 A9 02 00 01   41 00 
S1F4
<L[17]
  <F4[1] 100>
  <F4[1] 130>
  <F4[1] 150>
  <F4[1] 150>
  <F4[1] 150>
  <F4[1] 150>
  <F4[1] 150>
  <F4[1] 150>
  <F4[1] 150>
  <F4[1] 150>
  <F4[1] 150>
  <F4[1] 150>
  <A[12] "200512094836">
  <U2[1] 5>
  <U2[1] 2>
  <U2[1] 1>
  <A[0] "">
>
.
HSMS Communication Disconnected!
SECS Emulator v1.5  2001/09/05
HSMS Communication Started!
14:05:02.968: Receive S1F13(0).
00 01 81 0D 00 00 00 00 00 00   01 02 41 0A 47 43 50 2D 37 31   
32 43 52 42 41 05 31 2E 32 36   43 
S1F13 W
<L[2]
  <A[10] "GCP-712CRB">
  <A[5] "1.26C">
>
.
14:05:02.977: Send S1F14(0).
00 01 01 0E 00 00 00 00 00 00   01 02 21 01 00 01 00 
S1F14
<L[2]
  <B[1] 0x00>
  <L[0]
  >
>
.
14:05:02.982: Send S1F17(430629752).
00 01 81 11 00 00 19 AA E3 78 
S1F17 W
.
14:05:03.000: Receive S1F18(430629752).
00 01 01 12 00 00 19 AA E3 78   21 01 02 
S1F18
<B[1] 0x02>
.
14:05:03.009: Receive S6F11(1).
00 01 86 0B 00 00 00 00 00 01   01 03 B1 04 00 00 00 00 B1 04   
00 00 EA 61 01 01 01 02 B1 04   00 00 EA 61 01 02 41 0C 32 30   
30 35 31 32 31 34 30 33 33 35   A9 02 00 05 
S6F11 W
<L[3]
  <U4[1] 0>
  <U4[1] 60001>
  <L[1]
    <L[2]
      <U4[1] 60001>
      <L[2]
        <A[12] "200512140335">
        <U2[1] 5>
      >
    >
  >
>
.
14:05:03.031: Send S6F12(1).
00 01 06 0C 00 00 00 00 00 01   21 01 00 
S6F12
<B[1] 0x00>
.
14:05:03.051: Receive S6F11(2).
00 01 86 0B 00 00 00 00 00 02   01 03 B1 04 00 00 00 00 B1 04   
00 00 EA 63 01 01 01 02 B1 04   00 00 EA 63 01 02 41 0C 32 30   
30 35 31 32 31 34 30 33 33 35   A9 02 00 01 
S6F11 W
<L[3]
  <U4[1] 0>
  <U4[1] 60003>
  <L[1]
    <L[2]
      <U4[1] 60003>
      <L[2]
        <A[12] "200512140335">
        <U2[1] 1>
      >
    >
  >
>
.
14:05:03.084: Send S6F12(2).
00 01 06 0C 00 00 00 00 00 02   21 01 00 
S6F12
<B[1] 0x00>
.
14:05:51.481: Send S2F41(430629755).
00 01 82 29 00 00 19 AA E3 7B   01 02 41 09 50 50 5F 53 45 4C   
45 43 54 01 03 01 02 41 05 4C   4F 54 49 44 41 07 33 33 34 35   
36 37 38 01 02 41 04 50 50 49   44 41 02 4F 4B 01 02 41 03 51   
54 59 41 06 31 32 33 34 35 36 
S2F41 W
<L[2]
  <A[9] "PP_SELECT">
  <L[3]
    <L[2]
      <A[5] "LOTID">
      <A[7] "3345678">
    >
    <L[2]
      <A[4] "PPID">
      <A[2] "OK">
    >
    <L[2]
      <A[3] "QTY">
      <A[6] "123456">
    >
  >
>
.
14:05:55.974: Receive S2F42(430629755).
00 01 02 2A 00 00 19 AA E3 7B   01 01 21 01 02 
S2F42
<L[1]
  <B[1] 0x02>
>
.
14:06:34.911: Send S2F41(430629757).
00 01 82 29 00 00 19 AA E3 7D   01 02 41 09 50 50 5F 53 45 4C   
45 43 54 01 03 01 02 41 05 4C   4F 54 49 44 41 07 33 33 34 35   
36 37 38 01 02 41 04 50 50 49   44 41 02 4F 4B 01 02 41 03 51   
54 59 41 06 31 32 33 34 35 36 
S2F41 W
<L[2]
  <A[9] "PP_SELECT">
  <L[3]
    <L[2]
      <A[5] "LOTID">
      <A[7] "3345678">
    >
    <L[2]
      <A[4] "PPID">
      <A[2] "OK">
    >
    <L[2]
      <A[3] "QTY">
      <A[6] "123456">
    >
  >
>
.
14:06:35.008: Receive S6F11(4).
00 01 86 0B 00 00 00 00 00 04   01 03 B1 04 00 00 00 00 B1 04   
00 00 EA 64 01 01 01 02 B1 04   00 00 EA 64 01 02 41 0C 32 30   
30 35 31 32 31 34 30 35 30 37   41 02 4F 4B 
S6F11 W
<L[3]
  <U4[1] 0>
  <U4[1] 60004>
  <L[1]
    <L[2]
      <U4[1] 60004>
      <L[2]
        <A[12] "200512140507">
        <A[2] "OK">
      >
    >
  >
>
.
14:06:35.038: Send S6F12(4).
00 01 06 0C 00 00 00 00 00 04   21 01 00 
S6F12
<B[1] 0x00>
.
14:06:35.056: Receive S6F11(5).
00 01 86 0B 00 00 00 00 00 05   01 03 B1 04 00 00 00 00 B1 04   
00 00 EA 6D 01 01 01 02 B1 04   00 00 EA 6D 01 04 41 0C 32 30   
30 35 31 32 31 34 30 35 30 37   A9 02 00 01 A9 02 00 01 41 02   
4F 4B 
S6F11 W
<L[3]
  <U4[1] 0>
  <U4[1] 60013>
  <L[1]
    <L[2]
      <U4[1] 60013>
      <L[4]
        <A[12] "200512140507">
        <U2[1] 1>
        <U2[1] 1>
        <A[2] "OK">
      >
    >
  >
>
.
14:06:35.081: Send S6F12(5).
00 01 06 0C 00 00 00 00 00 05   21 01 00 
S6F12
<B[1] 0x00>
.
14:06:38.971: Receive S2F42(430629757).
00 01 02 2A 00 00 19 AA E3 7D   01 01 21 01 00 
S2F42
<L[1]
  <B[1] 0x00>
>
.
14:06:39.953: Receive S6F11(6).
00 01 86 0B 00 00 00 00 00 06   01 03 B1 04 00 00 00 00 B1 04   
00 00 EA 68 01 01 01 02 B1 04   00 00 EA 68 01 02 41 0C 32 30   
30 35 31 32 31 34 30 35 31 32   41 02 4F 4B 
S6F11 W
<L[3]
  <U4[1] 0>
  <U4[1] 60008>
  <L[1]
    <L[2]
      <U4[1] 60008>
      <L[2]
        <A[12] "200512140512">
        <A[2] "OK">
      >
    >
  >
>
.
14:06:39.999: Send S6F12(6).
00 01 06 0C 00 00 00 00 00 06   21 01 00 
S6F12
<B[1] 0x00>
.
14:06:40.034: Receive S6F11(7).
00 01 86 0B 00 00 00 00 00 07   01 03 B1 04 00 00 00 00 B1 04   
00 00 EA 6E 01 01 01 02 B1 04   00 00 EA 6E 01 04 41 0C 32 30   
30 35 31 32 31 34 30 35 31 32   A9 02 00 01 A9 02 00 01 41 02   
4F 4B 
S6F11 W
<L[3]
  <U4[1] 0>
  <U4[1] 60014>
  <L[1]
    <L[2]
      <U4[1] 60014>
      <L[4]
        <A[12] "200512140512">
        <U2[1] 1>
        <U2[1] 1>
        <A[2] "OK">
      >
    >
  >
>
.
14:06:40.103: Send S6F12(7).
00 01 06 0C 00 00 00 00 00 07   21 01 00 
S6F12
<B[1] 0x00>
.
14:07:15.684: Send S2F41(430629763).
00 01 82 29 00 00 19 AA E3 83   01 02 41 09 50 50 5F 53 45 4C   
45 43 54 01 03 01 02 41 05 4C   4F 54 49 44 41 07 33 33 34 35   
36 37 38 01 02 41 04 50 50 49   44 41 02 4F 4B 01 02 41 03 51   
54 59 41 05 35 36 37 38 39 
S2F41 W
<L[2]
  <A[9] "PP_SELECT">
  <L[3]
    <L[2]
      <A[5] "LOTID">
      <A[7] "3345678">
    >
    <L[2]
      <A[4] "PPID">
      <A[2] "OK">
    >
    <L[2]
      <A[3] "QTY">
      <A[5] "56789">
    >
  >
>
.
14:07:15.854: Receive S6F11(9).
00 01 86 0B 00 00 00 00 00 09   01 03 B1 04 00 00 00 00 B1 04   
00 00 EA 64 01 01 01 02 B1 04   00 00 EA 64 01 02 41 0C 32 30   
30 35 31 32 31 34 30 35 34 37   41 02 4F 4B 
S6F11 W
<L[3]
  <U4[1] 0>
  <U4[1] 60004>
  <L[1]
    <L[2]
      <U4[1] 60004>
      <L[2]
        <A[12] "200512140547">
        <A[2] "OK">
      >
    >
  >
>
.
14:07:15.969: Send S6F12(9).
00 01 06 0C 00 00 00 00 00 09   21 01 00 
S6F12
<B[1] 0x00>
.
14:07:16.009: Receive S6F11(10).
00 01 86 0B 00 00 00 00 00 0A   01 03 B1 04 00 00 00 00 B1 04   
00 00 EA 6D 01 01 01 02 B1 04   00 00 EA 6D 01 04 41 0C 32 30   
30 35 31 32 31 34 30 35 34 37   A9 02 00 01 A9 02 00 01 41 02   
4F 4B 
S6F11 W
<L[3]
  <U4[1] 0>
  <U4[1] 60013>
  <L[1]
    <L[2]
      <U4[1] 60013>
      <L[4]
        <A[12] "200512140547">
        <U2[1] 1>
        <U2[1] 1>
        <A[2] "OK">
      >
    >
  >
>
.
14:07:16.153: Send S6F12(10).
00 01 06 0C 00 00 00 00 00 0A   21 01 00 
S6F12
<B[1] 0x00>
.
14:07:19.773: Receive S2F42(430629763).
00 01 02 2A 00 00 19 AA E3 83   01 01 21 01 00 
S2F42
<L[1]
  <B[1] 0x00>
>
.
14:07:20.745: Receive S6F11(11).
00 01 86 0B 00 00 00 00 00 0B   01 03 B1 04 00 00 00 00 B1 04   
00 00 EA 68 01 01 01 02 B1 04   00 00 EA 68 01 02 41 0C 32 30   
30 35 31 32 31 34 30 35 35 32   41 02 4F 4B 
S6F11 W
<L[3]
  <U4[1] 0>
  <U4[1] 60008>
  <L[1]
    <L[2]
      <U4[1] 60008>
      <L[2]
        <A[12] "200512140552">
        <A[2] "OK">
      >
    >
  >
>
.
14:07:20.840: Send S6F12(11).
00 01 06 0C 00 00 00 00 00 0B   21 01 00 
S6F12
<B[1] 0x00>
.
14:07:20.862: Receive S6F11(12).
00 01 86 0B 00 00 00 00 00 0C   01 03 B1 04 00 00 00 00 B1 04   
00 00 EA 6E 01 01 01 02 B1 04   00 00 EA 6E 01 04 41 0C 32 30   
30 35 31 32 31 34 30 35 35 32   A9 02 00 01 A9 02 00 01 41 02   
4F 4B 
S6F11 W
<L[3]
  <U4[1] 0>
  <U4[1] 60014>
  <L[1]
    <L[2]
      <U4[1] 60014>
      <L[4]
        <A[12] "200512140552">
        <U2[1] 1>
        <U2[1] 1>
        <A[2] "OK">
      >
    >
  >
>
.
14:07:20.978: Send S6F12(12).
00 01 06 0C 00 00 00 00 00 0C   21 01 00 
S6F12
<B[1] 0x00>
.
14:07:31.481: Send S1F3(430629768).
00 01 81 03 00 00 19 AA E3 88   01 10 B1 04 00 00 27 17 B1 04   
00 00 27 18 B1 04 00 00 27 19   B1 04 00 00 27 1A B1 04 00 00   
27 1B B1 04 00 00 27 1C B1 04   00 00 27 1D B1 04 00 00 27 1E   
B1 04 00 00 27 1F B1 04 00 00   27 20 B1 04 00 00 27 21 B1 04   
00 00 27 22 B1 04 00 00 EA 61   B1 04 00 00 EA 62 B1 04 00 00   
EA 63 B1 04 00 00 EA 64 
S1F3 W
<L[16]
  <U4[1] 10007>
  <U4[1] 10008>
  <U4[1] 10009>
  <U4[1] 10010>
  <U4[1] 10011>
  <U4[1] 10012>
  <U4[1] 10013>
  <U4[1] 10014>
  <U4[1] 10015>
  <U4[1] 10016>
  <U4[1] 10017>
  <U4[1] 10018>
  <U4[1] 60001>
  <U4[1] 60002>
  <U4[1] 60003>
  <U4[1] 60004>
>
.
14:07:31.626: Receive S1F4(430629768).
00 01 01 04 00 00 19 AA E3 88   01 10 91 04 42 C8 00 00 91 04   
43 02 00 00 91 04 43 16 00 00   91 04 43 16 00 00 91 04 43 16   
00 00 91 04 43 16 00 00 91 04   43 16 00 00 91 04 43 16 00 00   
91 04 43 16 00 00 91 04 43 16   00 00 91 04 43 16 00 00 91 04   
43 16 00 00 41 0C 32 30 30 35   31 32 31 34 30 36 30 33 A9 02   
00 05 A9 02 00 01 A9 02 00 01 
S1F4
<L[16]
  <F4[1] 100>
  <F4[1] 130>
  <F4[1] 150>
  <F4[1] 150>
  <F4[1] 150>
  <F4[1] 150>
  <F4[1] 150>
  <F4[1] 150>
  <F4[1] 150>
  <F4[1] 150>
  <F4[1] 150>
  <F4[1] 150>
  <A[12] "200512140603">
  <U2[1] 5>
  <U2[1] 1>
  <U2[1] 1>
>
.
14:10:23.108: Send S1F3(430629772).
00 01 81 03 00 00 19 AA E3 8C   01 11 B1 04 00 00 27 17 B1 04   
00 00 27 18 B1 04 00 00 27 19   B1 04 00 00 27 1A B1 04 00 00   
27 1B B1 04 00 00 27 1C B1 04   00 00 27 1D B1 04 00 00 27 1E   
B1 04 00 00 27 1F B1 04 00 00   27 20 B1 04 00 00 27 21 B1 04   
00 00 27 22 B1 04 00 00 EA 61   B1 04 00 00 EA 62 B1 04 00 00   
EA 63 B1 04 00 00 EA 64 B1 04   00 00 27 12 
S1F3 W
<L[17]
  <U4[1] 10007>
  <U4[1] 10008>
  <U4[1] 10009>
  <U4[1] 10010>
  <U4[1] 10011>
  <U4[1] 10012>
  <U4[1] 10013>
  <U4[1] 10014>
  <U4[1] 10015>
  <U4[1] 10016>
  <U4[1] 10017>
  <U4[1] 10018>
  <U4[1] 60001>
  <U4[1] 60002>
  <U4[1] 60003>
  <U4[1] 60004>
  <U4[1] 10002>
>
.
14:10:23.260: Receive S1F4(430629772).
00 01 01 04 00 00 19 AA E3 8C   01 11 91 04 42 C8 00 00 91 04   
43 02 00 00 91 04 43 16 00 00   91 04 43 16 00 00 91 04 43 16   
00 00 91 04 43 16 00 00 91 04   43 16 00 00 91 04 43 16 00 00   
91 04 43 16 00 00 91 04 43 16   00 00 91 04 43 16 00 00 91 04   
43 16 00 00 41 0C 32 30 30 35   31 32 31 34 30 38 35 35 A9 02   
00 05 A9 02 00 01 A9 02 00 01   41 07 33 33 34 35 36 37 38 
S1F4
<L[17]
  <F4[1] 100>
  <F4[1] 130>
  <F4[1] 150>
  <F4[1] 150>
  <F4[1] 150>
  <F4[1] 150>
  <F4[1] 150>
  <F4[1] 150>
  <F4[1] 150>
  <F4[1] 150>
  <F4[1] 150>
  <F4[1] 150>
  <A[12] "200512140855">
  <U2[1] 5>
  <U2[1] 1>
  <U2[1] 1>
  <A[7] "3345678">
>
.
14:24:33.356: Receive S5F1(30).
00 01 85 01 00 00 00 00 00 1E   01 03 21 01 80 B1 04 00 00 C3   
D7 41 1C 31 33 34 3A 4D 6F 6E   74 68 20 4D 61 69 6E 74 65 6E   
61 6E 63 65 20 4E 6F 74 69 66   79 
S5F1 W
<L[3]
  <B[1] 0x80>
  <U4[1] 50135>
  <A[28] "134:Month Maintenance Notify">
>
.
14:24:33.399: Send S5F2(30).
00 01 05 02 00 00 00 00 00 1E   21 01 00 
S5F2
<B[1] 0x00>
.
14:24:33.556: Receive S6F11(31).
00 01 86 0B 00 00 00 00 00 1F   01 03 B1 04 00 00 00 00 B1 04   
00 00 EA 62 01 01 01 02 B1 04   00 00 EA 62 01 02 41 0C 32 30   
30 35 31 32 31 34 32 33 30 35   A9 02 00 03 
S6F11 W
<L[3]
  <U4[1] 0>
  <U4[1] 60002>
  <L[1]
    <L[2]
      <U4[1] 60002>
      <L[2]
        <A[12] "200512142305">
        <U2[1] 3>
      >
    >
  >
>
.
14:24:33.606: Send S6F12(31).
00 01 06 0C 00 00 00 00 00 1F   21 01 00 
S6F12
<B[1] 0x00>
.
14:24:38.996: Receive S5F1(32).
00 01 85 01 00 00 00 00 00 20   01 03 21 01 00 B1 04 00 00 C3   
D7 41 1C 31 33 34 3A 4D 6F 6E   74 68 20 4D 61 69 6E 74 65 6E   
61 6E 63 65 20 4E 6F 74 69 66   79 
S5F1 W
<L[3]
  <B[1] 0x00>
  <U4[1] 50135>
  <A[28] "134:Month Maintenance Notify">
>
.
14:24:39.044: Send S5F2(32).
00 01 05 02 00 00 00 00 00 20   21 01 00 
S5F2
<B[1] 0x00>
.
14:24:39.150: Receive S6F11(33).
00 01 86 0B 00 00 00 00 00 21   01 03 B1 04 00 00 00 00 B1 04   
00 00 EA 62 01 01 01 02 B1 04   00 00 EA 62 01 02 41 0C 32 30   
30 35 31 32 31 34 32 33 31 31   A9 02 00 01 
S6F11 W
<L[3]
  <U4[1] 0>
  <U4[1] 60002>
  <L[1]
    <L[2]
      <U4[1] 60002>
      <L[2]
        <A[12] "200512142311">
        <U2[1] 1>
      >
    >
  >
>
.
14:24:39.230: Send S6F12(33).
00 01 06 0C 00 00 00 00 00 21   21 01 00 
S6F12
<B[1] 0x00>
.
15:16:55.157: Receive S6F11(86).
00 01 86 0B 00 00 00 00 00 56   01 03 B1 04 00 00 00 00 B1 04   
00 00 EA 62 01 01 01 02 B1 04   00 00 EA 62 01 02 41 0C 32 30   
30 35 31 32 31 35 31 35 32 37   A9 02 00 02 
S6F11 W
<L[3]
  <U4[1] 0>
  <U4[1] 60002>
  <L[1]
    <L[2]
      <U4[1] 60002>
      <L[2]
        <A[12] "200512151527">
        <U2[1] 2>
      >
    >
  >
>
.
15:16:55.237: Send S6F12(86).
00 01 06 0C 00 00 00 00 00 56   21 01 00 
S6F12
<B[1] 0x00>
.
15:16:59.907: Receive S6F11(87).
00 01 86 0B 00 00 00 00 00 57   01 03 B1 04 00 00 00 00 B1 04   
00 00 EA 63 01 01 01 02 B1 04   00 00 EA 63 01 02 41 0C 32 30   
30 35 31 32 31 35 31 35 33 32   A9 02 00 01 
S6F11 W
<L[3]
  <U4[1] 0>
  <U4[1] 60003>
  <L[1]
    <L[2]
      <U4[1] 60003>
      <L[2]
        <A[12] "200512151532">
        <U2[1] 1>
      >
    >
  >
>
.
15:16:59.960: Send S6F12(87).
00 01 06 0C 00 00 00 00 00 57   21 01 00 
S6F12
<B[1] 0x00>
.
15:16:59.995: Receive S6F11(88).
00 01 86 0B 00 00 00 00 00 58   01 03 B1 04 00 00 00 00 B1 04   
00 00 EA 62 01 01 01 02 B1 04   00 00 EA 62 01 02 41 0C 32 30   
30 35 31 32 31 35 31 35 33 32   A9 02 00 01 
S6F11 W
<L[3]
  <U4[1] 0>
  <U4[1] 60002>
  <L[1]
    <L[2]
      <U4[1] 60002>
      <L[2]
        <A[12] "200512151532">
        <U2[1] 1>
      >
    >
  >
>
.
15:17:00.073: Send S6F12(88).
00 01 06 0C 00 00 00 00 00 58   21 01 00 
S6F12
<B[1] 0x00>
.
15:57:39.766: Receive S6F11(130).
00 01 86 0B 00 00 00 00 00 82   01 03 B1 04 00 00 00 00 B1 04   
00 00 EA 62 01 01 01 02 B1 04   00 00 EA 62 01 02 41 0C 32 30   
30 35 31 32 31 35 35 36 31 32   A9 02 00 02 
S6F11 W
<L[3]
  <U4[1] 0>
  <U4[1] 60002>
  <L[1]
    <L[2]
      <U4[1] 60002>
      <L[2]
        <A[12] "200512155612">
        <U2[1] 2>
      >
    >
  >
>
.
15:57:39.841: Send S6F12(130).
00 01 06 0C 00 00 00 00 00 82   21 01 00 
S6F12
<B[1] 0x00>
.
15:57:39.766: Receive S6F11(130).
HSMS Communication Disconnected!
SECS Emulator v1.5  2001/09/05
HSMS Communication Started!
16:30:35.361: Receive S1F13(0).
00 01 81 0D 00 00 00 00 00 00   01 02 41 0A 47 43 50 2D 37 31   
32 43 52 42 41 05 31 2E 32 36   43 
S1F13 W
<L[2]
  <A[10] "GCP-712CRB">
  <A[5] "1.26C">
>
.
16:30:35.440: Send S1F14(0).
00 01 01 0E 00 00 00 00 00 00   01 02 21 01 00 01 00 
S1F14
<L[2]
  <B[1] 0x00>
  <L[0]
  >
>
.
16:30:35.511: Send S1F17(439311377).
00 01 81 11 00 00 1A 2F 5C 11 
S1F17 W
.
16:30:35.536: Receive S6F11(1).
00 01 86 0B 00 00 00 00 00 01   01 03 B1 04 00 00 00 00 B1 04   
00 00 EA 61 01 01 01 02 B1 04   00 00 EA 61 01 02 41 0C 32 30   
30 35 31 32 31 36 32 39 30 30   A9 02 00 04 
S6F11 W
<L[3]
  <U4[1] 0>
  <U4[1] 60001>
  <L[1]
    <L[2]
      <U4[1] 60001>
      <L[2]
        <A[12] "200512162900">
        <U2[1] 4>
      >
    >
  >
>
.
16:30:35.655: Send S6F12(1).
00 01 06 0C 00 00 00 00 00 01   21 01 00 
S6F12
<B[1] 0x00>
.
16:30:35.693: Receive S1F18(439311377).
00 01 01 12 00 00 1A 2F 5C 11   21 01 02 
S1F18
<B[1] 0x02>
.
16:30:35.729: Receive S6F11(2).
00 01 86 0B 00 00 00 00 00 02   01 03 B1 04 00 00 00 00 B1 04   
00 00 EA 63 01 01 01 02 B1 04   00 00 EA 63 01 02 41 0C 32 30   
30 35 31 32 31 36 32 39 30 30   A9 02 00 01 
S6F11 W
<L[3]
  <U4[1] 0>
  <U4[1] 60003>
  <L[1]
    <L[2]
      <U4[1] 60003>
      <L[2]
        <A[12] "200512162900">
        <U2[1] 1>
      >
    >
  >
>
.
16:30:35.863: Send S6F12(2).
00 01 06 0C 00 00 00 00 00 02   21 01 00 
S6F12
<B[1] 0x00>
.
16:32:04.220: Receive S6F11(5).
00 01 86 0B 00 00 00 00 00 05   01 03 B1 04 00 00 00 00 B1 04   
00 00 EA 61 01 01 01 02 B1 04   00 00 EA 61 01 02 41 0C 32 30   
30 35 31 32 31 36 33 30 32 39   A9 02 00 05 
S6F11 W
<L[3]
  <U4[1] 0>
  <U4[1] 60001>
  <L[1]
    <L[2]
      <U4[1] 60001>
      <L[2]
        <A[12] "200512163029">
        <U2[1] 5>
      >
    >
  >
>
.
16:32:04.365: Send S6F12(5).
00 01 06 0C 00 00 00 00 00 05   21 01 00 
S6F12
<B[1] 0x00>
.
16:32:48.809: Receive S6F11(7).
00 01 86 0B 00 00 00 00 00 07   01 03 B1 04 00 00 00 00 B1 04   
00 00 EA 62 01 01 01 02 B1 04   00 00 EA 62 01 02 41 0C 32 30   
30 35 31 32 31 36 33 31 31 33   A9 02 00 02 
S6F11 W
<L[3]
  <U4[1] 0>
  <U4[1] 60002>
  <L[1]
    <L[2]
      <U4[1] 60002>
      <L[2]
        <A[12] "200512163113">
        <U2[1] 2>
      >
    >
  >
>
.
16:32:48.934: Send S6F12(7).
00 01 06 0C 00 00 00 00 00 07   21 01 00 
S6F12
<B[1] 0x00>
.
16:33:40.662: Send S7F19(439311385).
00 01 87 13 00 00 1A 2F 5C 19 
S7F19 W
.
16:33:40.696: Receive S7F20(439311385).
00 01 07 14 00 00 1A 2F 5C 19   01 05 41 06 54 45 53 54 2D 31   
41 03 35 30 43 41 03 47 50 36   41 02 41 42 41 02 4F 4B 
S7F20
<L[5]
  <A[6] "TEST-1">
  <A[3] "50C">
  <A[3] "GP6">
  <A[2] "AB">
  <A[2] "OK">
>
.
HSMS Communication Disconnected!
SECS Emulator v1.5  2001/09/05
HSMS Communication Started!
16:36:36.943: Receive S1F13(0).
00 01 81 0D 00 00 00 00 00 00   01 02 41 0A 47 43 50 2D 37 31   
32 43 52 42 41 05 31 2E 32 36   43 
S1F13 W
<L[2]
  <A[10] "GCP-712CRB">
  <A[5] "1.26C">
>
.
16:36:36.990: Send S1F14(0).
00 01 01 0E 00 00 00 00 00 00   01 02 21 01 00 01 00 
S1F14
<L[2]
  <B[1] 0x00>
  <L[0]
  >
>
.
16:36:37.042: Send S1F17(439723705).
00 01 81 11 00 00 1A 35 A6 B9 
S1F17 W
.
16:36:37.059: Receive S6F11(1).
00 01 86 0B 00 00 00 00 00 01   01 03 B1 04 00 00 00 00 B1 04   
00 00 EA 61 01 01 01 02 B1 04   00 00 EA 61 01 02 41 0C 32 30   
30 35 31 32 31 36 33 35 30 32   A9 02 00 05 
S6F11 W
<L[3]
  <U4[1] 0>
  <U4[1] 60001>
  <L[1]
    <L[2]
      <U4[1] 60001>
      <L[2]
        <A[12] "200512163502">
        <U2[1] 5>
      >
    >
  >
>
.
16:36:37.149: Send S6F12(1).
00 01 06 0C 00 00 00 00 00 01   21 01 00 
S6F12
<B[1] 0x00>
.
16:36:37.172: Receive S1F18(439723705).
00 01 01 12 00 00 1A 35 A6 B9   21 01 02 
S1F18
<B[1] 0x02>
.
16:36:37.197: Receive S6F11(2).
00 01 86 0B 00 00 00 00 00 02   01 03 B1 04 00 00 00 00 B1 04   
00 00 EA 63 01 01 01 02 B1 04   00 00 EA 63 01 02 41 0C 32 30   
30 35 31 32 31 36 33 35 30 32   A9 02 00 01 
S6F11 W
<L[3]
  <U4[1] 0>
  <U4[1] 60003>
  <L[1]
    <L[2]
      <U4[1] 60003>
      <L[2]
        <A[12] "200512163502">
        <U2[1] 1>
      >
    >
  >
>
.
16:36:37.277: Send S6F12(2).
00 01 06 0C 00 00 00 00 00 02   21 01 00 
S6F12
<B[1] 0x00>
.
16:37:31.091: Receive S6F11(3).
00 01 86 0B 00 00 00 00 00 03   01 03 B1 04 00 00 00 00 B1 04   
00 00 EA 6E 01 01 01 02 B1 04   00 00 EA 6E 01 04 41 0C 32 30   
S6F11 W
<L[3]
  <U4[1] 0>
  <U4[1] 60014>
  <L[1]
    <L[2]
      <U4[1] 60014>
      <L[4]
        <A[12] "200512163556">
        <U2[1] 1>
        <U2[1] 1>
        <A[0] "">
      >
    >
  >
>
.
16:37:31.215: Send S6F12(3).
00 01 06 0C 00 00 00 00 00 03   21 01 00 
S6F12
<B[1] 0x00>
.
HSMS Communication Disconnected!
SECS Emulator v1.5  2001/09/05
HSMS Communication Started!
HSMS Communication Disconnected!
SECS Emulator v1.5  2001/09/05
HSMS Communication Started!
16:42:05.280: Receive S1F13(0).
00 01 81 0D 00 00 00 00 00 00   01 02 41 0A 47 43 50 2D 37 31   
32 43 52 42 41 05 31 2E 32 36   43 
S1F13 W
<L[2]
  <A[10] "GCP-712CRB">
  <A[5] "1.26C">
>
.
16:42:05.328: Send S1F14(0).
00 01 01 0E 00 00 00 00 00 00   01 02 21 01 00 01 00 
S1F14
<L[2]
  <B[1] 0x00>
  <L[0]
  >
>
.
16:42:05.373: Send S1F17(440052048).
00 01 81 11 00 00 1A 3A A9 50 
S1F17 W
.
16:42:05.391: Receive S6F11(1).
00 01 86 0B 00 00 00 00 00 01   01 03 B1 04 00 00 00 00 B1 04   
00 00 EA 61 01 01 01 02 B1 04   00 00 EA 61 01 02 41 0C 32 30   
30 35 31 32 31 36 34 30 33 30   A9 02 00 05 
S6F11 W
<L[3]
  <U4[1] 0>
  <U4[1] 60001>
  <L[1]
    <L[2]
      <U4[1] 60001>
      <L[2]
        <A[12] "200512164030">
        <U2[1] 5>
      >
    >
  >
>
.
16:42:05.479: Send S6F12(1).
00 01 06 0C 00 00 00 00 00 01   21 01 00 
S6F12
<B[1] 0x00>
.
16:42:05.498: Receive S1F18(440052048).
00 01 01 12 00 00 1A 3A A9 50   21 01 02 
S1F18
<B[1] 0x02>
.
16:42:09.263: Receive S5F1(2).
00 01 85 01 00 00 00 00 00 02   01 03 21 01 00 B1 04 00 00 C3   
B5 41 25 31 30 30 3A 4D 61 69   6E 20 43 6F 6E 76 65 79 6F 72   
S5F1 W
<L[3]
  <B[1] 0x00>
  <U4[1] 50101>
  <A[37] "100:Main Conveyor Step Position Error">
>
.
16:42:09.339: Send S5F2(2).
00 01 05 02 00 00 00 00 00 02   21 01 00 
S5F2
<B[1] 0x00>
.
16:42:09.408: Receive S6F11(3).
00 01 86 0B 00 00 00 00 00 03   01 03 B1 04 00 00 00 00 B1 04   
00 00 EA 62 01 01 01 02 B1 04   00 00 EA 62 01 02 41 0C 32 30   
30 35 31 32 31 36 34 30 33 34   A9 02 00 02 
S6F11 W
<L[3]
  <U4[1] 0>
  <U4[1] 60002>
  <L[1]
    <L[2]
      <U4[1] 60002>
      <L[2]
        <A[12] "200512164034">
        <U2[1] 2>
      >
    >
  >
>
.
16:42:09.523: Send S6F12(3).
00 01 06 0C 00 00 00 00 00 03   21 01 00 
S6F12
<B[1] 0x00>
.
16:42:12.748: Receive S6F11(4).
00 01 86 0B 00 00 00 00 00 04   01 03 B1 04 00 00 00 00 B1 04   
00 00 EA 63 01 01 01 02 B1 04   00 00 EA 63 01 02 41 0C 32 30   
30 35 31 32 31 36 34 30 33 37   A9 02 00 01 
S6F11 W
<L[3]
  <U4[1] 0>
  <U4[1] 60003>
  <L[1]
    <L[2]
      <U4[1] 60003>
      <L[2]
        <A[12] "200512164037">
        <U2[1] 1>
      >
    >
  >
>
.
16:42:12.862: Send S6F12(4).
00 01 06 0C 00 00 00 00 00 04   21 01 00 
S6F12
<B[1] 0x00>
.
16:42:12.883: Receive S6F11(5).
00 01 86 0B 00 00 00 00 00 05   01 03 B1 04 00 00 00 00 B1 04   
00 00 EA 62 01 01 01 02 B1 04   00 00 EA 62 01 02 41 0C 32 30   
30 35 31 32 31 36 34 30 33 37   A9 02 00 01 
S6F11 W
<L[3]
  <U4[1] 0>
  <U4[1] 60002>
  <L[1]
    <L[2]
      <U4[1] 60002>
      <L[2]
        <A[12] "200512164037">
        <U2[1] 1>
      >
    >
  >
>
.
16:42:12.963: Send S6F12(5).
00 01 06 0C 00 00 00 00 00 05   21 01 00 
S6F12
<B[1] 0x00>
.
HSMS Communication Disconnected!
SECS Emulator v1.5  2001/09/05
HSMS Communication Started!
16:46:40.112: Receive S1F13(0).
00 01 81 0D 00 00 00 00 00 00   01 02 41 0A 47 43 50 2D 37 31   
32 43 52 42 41 05 31 2E 32 36   43 
S1F13 W
<L[2]
  <A[10] "GCP-712CRB">
  <A[5] "1.26C">
>
.
16:46:40.121: Send S1F14(0).
00 01 01 0E 00 00 00 00 00 00   01 02 21 01 00 01 00 
S1F14
<L[2]
  <B[1] 0x00>
  <L[0]
  >
>
.
16:46:40.127: Send S1F17(440326908).
00 01 81 11 00 00 1A 3E DA FC 
S1F17 W
.
16:46:40.153: Receive S1F18(440326908).
00 01 01 12 00 00 1A 3E DA FC   21 01 02 
S1F18
<B[1] 0x02>
.
16:46:40.164: Receive S6F11(1).
00 01 86 0B 00 00 00 00 00 01   01 03 B1 04 00 00 00 00 B1 04   
00 00 EA 61 01 01 01 02 B1 04   00 00 EA 61 01 02 41 0C 32 30   
30 35 31 32 31 36 34 35 30 34   A9 02 00 04 
S6F11 W
<L[3]
  <U4[1] 0>
  <U4[1] 60001>
  <L[1]
    <L[2]
      <U4[1] 60001>
      <L[2]
        <A[12] "200512164504">
        <U2[1] 4>
      >
    >
  >
>
.
16:46:40.188: Send S6F12(1).
00 01 06 0C 00 00 00 00 00 01   21 01 00 
S6F12
<B[1] 0x00>
.
16:46:50.153: Receive S6F11(2).
00 01 86 0B 00 00 00 00 00 02   01 03 B1 04 00 00 00 00 B1 04   
00 00 EA 6F 01 01 01 02 B1 04   00 00 EA 6F 01 06 41 0C 32 30   
30 35 31 32 31 36 34 35 31 34   A9 02 00 04 A9 02 00 02 A9 02   
00 01 41 00 41 00 
S6F11 W
<L[3]
  <U4[1] 0>
  <U4[1] 60015>
  <L[1]
    <L[2]
      <U4[1] 60015>
      <L[6]
        <A[12] "200512164514">
        <U2[1] 4>
        <U2[1] 2>
        <U2[1] 1>
        <A[0] "">
        <A[0] "">
      >
    >
  >
>
.
16:46:50.208: Send S6F12(2).
00 01 06 0C 00 00 00 00 00 02   21 01 00 
S6F12
<B[1] 0x00>
.
16:46:58.346: Receive S6F11(3).
00 01 86 0B 00 00 00 00 00 03   01 03 B1 04 00 00 00 00 B1 04   
00 00 EA 62 01 01 01 02 B1 04   00 00 EA 62 01 02 41 0C 32 30   
30 35 31 32 31 36 34 35 32 32   A9 02 00 01 
S6F11 W
<L[3]
  <U4[1] 0>
  <U4[1] 60002>
  <L[1]
    <L[2]
      <U4[1] 60002>
      <L[2]
        <A[12] "200512164522">
        <U2[1] 1>
      >
    >
  >
>
.
16:46:58.399: Send S6F12(3).
00 01 06 0C 00 00 00 00 00 03   21 01 00 
S6F12
<B[1] 0x00>
.
16:48:26.351: Receive S6F11(5).
00 01 86 0B 00 00 00 00 00 05   01 03 B1 04 00 00 00 00 B1 04   
00 00 EA 62 01 01 01 02 B1 04   00 00 EA 62 01 02 41 0C 32 30   
30 35 31 32 31 36 34 36 35 30   A9 02 00 02 
S6F11 W
<L[3]
  <U4[1] 0>
  <U4[1] 60002>
  <L[1]
    <L[2]
      <U4[1] 60002>
      <L[2]
        <A[12] "200512164650">
        <U2[1] 2>
      >
    >
  >
>
.
16:48:26.392: Send S6F12(5).
00 01 06 0C 00 00 00 00 00 05   21 01 00 
S6F12
<B[1] 0x00>
.
16:51:29.765: Receive S6F11(9).
00 01 86 0B 00 00 00 00 00 09   01 03 B1 04 00 00 00 00 B1 04   
00 00 EA 6F 01 01 01 02 B1 04   00 00 EA 6F 01 06 41 0C 32 30   
30 35 31 32 31 36 34 39 35 34   A9 02 00 04 A9 02 00 02 A9 02   
00 01 41 02 4F 4B 41 00 
S6F11 W
<L[3]
  <U4[1] 0>
  <U4[1] 60015>
  <L[1]
    <L[2]
      <U4[1] 60015>
      <L[6]
        <A[12] "200512164954">
        <U2[1] 4>
        <U2[1] 2>
        <U2[1] 1>
        <A[2] "OK">
        <A[0] "">
      >
    >
  >
>
.
16:51:29.821: Send S6F12(9).
00 01 06 0C 00 00 00 00 00 09   21 01 00 
S6F12
<B[1] 0x00>
.
16:58:34.880: Receive S6F11(17).
00 01 86 0B 00 00 00 00 00 11   01 03 B1 04 00 00 00 00 B1 04   
00 00 EA 61 01 01 01 02 B1 04   00 00 EA 61 01 02 41 0C 32 30   
30 35 31 32 31 36 35 36 35 39   A9 02 00 05 
S6F11 W
<L[3]
  <U4[1] 0>
  <U4[1] 60001>
  <L[1]
    <L[2]
      <U4[1] 60001>
      <L[2]
        <A[12] "200512165659">
        <U2[1] 5>
      >
    >
  >
>
.
16:58:34.914: Send S6F12(17).
00 01 06 0C 00 00 00 00 00 11   21 01 00 
S6F12
<B[1] 0x00>
.
17:08:05.433: Receive S6F11(28).
00 01 86 0B 00 00 00 00 00 1C   01 03 B1 04 00 00 00 00 B1 04   
00 00 EA 67 01 01 01 02 B1 04   00 00 EA 67 01 02 41 0C 32 30   
30 35 31 32 31 37 30 36 32 39   41 06 54 45 53 54 2D 31 
S6F11 W
<L[3]
  <U4[1] 0>
  <U4[1] 60007>
  <L[1]
    <L[2]
      <U4[1] 60007>
      <L[2]
        <A[12] "200512170629">
        <A[6] "TEST-1">
      >
    >
  >
>
.
17:08:05.484: Send S6F12(28).
00 01 06 0C 00 00 00 00 00 1C   21 01 00 
S6F12
<B[1] 0x00>
.
17:09:55.775: Send S7F19(440326939).
00 01 87 13 00 00 1A 3E DB 1B 
S7F19 W
.
17:09:55.784: Receive S7F20(440326939).
00 01 07 14 00 00 1A 3E DB 1B   01 05 41 06 54 45 53 54 2D 31   
41 03 35 30 43 41 03 47 50 36   41 02 41 42 41 02 4F 4B 
S7F20
<L[5]
  <A[6] "TEST-1">
  <A[3] "50C">
  <A[3] "GP6">
  <A[2] "AB">
  <A[2] "OK">
>
.
17:10:16.778: Send S2F41(440326940).
00 01 82 29 00 00 1A 3E DB 1C   01 02 41 09 50 50 5F 53 45 4C   
45 43 54 01 03 01 02 41 05 4C   4F 54 49 44 41 07 33 33 34 35   
36 37 38 01 02 41 04 50 50 49   44 41 06 54 45 53 54 2D 31 01   
02 41 03 51 54 59 41 05 35 36   37 38 39 
S2F41 W
<L[2]
  <A[9] "PP_SELECT">
  <L[3]
    <L[2]
      <A[5] "LOTID">
      <A[7] "3345678">
    >
    <L[2]
      <A[4] "PPID">
      <A[6] "TEST-1">
    >
    <L[2]
      <A[3] "QTY">
      <A[5] "56789">
    >
  >
>
.
17:10:17.330: Receive S6F11(31).
00 01 86 0B 00 00 00 00 00 1F   01 03 B1 04 00 00 00 00 B1 04   
00 00 EA 6D 01 01 01 02 B1 04   00 00 EA 6D 01 04 41 0C 32 30   
30 35 31 32 31 37 30 38 34 31   A9 02 00 02 A9 02 00 01 41 06   
54 45 53 54 2D 31 
S6F11 W
<L[3]
  <U4[1] 0>
  <U4[1] 60013>
  <L[1]
    <L[2]
      <U4[1] 60013>
      <L[4]
        <A[12] "200512170841">
        <U2[1] 2>
        <U2[1] 1>
        <A[6] "TEST-1">
      >
    >
  >
>
.
17:10:17.375: Send S6F12(31).
00 01 06 0C 00 00 00 00 00 1F   21 01 00 
S6F12
<B[1] 0x00>
.
17:10:21.274: Receive S2F42(440326940).
00 01 02 2A 00 00 1A 3E DB 1C   01 01 21 01 00 
S2F42
<L[1]
  <B[1] 0x00>
>
.
17:10:22.250: Receive S6F11(32).
00 01 86 0B 00 00 00 00 00 20   01 03 B1 04 00 00 00 00 B1 04   
00 00 EA 68 01 01 01 02 B1 04   00 00 EA 68 01 02 41 0C 32 30   
30 35 31 32 31 37 30 38 34 36   41 06 54 45 53 54 2D 31 
S6F11 W
<L[3]
  <U4[1] 0>
  <U4[1] 60008>
  <L[1]
    <L[2]
      <U4[1] 60008>
      <L[2]
        <A[12] "200512170846">
        <A[6] "TEST-1">
      >
    >
  >
>
.
17:10:22.306: Send S6F12(32).
00 01 06 0C 00 00 00 00 00 20   21 01 00 
S6F12
<B[1] 0x00>
.
17:10:22.326: Receive S6F11(33).
00 01 86 0B 00 00 00 00 00 21   01 03 B1 04 00 00 00 00 B1 04   
00 00 EA 6E 01 01 01 02 B1 04   00 00 EA 6E 01 04 41 0C 32 30   
30 35 31 32 31 37 30 38 34 36   A9 02 00 02 A9 02 00 01 41 06   
54 45 53 54 2D 31 
S6F11 W
<L[3]
  <U4[1] 0>
  <U4[1] 60014>
  <L[1]
    <L[2]
      <U4[1] 60014>
      <L[4]
        <A[12] "200512170846">
        <U2[1] 2>
        <U2[1] 1>
        <A[6] "TEST-1">
      >
    >
  >
>
.
17:10:22.365: Send S6F12(33).
00 01 06 0C 00 00 00 00 00 21   21 01 00 
S6F12
<B[1] 0x00>
.
17:11:32.308: Send S2F41(440326945).
00 01 82 29 00 00 1A 3E DB 21   01 02 41 09 50 50 5F 53 45 4C   
45 43 54 01 03 01 02 41 05 4C   4F 54 49 44 41 09 34 33 32 31   
33 32 31 32 31 01 02 41 04 50   50 49 44 41 02 4F 4B 01 02 41   
03 51 54 59 41 06 31 32 33 34   35 36 
S2F41 W
<L[2]
  <A[9] "PP_SELECT">
  <L[3]
    <L[2]
      <A[5] "LOTID">
      <A[9] "432132121">
    >
    <L[2]
      <A[4] "PPID">
      <A[2] "OK">
    >
    <L[2]
      <A[3] "QTY">
      <A[6] "123456">
    >
  >
>
.
17:11:32.436: Receive S6F11(35).
00 01 86 0B 00 00 00 00 00 23   01 03 B1 04 00 00 00 00 B1 04   
00 00 EA 6D 01 01 01 02 B1 04   00 00 EA 6D 01 04 41 0C 32 30   
30 35 31 32 31 37 30 39 35 37   A9 02 00 02 A9 02 00 01 41 02   
4F 4B 
S6F11 W
<L[3]
  <U4[1] 0>
  <U4[1] 60013>
  <L[1]
    <L[2]
      <U4[1] 60013>
      <L[4]
        <A[12] "200512170957">
        <U2[1] 2>
        <U2[1] 1>
        <A[2] "OK">
      >
    >
  >
>
.
17:11:32.480: Send S6F12(35).
00 01 06 0C 00 00 00 00 00 23   21 01 00 
S6F12
<B[1] 0x00>
.
17:11:36.369: Receive S2F42(440326945).
00 01 02 2A 00 00 1A 3E DB 21   01 01 21 01 00 
S2F42
<L[1]
  <B[1] 0x00>
>
.
17:11:37.351: Receive S6F11(36).
00 01 86 0B 00 00 00 00 00 24   01 03 B1 04 00 00 00 00 B1 04   
00 00 EA 68 01 01 01 02 B1 04   00 00 EA 68 01 02 41 0C 32 30   
30 35 31 32 31 37 31 30 30 31   41 02 4F 4B 
S6F11 W
<L[3]
  <U4[1] 0>
  <U4[1] 60008>
  <L[1]
    <L[2]
      <U4[1] 60008>
      <L[2]
        <A[12] "200512171001">
        <A[2] "OK">
      >
    >
  >
>
.
17:11:37.406: Send S6F12(36).
00 01 06 0C 00 00 00 00 00 24   21 01 00 
S6F12
<B[1] 0x00>
.
17:11:37.441: Receive S6F11(37).
00 01 86 0B 00 00 00 00 00 25   01 03 B1 04 00 00 00 00 B1 04   
00 00 EA 6E 01 01 01 02 B1 04   00 00 EA 6E 01 04 41 0C 32 30   
30 35 31 32 31 37 31 30 30 31   A9 02 00 02 A9 02 00 01 41 02   
4F 4B 
S6F11 W
<L[3]
  <U4[1] 0>
  <U4[1] 60014>
  <L[1]
    <L[2]
      <U4[1] 60014>
      <L[4]
        <A[12] "200512171001">
        <U2[1] 2>
        <U2[1] 1>
        <A[2] "OK">
      >
    >
  >
>
.
17:11:37.484: Send S6F12(37).
00 01 06 0C 00 00 00 00 00 25   21 01 00 
S6F12
<B[1] 0x00>
.
HSMS Communication Disconnected!
